d09:39:52.993 [Test worker] DEBUG reactor.util.Loggers$LoggerFactory - Using Slf4j logging framework
o09:39:53.102 [Test worker] INFO reactor.Flux.OnErrorResume.1 - onSubscribe(FluxOnErrorResume.ResumeSubscriber)
R09:39:53.112 [Test worker] INFO reactor.Flux.OnErrorResume.1 - request(unbounded)
N09:39:53.116 [Test worker] INFO reactor.Flux.OnErrorResume.1 - onNext(Spring)
S09:39:53.116 [Test worker] INFO reactor.Flux.OnErrorResume.1 - onNext(Spring Boot)
W09:39:53.117 [Test worker] INFO reactor.Flux.OnErrorResume.1 - onNext(Reactive Spring)
=exception: java.lang.RuntimeException: an exception occurred
I09:39:53.127 [Test worker] INFO reactor.Flux.OnErrorResume.1 - onNext(Y)
I09:39:53.127 [Test worker] INFO reactor.Flux.OnErrorResume.1 - onNext(M)
I09:39:53.128 [Test worker] INFO reactor.Flux.OnErrorResume.1 - onNext(C)
I09:39:53.128 [Test worker] INFO reactor.Flux.OnErrorResume.1 - onNext(A)
L09:39:53.129 [Test worker] INFO reactor.Flux.OnErrorResume.1 - onComplete()
o09:39:53.147 [Test worker] INFO reactor.Flux.OnErrorResume.2 - onSubscribe(FluxOnErrorResume.ResumeSubscriber)
R09:39:53.147 [Test worker] INFO reactor.Flux.OnErrorResume.2 - request(unbounded)
N09:39:53.148 [Test worker] INFO reactor.Flux.OnErrorResume.2 - onNext(Spring)
S09:39:53.148 [Test worker] INFO reactor.Flux.OnErrorResume.2 - onNext(Spring Boot)
W09:39:53.148 [Test worker] INFO reactor.Flux.OnErrorResume.2 - onNext(Reactive Spring)
ö09:39:53.222 [Test worker] ERROR reactor.Flux.OnErrorResume.2 - onError(com.github.felipegutierrez.explore.basics.CustomException: an exception occurred)
A09:39:53.244 [Test worker] ERROR reactor.Flux.OnErrorResume.2 - 
Qcom.github.felipegutierrez.explore.basics.CustomException: an exception occurred
ó	at com.github.felipegutierrez.explore.basics.FluxAndMonoExceptionHandling.lambda$createFluxErrorHandlingOnMap$1(FluxAndMonoExceptionHandling.java:29)
E	at reactor.core.publisher.Flux.lambda$onErrorMap$27(Flux.java:6544)
a	at reactor.core.publisher.FluxOnErrorResume$ResumeSubscriber.onError(FluxOnErrorResume.java:94)
^	at reactor.core.publisher.Operators$MultiSubscriptionSubscriber.onError(Operators.java:2023)
?	at reactor.core.publisher.Operators.error(Operators.java:196)
B	at reactor.core.publisher.FluxError.subscribe(FluxError.java:43)
:	at reactor.core.publisher.Flux.subscribe(Flux.java:8095)
f	at reactor.core.publisher.FluxConcatArray$ConcatArraySubscriber.onComplete(FluxConcatArray.java:208)
N	at reactor.core.publisher.FluxConcatArray.subscribe(FluxConcatArray.java:80)
:	at reactor.core.publisher.Flux.subscribe(Flux.java:8095)
|	at reactor.test.DefaultStepVerifierBuilder$DefaultStepVerifier.toVerifierAndSubscribe(DefaultStepVerifierBuilder.java:868)
l	at reactor.test.DefaultStepVerifierBuilder$DefaultStepVerifier.verify(DefaultStepVerifierBuilder.java:824)
l	at reactor.test.DefaultStepVerifierBuilder$DefaultStepVerifier.verify(DefaultStepVerifierBuilder.java:816)
î	at com.github.felipegutierrez.explore.basics.FluxAndMonoExceptionHandlingTest.testFluxErrorHandlingOnMap(FluxAndMonoExceptionHandlingTest.java:34)
S	at java.base/jdk.internal.reflect.NativeMethodAccessorImpl.invoke0(Native Method)
e	at java.base/jdk.internal.reflect.NativeMethodAccessorImpl.invoke(NativeMethodAccessorImpl.java:62)
m	at java.base/jdk.internal.reflect.DelegatingMethodAccessorImpl.invoke(DelegatingMethodAccessorImpl.java:43)
?	at java.base/java.lang.reflect.Method.invoke(Method.java:566)
[	at org.junit.platform.commons.util.ReflectionUtils.invokeMethod(ReflectionUtils.java:688)
Z	at org.junit.jupiter.engine.execution.MethodInvocation.proceed(MethodInvocation.java:60)
Ñ	at org.junit.jupiter.engine.execution.InvocationInterceptorChain$ValidatingInvocation.proceed(InvocationInterceptorChain.java:131)
]	at org.junit.jupiter.engine.extension.TimeoutExtension.intercept(TimeoutExtension.java:149)
k	at org.junit.jupiter.engine.extension.TimeoutExtension.interceptTestableMethod(TimeoutExtension.java:140)
f	at org.junit.jupiter.engine.extension.TimeoutExtension.interceptTestMethod(TimeoutExtension.java:84)
Ö	at org.junit.jupiter.engine.execution.ExecutableInvoker$ReflectiveInterceptorCall.lambda$ofVoidMethod$0(ExecutableInvoker.java:115)
e	at org.junit.jupiter.engine.execution.ExecutableInvoker.lambda$invoke$0(ExecutableInvoker.java:105)
Ö	at org.junit.jupiter.engine.execution.InvocationInterceptorChain$InterceptedInvocation.proceed(InvocationInterceptorChain.java:106)
n	at org.junit.jupiter.engine.execution.InvocationInterceptorChain.proceed(InvocationInterceptorChain.java:64)
u	at org.junit.jupiter.engine.execution.InvocationInterceptorChain.chainAndInvoke(InvocationInterceptorChain.java:45)
m	at org.junit.jupiter.engine.execution.InvocationInterceptorChain.invoke(InvocationInterceptorChain.java:37)
\	at org.junit.jupiter.engine.execution.ExecutableInvoker.invoke(ExecutableInvoker.java:104)
[	at org.junit.jupiter.engine.execution.ExecutableInvoker.invoke(ExecutableInvoker.java:98)
~	at org.junit.jupiter.engine.descriptor.TestMethodTestDescriptor.lambda$invokeTestMethod$6(TestMethodTestDescriptor.java:210)
j	at org.junit.platform.engine.support.hierarchical.ThrowableCollector.execute(ThrowableCollector.java:73)
u	at org.junit.jupiter.engine.descriptor.TestMethodTestDescriptor.invokeTestMethod(TestMethodTestDescriptor.java:206)
l	at org.junit.jupiter.engine.descriptor.TestMethodTestDescriptor.execute(TestMethodTestDescriptor.java:131)
k	at org.junit.jupiter.engine.descriptor.TestMethodTestDescriptor.execute(TestMethodTestDescriptor.java:65)
s	at org.junit.platform.engine.support.hierarchical.NodeTestTask.lambda$executeRecursively$5(NodeTestTask.java:139)
j	at org.junit.platform.engine.support.hierarchical.ThrowableCollector.execute(ThrowableCollector.java:73)
s	at org.junit.platform.engine.support.hierarchical.NodeTestTask.lambda$executeRecursively$7(NodeTestTask.java:129)
N	at org.junit.platform.engine.support.hierarchical.Node.around(Node.java:137)
s	at org.junit.platform.engine.support.hierarchical.NodeTestTask.lambda$executeRecursively$8(NodeTestTask.java:127)
j	at org.junit.platform.engine.support.hierarchical.ThrowableCollector.execute(ThrowableCollector.java:73)
j	at org.junit.platform.engine.support.hierarchical.NodeTestTask.executeRecursively(NodeTestTask.java:126)
^	at org.junit.platform.engine.support.hierarchical.NodeTestTask.execute(NodeTestTask.java:84)
?	at java.base/java.util.ArrayList.forEach(ArrayList.java:1541)
ö	at org.junit.platform.engine.support.hierarchical.SameThreadHierarchicalTestExecutorService.invokeAll(SameThreadHierarchicalTestExecutorService.java:38)
s	at org.junit.platform.engine.support.hierarchical.NodeTestTask.lambda$executeRecursively$5(NodeTestTask.java:143)
j	at org.junit.platform.engine.support.hierarchical.ThrowableCollector.execute(ThrowableCollector.java:73)
s	at org.junit.platform.engine.support.hierarchical.NodeTestTask.lambda$executeRecursively$7(NodeTestTask.java:129)
N	at org.junit.platform.engine.support.hierarchical.Node.around(Node.java:137)
s	at org.junit.platform.engine.support.hierarchical.NodeTestTask.lambda$executeRecursively$8(NodeTestTask.java:127)
j	at org.junit.platform.engine.support.hierarchical.ThrowableCollector.execute(ThrowableCollector.java:73)
j	at org.junit.platform.engine.support.hierarchical.NodeTestTask.executeRecursively(NodeTestTask.java:126)
^	at org.junit.platform.engine.support.hierarchical.NodeTestTask.execute(NodeTestTask.java:84)
?	at java.base/java.util.ArrayList.forEach(ArrayList.java:1541)
ö	at org.junit.platform.engine.support.hierarchical.SameThreadHierarchicalTestExecutorService.invokeAll(SameThreadHierarchicalTestExecutorService.java:38)
s	at org.junit.platform.engine.support.hierarchical.NodeTestTask.lambda$executeRecursively$5(NodeTestTask.java:143)
j	at org.junit.platform.engine.support.hierarchical.ThrowableCollector.execute(ThrowableCollector.java:73)
s	at org.junit.platform.engine.support.hierarchical.NodeTestTask.lambda$executeRecursively$7(NodeTestTask.java:129)
N	at org.junit.platform.engine.support.hierarchical.Node.around(Node.java:137)
s	at org.junit.platform.engine.support.hierarchical.NodeTestTask.lambda$executeRecursively$8(NodeTestTask.java:127)
j	at org.junit.platform.engine.support.hierarchical.ThrowableCollector.execute(ThrowableCollector.java:73)
j	at org.junit.platform.engine.support.hierarchical.NodeTestTask.executeRecursively(NodeTestTask.java:126)
^	at org.junit.platform.engine.support.hierarchical.NodeTestTask.execute(NodeTestTask.java:84)
ó	at org.junit.platform.engine.support.hierarchical.SameThreadHierarchicalTestExecutorService.submit(SameThreadHierarchicalTestExecutorService.java:32)
v	at org.junit.platform.engine.support.hierarchical.HierarchicalTestExecutor.execute(HierarchicalTestExecutor.java:57)
r	at org.junit.platform.engine.support.hierarchical.HierarchicalTestEngine.execute(HierarchicalTestEngine.java:51)
o	at org.junit.platform.launcher.core.EngineExecutionOrchestrator.execute(EngineExecutionOrchestrator.java:108)
n	at org.junit.platform.launcher.core.EngineExecutionOrchestrator.execute(EngineExecutionOrchestrator.java:88)
w	at org.junit.platform.launcher.core.EngineExecutionOrchestrator.lambda$execute$0(EngineExecutionOrchestrator.java:54)
}	at org.junit.platform.launcher.core.EngineExecutionOrchestrator.withInterceptedStreams(EngineExecutionOrchestrator.java:67)
n	at org.junit.platform.launcher.core.EngineExecutionOrchestrator.execute(EngineExecutionOrchestrator.java:52)
V	at org.junit.platform.launcher.core.DefaultLauncher.execute(DefaultLauncher.java:96)
V	at org.junit.platform.launcher.core.DefaultLauncher.execute(DefaultLauncher.java:75)
µ	at org.gradle.api.internal.tasks.testing.junitplatform.JUnitPlatformTestClassProcessor$CollectAllTestClassesExecutor.processAllTestClasses(JUnitPlatformTestClassProcessor.java:99)
™	at org.gradle.api.internal.tasks.testing.junitplatform.JUnitPlatformTestClassProcessor$CollectAllTestClassesExecutor.access$000(JUnitPlatformTestClassProcessor.java:79)
Ü	at org.gradle.api.internal.tasks.testing.junitplatform.JUnitPlatformTestClassProcessor.stop(JUnitPlatformTestClassProcessor.java:75)
h	at org.gradle.api.internal.tasks.testing.SuiteTestClassProcessor.stop(SuiteTestClassProcessor.java:61)
S	at java.base/jdk.internal.reflect.NativeMethodAccessorImpl.invoke0(Native Method)
e	at java.base/jdk.internal.reflect.NativeMethodAccessorImpl.invoke(NativeMethodAccessorImpl.java:62)
m	at java.base/jdk.internal.reflect.DelegatingMethodAccessorImpl.invoke(DelegatingMethodAccessorImpl.java:43)
?	at java.base/java.lang.reflect.Method.invoke(Method.java:566)
Y	at org.gradle.internal.dispatch.ReflectionDispatch.dispatch(ReflectionDispatch.java:36)
Y	at org.gradle.internal.dispatch.ReflectionDispatch.dispatch(ReflectionDispatch.java:24)
i	at org.gradle.internal.dispatch.ContextClassLoaderDispatch.dispatch(ContextClassLoaderDispatch.java:33)
x	at org.gradle.internal.dispatch.ProxyDispatchAdapter$DispatchingInvocationHandler.invoke(ProxyDispatchAdapter.java:94)
/	at com.sun.proxy.$Proxy5.stop(Unknown Source)
V	at org.gradle.api.internal.tasks.testing.worker.TestWorker.stop(TestWorker.java:133)
S	at java.base/jdk.internal.reflect.NativeMethodAccessorImpl.invoke0(Native Method)
e	at java.base/jdk.internal.reflect.NativeMethodAccessorImpl.invoke(NativeMethodAccessorImpl.java:62)
m	at java.base/jdk.internal.reflect.DelegatingMethodAccessorImpl.invoke(DelegatingMethodAccessorImpl.java:43)
?	at java.base/java.lang.reflect.Method.invoke(Method.java:566)
Y	at org.gradle.internal.dispatch.ReflectionDispatch.dispatch(ReflectionDispatch.java:36)
Y	at org.gradle.internal.dispatch.ReflectionDispatch.dispatch(ReflectionDispatch.java:24)
ë	at org.gradle.internal.remote.internal.hub.MessageHubBackedObjectConnection$DispatchWrapper.dispatch(MessageHubBackedObjectConnection.java:182)
ë	at org.gradle.internal.remote.internal.hub.MessageHubBackedObjectConnection$DispatchWrapper.dispatch(MessageHubBackedObjectConnection.java:164)
X	at org.gradle.internal.remote.internal.hub.MessageHub$Handler.run(MessageHub.java:414)
k	at org.gradle.internal.concurrent.ExecutorPolicy$CatchAndRecordFailures.onExecute(ExecutorPolicy.java:64)
Z	at org.gradle.internal.concurrent.ManagedExecutorImpl$1.run(ManagedExecutorImpl.java:48)
^	at java.base/java.util.concurrent.ThreadPoolExecutor.runWorker(ThreadPoolExecutor.java:1128)
^	at java.base/java.util.concurrent.ThreadPoolExecutor$Worker.run(ThreadPoolExecutor.java:628)
j	at org.gradle.internal.concurrent.ThreadFactoryImpl$ManagedThreadRunnable.run(ThreadFactoryImpl.java:56)
4	at java.base/java.lang.Thread.run(Thread.java:834)
^09:39:53.261 [Test worker] INFO reactor.Flux.Retry.3 - onSubscribe(FluxRetry.RetrySubscriber)
J09:39:53.262 [Test worker] INFO reactor.Flux.Retry.3 - request(unbounded)
F09:39:53.262 [Test worker] INFO reactor.Flux.Retry.3 - onNext(Spring)
K09:39:53.262 [Test worker] INFO reactor.Flux.Retry.3 - onNext(Spring Boot)
O09:39:53.263 [Test worker] INFO reactor.Flux.Retry.3 - onNext(Reactive Spring)
F09:39:53.263 [Test worker] INFO reactor.Flux.Retry.3 - onNext(Spring)
K09:39:53.263 [Test worker] INFO reactor.Flux.Retry.3 - onNext(Spring Boot)
O09:39:53.263 [Test worker] INFO reactor.Flux.Retry.3 - onNext(Reactive Spring)
F09:39:53.264 [Test worker] INFO reactor.Flux.Retry.3 - onNext(Spring)
K09:39:53.264 [Test worker] INFO reactor.Flux.Retry.3 - onNext(Spring Boot)
O09:39:53.264 [Test worker] INFO reactor.Flux.Retry.3 - onNext(Reactive Spring)
í09:39:53.265 [Test worker] ERROR reactor.Flux.Retry.3 - onError(com.github.felipegutierrez.explore.basics.CustomException: an exception occurred)
909:39:53.265 [Test worker] ERROR reactor.Flux.Retry.3 - 
Qcom.github.felipegutierrez.explore.basics.CustomException: an exception occurred
ú	at com.github.felipegutierrez.explore.basics.FluxAndMonoExceptionHandling.lambda$createFluxErrorHandlingOnMapRetry$2(FluxAndMonoExceptionHandling.java:38)
E	at reactor.core.publisher.Flux.lambda$onErrorMap$27(Flux.java:6544)
a	at reactor.core.publisher.FluxOnErrorResume$ResumeSubscriber.onError(FluxOnErrorResume.java:94)
^	at reactor.core.publisher.Operators$MultiSubscriptionSubscriber.onError(Operators.java:2023)
?	at reactor.core.publisher.Operators.error(Operators.java:196)
B	at reactor.core.publisher.FluxError.subscribe(FluxError.java:43)
:	at reactor.core.publisher.Flux.subscribe(Flux.java:8095)
f	at reactor.core.publisher.FluxConcatArray$ConcatArraySubscriber.onComplete(FluxConcatArray.java:208)
N	at reactor.core.publisher.FluxConcatArray.subscribe(FluxConcatArray.java:80)
X	at reactor.core.publisher.InternalFluxOperator.subscribe(InternalFluxOperator.java:62)
U	at reactor.core.publisher.FluxRetry$RetrySubscriber.resubscribe(FluxRetry.java:116)
J	at reactor.core.publisher.FluxRetry.subscribeOrReturn(FluxRetry.java:51)
:	at reactor.core.publisher.Flux.subscribe(Flux.java:8081)
|	at reactor.test.DefaultStepVerifierBuilder$DefaultStepVerifier.toVerifierAndSubscribe(DefaultStepVerifierBuilder.java:868)
l	at reactor.test.DefaultStepVerifierBuilder$DefaultStepVerifier.verify(DefaultStepVerifierBuilder.java:824)
l	at reactor.test.DefaultStepVerifierBuilder$DefaultStepVerifier.verify(DefaultStepVerifierBuilder.java:816)
ù	at com.github.felipegutierrez.explore.basics.FluxAndMonoExceptionHandlingTest.testFluxErrorHandlingOnMapWithRetry(FluxAndMonoExceptionHandlingTest.java:46)
S	at java.base/jdk.internal.reflect.NativeMethodAccessorImpl.invoke0(Native Method)
e	at java.base/jdk.internal.reflect.NativeMethodAccessorImpl.invoke(NativeMethodAccessorImpl.java:62)
m	at java.base/jdk.internal.reflect.DelegatingMethodAccessorImpl.invoke(DelegatingMethodAccessorImpl.java:43)
?	at java.base/java.lang.reflect.Method.invoke(Method.java:566)
[	at org.junit.platform.commons.util.ReflectionUtils.invokeMethod(ReflectionUtils.java:688)
Z	at org.junit.jupiter.engine.execution.MethodInvocation.proceed(MethodInvocation.java:60)
Ñ	at org.junit.jupiter.engine.execution.InvocationInterceptorChain$ValidatingInvocation.proceed(InvocationInterceptorChain.java:131)
]	at org.junit.jupiter.engine.extension.TimeoutExtension.intercept(TimeoutExtension.java:149)
k	at org.junit.jupiter.engine.extension.TimeoutExtension.interceptTestableMethod(TimeoutExtension.java:140)
f	at org.junit.jupiter.engine.extension.TimeoutExtension.interceptTestMethod(TimeoutExtension.java:84)
Ö	at org.junit.jupiter.engine.execution.ExecutableInvoker$ReflectiveInterceptorCall.lambda$ofVoidMethod$0(ExecutableInvoker.java:115)
e	at org.junit.jupiter.engine.execution.ExecutableInvoker.lambda$invoke$0(ExecutableInvoker.java:105)
Ö	at org.junit.jupiter.engine.execution.InvocationInterceptorChain$InterceptedInvocation.proceed(InvocationInterceptorChain.java:106)
n	at org.junit.jupiter.engine.execution.InvocationInterceptorChain.proceed(InvocationInterceptorChain.java:64)
u	at org.junit.jupiter.engine.execution.InvocationInterceptorChain.chainAndInvoke(InvocationInterceptorChain.java:45)
m	at org.junit.jupiter.engine.execution.InvocationInterceptorChain.invoke(InvocationInterceptorChain.java:37)
\	at org.junit.jupiter.engine.execution.ExecutableInvoker.invoke(ExecutableInvoker.java:104)
[	at org.junit.jupiter.engine.execution.ExecutableInvoker.invoke(ExecutableInvoker.java:98)
~	at org.junit.jupiter.engine.descriptor.TestMethodTestDescriptor.lambda$invokeTestMethod$6(TestMethodTestDescriptor.java:210)
j	at org.junit.platform.engine.support.hierarchical.ThrowableCollector.execute(ThrowableCollector.java:73)
u	at org.junit.jupiter.engine.descriptor.TestMethodTestDescriptor.invokeTestMethod(TestMethodTestDescriptor.java:206)
l	at org.junit.jupiter.engine.descriptor.TestMethodTestDescriptor.execute(TestMethodTestDescriptor.java:131)
k	at org.junit.jupiter.engine.descriptor.TestMethodTestDescriptor.execute(TestMethodTestDescriptor.java:65)
s	at org.junit.platform.engine.support.hierarchical.NodeTestTask.lambda$executeRecursively$5(NodeTestTask.java:139)
j	at org.junit.platform.engine.support.hierarchical.ThrowableCollector.execute(ThrowableCollector.java:73)
s	at org.junit.platform.engine.support.hierarchical.NodeTestTask.lambda$executeRecursively$7(NodeTestTask.java:129)
N	at org.junit.platform.engine.support.hierarchical.Node.around(Node.java:137)
s	at org.junit.platform.engine.support.hierarchical.NodeTestTask.lambda$executeRecursively$8(NodeTestTask.java:127)
j	at org.junit.platform.engine.support.hierarchical.ThrowableCollector.execute(ThrowableCollector.java:73)
j	at org.junit.platform.engine.support.hierarchical.NodeTestTask.executeRecursively(NodeTestTask.java:126)
^	at org.junit.platform.engine.support.hierarchical.NodeTestTask.execute(NodeTestTask.java:84)
?	at java.base/java.util.ArrayList.forEach(ArrayList.java:1541)
ö	at org.junit.platform.engine.support.hierarchical.SameThreadHierarchicalTestExecutorService.invokeAll(SameThreadHierarchicalTestExecutorService.java:38)
s	at org.junit.platform.engine.support.hierarchical.NodeTestTask.lambda$executeRecursively$5(NodeTestTask.java:143)
j	at org.junit.platform.engine.support.hierarchical.ThrowableCollector.execute(ThrowableCollector.java:73)
s	at org.junit.platform.engine.support.hierarchical.NodeTestTask.lambda$executeRecursively$7(NodeTestTask.java:129)
N	at org.junit.platform.engine.support.hierarchical.Node.around(Node.java:137)
s	at org.junit.platform.engine.support.hierarchical.NodeTestTask.lambda$executeRecursively$8(NodeTestTask.java:127)
j	at org.junit.platform.engine.support.hierarchical.ThrowableCollector.execute(ThrowableCollector.java:73)
j	at org.junit.platform.engine.support.hierarchical.NodeTestTask.executeRecursively(NodeTestTask.java:126)
^	at org.junit.platform.engine.support.hierarchical.NodeTestTask.execute(NodeTestTask.java:84)
?	at java.base/java.util.ArrayList.forEach(ArrayList.java:1541)
ö	at org.junit.platform.engine.support.hierarchical.SameThreadHierarchicalTestExecutorService.invokeAll(SameThreadHierarchicalTestExecutorService.java:38)
s	at org.junit.platform.engine.support.hierarchical.NodeTestTask.lambda$executeRecursively$5(NodeTestTask.java:143)
j	at org.junit.platform.engine.support.hierarchical.ThrowableCollector.execute(ThrowableCollector.java:73)
s	at org.junit.platform.engine.support.hierarchical.NodeTestTask.lambda$executeRecursively$7(NodeTestTask.java:129)
N	at org.junit.platform.engine.support.hierarchical.Node.around(Node.java:137)
s	at org.junit.platform.engine.support.hierarchical.NodeTestTask.lambda$executeRecursively$8(NodeTestTask.java:127)
j	at org.junit.platform.engine.support.hierarchical.ThrowableCollector.execute(ThrowableCollector.java:73)
j	at org.junit.platform.engine.support.hierarchical.NodeTestTask.executeRecursively(NodeTestTask.java:126)
^	at org.junit.platform.engine.support.hierarchical.NodeTestTask.execute(NodeTestTask.java:84)
ó	at org.junit.platform.engine.support.hierarchical.SameThreadHierarchicalTestExecutorService.submit(SameThreadHierarchicalTestExecutorService.java:32)
v	at org.junit.platform.engine.support.hierarchical.HierarchicalTestExecutor.execute(HierarchicalTestExecutor.java:57)
r	at org.junit.platform.engine.support.hierarchical.HierarchicalTestEngine.execute(HierarchicalTestEngine.java:51)
o	at org.junit.platform.launcher.core.EngineExecutionOrchestrator.execute(EngineExecutionOrchestrator.java:108)
n	at org.junit.platform.launcher.core.EngineExecutionOrchestrator.execute(EngineExecutionOrchestrator.java:88)
w	at org.junit.platform.launcher.core.EngineExecutionOrchestrator.lambda$execute$0(EngineExecutionOrchestrator.java:54)
}	at org.junit.platform.launcher.core.EngineExecutionOrchestrator.withInterceptedStreams(EngineExecutionOrchestrator.java:67)
n	at org.junit.platform.launcher.core.EngineExecutionOrchestrator.execute(EngineExecutionOrchestrator.java:52)
V	at org.junit.platform.launcher.core.DefaultLauncher.execute(DefaultLauncher.java:96)
V	at org.junit.platform.launcher.core.DefaultLauncher.execute(DefaultLauncher.java:75)
µ	at org.gradle.api.internal.tasks.testing.junitplatform.JUnitPlatformTestClassProcessor$CollectAllTestClassesExecutor.processAllTestClasses(JUnitPlatformTestClassProcessor.java:99)
™	at org.gradle.api.internal.tasks.testing.junitplatform.JUnitPlatformTestClassProcessor$CollectAllTestClassesExecutor.access$000(JUnitPlatformTestClassProcessor.java:79)
Ü	at org.gradle.api.internal.tasks.testing.junitplatform.JUnitPlatformTestClassProcessor.stop(JUnitPlatformTestClassProcessor.java:75)
h	at org.gradle.api.internal.tasks.testing.SuiteTestClassProcessor.stop(SuiteTestClassProcessor.java:61)
S	at java.base/jdk.internal.reflect.NativeMethodAccessorImpl.invoke0(Native Method)
e	at java.base/jdk.internal.reflect.NativeMethodAccessorImpl.invoke(NativeMethodAccessorImpl.java:62)
m	at java.base/jdk.internal.reflect.DelegatingMethodAccessorImpl.invoke(DelegatingMethodAccessorImpl.java:43)
?	at java.base/java.lang.reflect.Method.invoke(Method.java:566)
Y	at org.gradle.internal.dispatch.ReflectionDispatch.dispatch(ReflectionDispatch.java:36)
Y	at org.gradle.internal.dispatch.ReflectionDispatch.dispatch(ReflectionDispatch.java:24)
i	at org.gradle.internal.dispatch.ContextClassLoaderDispatch.dispatch(ContextClassLoaderDispatch.java:33)
x	at org.gradle.internal.dispatch.ProxyDispatchAdapter$DispatchingInvocationHandler.invoke(ProxyDispatchAdapter.java:94)
/	at com.sun.proxy.$Proxy5.stop(Unknown Source)
V	at org.gradle.api.internal.tasks.testing.worker.TestWorker.stop(TestWorker.java:133)
S	at java.base/jdk.internal.reflect.NativeMethodAccessorImpl.invoke0(Native Method)
e	at java.base/jdk.internal.reflect.NativeMethodAccessorImpl.invoke(NativeMethodAccessorImpl.java:62)
m	at java.base/jdk.internal.reflect.DelegatingMethodAccessorImpl.invoke(DelegatingMethodAccessorImpl.java:43)
?	at java.base/java.lang.reflect.Method.invoke(Method.java:566)
Y	at org.gradle.internal.dispatch.ReflectionDispatch.dispatch(ReflectionDispatch.java:36)
Y	at org.gradle.internal.dispatch.ReflectionDispatch.dispatch(ReflectionDispatch.java:24)
ë	at org.gradle.internal.remote.internal.hub.MessageHubBackedObjectConnection$DispatchWrapper.dispatch(MessageHubBackedObjectConnection.java:182)
ë	at org.gradle.internal.remote.internal.hub.MessageHubBackedObjectConnection$DispatchWrapper.dispatch(MessageHubBackedObjectConnection.java:164)
X	at org.gradle.internal.remote.internal.hub.MessageHub$Handler.run(MessageHub.java:414)
k	at org.gradle.internal.concurrent.ExecutorPolicy$CatchAndRecordFailures.onExecute(ExecutorPolicy.java:64)
Z	at org.gradle.internal.concurrent.ManagedExecutorImpl$1.run(ManagedExecutorImpl.java:48)
^	at java.base/java.util.concurrent.ThreadPoolExecutor.runWorker(ThreadPoolExecutor.java:1128)
^	at java.base/java.util.concurrent.ThreadPoolExecutor$Worker.run(ThreadPoolExecutor.java:628)
j	at org.gradle.internal.concurrent.ThreadFactoryImpl$ManagedThreadRunnable.run(ThreadFactoryImpl.java:56)
4	at java.base/java.lang.Thread.run(Thread.java:834)
]09:39:53.349 [Test worker] INFO reactor.Flux.RetryWhen.4 - onSubscribe(SerializedSubscriber)
N09:39:53.349 [Test worker] INFO reactor.Flux.RetryWhen.4 - request(unbounded)
J09:39:53.371 [Test worker] INFO reactor.Flux.RetryWhen.4 - onNext(Spring)
O09:39:53.371 [Test worker] INFO reactor.Flux.RetryWhen.4 - onNext(Spring Boot)
S09:39:53.371 [Test worker] INFO reactor.Flux.RetryWhen.4 - onNext(Reactive Spring)
I09:39:55.918 [parallel-1] INFO reactor.Flux.RetryWhen.4 - onNext(Spring)
N09:39:55.919 [parallel-1] INFO reactor.Flux.RetryWhen.4 - onNext(Spring Boot)
R09:39:55.919 [parallel-1] INFO reactor.Flux.RetryWhen.4 - onNext(Reactive Spring)
I09:39:58.487 [parallel-2] INFO reactor.Flux.RetryWhen.4 - onNext(Spring)
N09:39:58.488 [parallel-2] INFO reactor.Flux.RetryWhen.4 - onNext(Spring Boot)
R09:39:58.488 [parallel-2] INFO reactor.Flux.RetryWhen.4 - onNext(Reactive Spring)
å09:39:58.509 [parallel-2] ERROR reactor.Flux.RetryWhen.4 - onError(reactor.core.Exceptions$RetryExhaustedException: Retries exhausted: 2/2)
<09:39:58.509 [parallel-2] ERROR reactor.Flux.RetryWhen.4 - 
Hreactor.core.Exceptions$RetryExhaustedException: Retries exhausted: 2/2
@	at reactor.core.Exceptions.retryExhausted(Exceptions.java:290)
R	at reactor.util.retry.RetryBackoffSpec.lambda$static$0(RetryBackoffSpec.java:67)
^	at reactor.util.retry.RetryBackoffSpec.lambda$generateCompanion$4(RetryBackoffSpec.java:557)
Z	at reactor.core.publisher.FluxConcatMap$ConcatMapImmediate.drain(FluxConcatMap.java:374)
b	at reactor.core.publisher.FluxConcatMap$ConcatMapImmediate.innerComplete(FluxConcatMap.java:295)
[	at reactor.core.publisher.FluxConcatMap$ConcatMapInner.onComplete(FluxConcatMap.java:884)
R	at reactor.core.publisher.Operators$MonoSubscriber.complete(Operators.java:1785)
Q	at reactor.core.publisher.MonoFlatMap$FlatMapInner.onNext(MonoFlatMap.java:249)
R	at reactor.core.publisher.Operators$MonoSubscriber.complete(Operators.java:1784)
X	at reactor.core.publisher.MonoIgnoreThen$ThenIgnoreMain.drain(MonoIgnoreThen.java:148)
L	at reactor.core.publisher.MonoIgnoreThen.subscribe(MonoIgnoreThen.java:56)
P	at reactor.core.publisher.MonoFlatMap$FlatMapMain.onNext(MonoFlatMap.java:157)
R	at reactor.core.publisher.Operators$MonoSubscriber.complete(Operators.java:1784)
Z	at reactor.core.publisher.MonoIgnoreThen$ThenAcceptInner.onNext(MonoIgnoreThen.java:305)
O	at reactor.core.publisher.MonoDelay$MonoDelayRunnable.run(MonoDelay.java:119)
E	at reactor.core.scheduler.SchedulerTask.call(SchedulerTask.java:68)
E	at reactor.core.scheduler.SchedulerTask.call(SchedulerTask.java:28)
G	at java.base/java.util.concurrent.FutureTask.run(FutureTask.java:264)
}	at java.base/java.util.concurrent.ScheduledThreadPoolExecutor$ScheduledFutureTask.run(ScheduledThreadPoolExecutor.java:304)
^	at java.base/java.util.concurrent.ThreadPoolExecutor.runWorker(ThreadPoolExecutor.java:1128)
^	at java.base/java.util.concurrent.ThreadPoolExecutor$Worker.run(ThreadPoolExecutor.java:628)
4	at java.base/java.lang.Thread.run(Thread.java:834)
\Caused by: com.github.felipegutierrez.explore.basics.CustomException: an exception occurred
£	at com.github.felipegutierrez.explore.basics.FluxAndMonoExceptionHandling.lambda$createFluxErrorHandlingOnMapRetryBackoff$3(FluxAndMonoExceptionHandling.java:48)
E	at reactor.core.publisher.Flux.lambda$onErrorMap$27(Flux.java:6544)
a	at reactor.core.publisher.FluxOnErrorResume$ResumeSubscriber.onError(FluxOnErrorResume.java:94)
^	at reactor.core.publisher.Operators$MultiSubscriptionSubscriber.onError(Operators.java:2023)
?	at reactor.core.publisher.Operators.error(Operators.java:196)
B	at reactor.core.publisher.FluxError.subscribe(FluxError.java:43)
:	at reactor.core.publisher.Flux.subscribe(Flux.java:8095)
f	at reactor.core.publisher.FluxConcatArray$ConcatArraySubscriber.onComplete(FluxConcatArray.java:208)
N	at reactor.core.publisher.FluxConcatArray.subscribe(FluxConcatArray.java:80)
X	at reactor.core.publisher.InternalFluxOperator.subscribe(InternalFluxOperator.java:62)
e	at reactor.core.publisher.FluxRetryWhen$RetryWhenMainSubscriber.resubscribe(FluxRetryWhen.java:215)
a	at reactor.core.publisher.FluxRetryWhen$RetryWhenOtherSubscriber.onNext(FluxRetryWhen.java:268)
^	at reactor.core.publisher.FluxConcatMap$ConcatMapImmediate.innerNext(FluxConcatMap.java:281)
W	at reactor.core.publisher.FluxConcatMap$ConcatMapInner.onNext(FluxConcatMap.java:860)
R	at reactor.core.publisher.Operators$MonoSubscriber.complete(Operators.java:1784)
	... 15 common frames omitted
p09:39:58.524 [Test worker] INFO com.github.felipegutierrez.explore.basics.ColdAndHotPublisher - Cold subscriber
m09:39:59.539 [parallel-3] INFO com.github.felipegutierrez.explore.basics.ColdAndHotPublisher - Sub 1: Spring
r09:40:00.541 [parallel-4] INFO com.github.felipegutierrez.explore.basics.ColdAndHotPublisher - Sub 1: Spring Boot
v09:40:01.542 [parallel-1] INFO com.github.felipegutierrez.explore.basics.ColdAndHotPublisher - Sub 1: Reactive Spring
m09:40:02.539 [parallel-2] INFO com.github.felipegutierrez.explore.basics.ColdAndHotPublisher - Sub 2: Spring
m09:40:02.543 [parallel-3] INFO com.github.felipegutierrez.explore.basics.ColdAndHotPublisher - Sub 1: Java 8
r09:40:03.540 [parallel-4] INFO com.github.felipegutierrez.explore.basics.ColdAndHotPublisher - Sub 2: Spring Boot
v09:40:03.545 [parallel-1] INFO com.github.felipegutierrez.explore.basics.ColdAndHotPublisher - Sub 1: Project reactor
v09:40:04.542 [parallel-2] INFO com.github.felipegutierrez.explore.basics.ColdAndHotPublisher - Sub 2: Reactive Spring
y09:40:04.546 [parallel-3] INFO com.github.felipegutierrez.explore.basics.ColdAndHotPublisher - Sub 1: Scala did it first
m09:40:05.543 [parallel-4] INFO com.github.felipegutierrez.explore.basics.ColdAndHotPublisher - Sub 2: Java 8
v09:40:06.544 [parallel-1] INFO com.github.felipegutierrez.explore.basics.ColdAndHotPublisher - Sub 2: Project reactor
y09:40:07.545 [parallel-2] INFO com.github.felipegutierrez.explore.basics.ColdAndHotPublisher - Sub 2: Scala did it first
o09:40:08.612 [Test worker] INFO com.github.felipegutierrez.explore.basics.ColdAndHotPublisher - Hot subscriber
m09:40:09.621 [parallel-3] INFO com.github.felipegutierrez.explore.basics.ColdAndHotPublisher - Sub 1: Spring
r09:40:10.623 [parallel-4] INFO com.github.felipegutierrez.explore.basics.ColdAndHotPublisher - Sub 1: Spring Boot
v09:40:11.626 [parallel-1] INFO com.github.felipegutierrez.explore.basics.ColdAndHotPublisher - Sub 1: Reactive Spring
v09:40:11.628 [parallel-1] INFO com.github.felipegutierrez.explore.basics.ColdAndHotPublisher - Sub 2: Reactive Spring
m09:40:12.629 [parallel-2] INFO com.github.felipegutierrez.explore.basics.ColdAndHotPublisher - Sub 1: Java 8
m09:40:12.630 [parallel-2] INFO com.github.felipegutierrez.explore.basics.ColdAndHotPublisher - Sub 2: Java 8
v09:40:13.632 [parallel-3] INFO com.github.felipegutierrez.explore.basics.ColdAndHotPublisher - Sub 1: Project reactor
v09:40:13.633 [parallel-3] INFO com.github.felipegutierrez.explore.basics.ColdAndHotPublisher - Sub 2: Project reactor
y09:40:14.634 [parallel-4] INFO com.github.felipegutierrez.explore.basics.ColdAndHotPublisher - Sub 1: Scala did it first
y09:40:14.635 [parallel-4] INFO com.github.felipegutierrez.explore.basics.ColdAndHotPublisher - Sub 2: Scala did it first

	i09:40:16.838 [Test worker] INFO reactor.Flux.ConcatMap.5 - onSubscribe(FluxConcatMap.ConcatMapImmediate)

	H09:40:16.838 [Test worker] INFO reactor.Flux.ConcatMap.5 - request(256)

	i09:40:16.849 [parallel-1] INFO reactor.Flux.ConcatMap.5 - onNext(Data(key=0, value=Spring, partition=1))

	E09:40:16.938 [parallel-1] INFO reactor.Flux.ConcatMap.5 - request(1)

	s09:40:16.949 [parallel-2] INFO reactor.Flux.ConcatMap.5 - onNext(Data(key=1, value=java with lambda, partition=2))

	E09:40:16.949 [parallel-2] INFO reactor.Flux.ConcatMap.5 - request(1)

	n09:40:16.960 [parallel-3] INFO reactor.Flux.ConcatMap.5 - onNext(Data(key=2, value=Scala rocks, partition=1))

	n09:40:16.971 [parallel-4] INFO reactor.Flux.ConcatMap.5 - onNext(Data(key=3, value=Scala rocks, partition=1))

	x09:40:16.982 [parallel-1] INFO reactor.Flux.ConcatMap.5 - onNext(Data(key=4, value=reactive programming, partition=-2))

	E09:40:16.982 [parallel-1] INFO reactor.Flux.ConcatMap.5 - request(1)

	i09:40:16.993 [parallel-2] INFO reactor.Flux.ConcatMap.5 - onNext(Data(key=5, value=java 8, partition=2))

	x09:40:17.004 [parallel-3] INFO reactor.Flux.ConcatMap.5 - onNext(Data(key=6, value=reactive programming, partition=-2))

	o09:40:17.014 [parallel-4] INFO reactor.Flux.ConcatMap.5 - onNext(Data(key=7, value=Spring Boot, partition=-2))

	n09:40:17.025 [parallel-1] INFO reactor.Flux.ConcatMap.5 - onNext(Data(key=8, value=Scala rocks, partition=1))

	r09:40:17.036 [parallel-2] INFO reactor.Flux.ConcatMap.5 - onNext(Data(key=9, value=Reactive Spring, partition=2))

	p09:40:17.047 [parallel-3] INFO reactor.Flux.ConcatMap.5 - onNext(Data(key=10, value=Spring Boot, partition=-2))

	j09:40:17.058 [parallel-4] INFO reactor.Flux.ConcatMap.5 - onNext(Data(key=11, value=Spring, partition=1))

	y09:40:17.070 [parallel-1] INFO reactor.Flux.ConcatMap.5 - onNext(Data(key=12, value=reactive programming, partition=-2))

	p09:40:17.081 [parallel-2] INFO reactor.Flux.ConcatMap.5 - onNext(Data(key=13, value=Spring Boot, partition=-2))

	s09:40:17.092 [parallel-3] INFO reactor.Flux.ConcatMap.5 - onNext(Data(key=14, value=Reactive Spring, partition=2))

	j09:40:17.103 [parallel-4] INFO reactor.Flux.ConcatMap.5 - onNext(Data(key=15, value=Spring, partition=1))

	{09:40:17.115 [parallel-1] INFO reactor.Flux.ConcatMap.5 - onNext(Data(key=16, value=but Java is catching up, partition=2))

	{09:40:17.125 [parallel-2] INFO reactor.Flux.ConcatMap.5 - onNext(Data(key=17, value=but Java is catching up, partition=2))

	i09:40:17.136 [parallel-3] INFO reactor.Flux.ConcatMap.5 - onNext(Data(key=18, value=Scala, partition=1))

	{09:40:17.147 [parallel-4] INFO reactor.Flux.ConcatMap.5 - onNext(Data(key=19, value=but Java is catching up, partition=2))

	j09:40:17.157 [parallel-1] INFO reactor.Flux.ConcatMap.5 - onNext(Data(key=20, value=java 8, partition=2))

	{09:40:17.169 [parallel-2] INFO reactor.Flux.ConcatMap.5 - onNext(Data(key=21, value=but Java is catching up, partition=2))

	o09:40:17.180 [parallel-3] INFO reactor.Flux.ConcatMap.5 - onNext(Data(key=22, value=Scala rocks, partition=1))

	y09:40:17.191 [parallel-4] INFO reactor.Flux.ConcatMap.5 - onNext(Data(key=23, value=reactive programming, partition=-2))

	i09:40:17.202 [parallel-1] INFO reactor.Flux.ConcatMap.5 - onNext(Data(key=24, value=Scala, partition=1))

	y09:40:17.212 [parallel-2] INFO reactor.Flux.ConcatMap.5 - onNext(Data(key=25, value=reactive programming, partition=-2))

	y09:40:17.224 [parallel-3] INFO reactor.Flux.ConcatMap.5 - onNext(Data(key=26, value=reactive programming, partition=-2))

	{09:40:17.235 [parallel-4] INFO reactor.Flux.ConcatMap.5 - onNext(Data(key=27, value=but Java is catching up, partition=2))

	t09:40:17.245 [parallel-1] INFO reactor.Flux.ConcatMap.5 - onNext(Data(key=28, value=java with lambda, partition=2))

	j09:40:17.256 [parallel-2] INFO reactor.Flux.ConcatMap.5 - onNext(Data(key=29, value=Spring, partition=1))

	y09:40:17.267 [parallel-3] INFO reactor.Flux.ConcatMap.5 - onNext(Data(key=30, value=reactive programming, partition=-2))

	y09:40:17.278 [parallel-4] INFO reactor.Flux.ConcatMap.5 - onNext(Data(key=31, value=reactive programming, partition=-2))

	o09:40:17.288 [parallel-1] INFO reactor.Flux.ConcatMap.5 - onNext(Data(key=32, value=Scala rocks, partition=1))

	i09:40:17.299 [parallel-2] INFO reactor.Flux.ConcatMap.5 - onNext(Data(key=33, value=Scala, partition=1))

	o09:40:17.310 [parallel-3] INFO reactor.Flux.ConcatMap.5 - onNext(Data(key=34, value=Scala rocks, partition=1))

	y09:40:17.321 [parallel-4] INFO reactor.Flux.ConcatMap.5 - onNext(Data(key=35, value=reactive programming, partition=-2))

	j09:40:17.331 [parallel-1] INFO reactor.Flux.ConcatMap.5 - onNext(Data(key=36, value=Spring, partition=1))

	o09:40:17.342 [parallel-2] INFO reactor.Flux.ConcatMap.5 - onNext(Data(key=37, value=Scala rocks, partition=1))

	o09:40:17.353 [parallel-3] INFO reactor.Flux.ConcatMap.5 - onNext(Data(key=38, value=Scala rocks, partition=1))

	j09:40:17.364 [parallel-4] INFO reactor.Flux.ConcatMap.5 - onNext(Data(key=39, value=java 8, partition=2))

	p09:40:17.374 [parallel-1] INFO reactor.Flux.ConcatMap.5 - onNext(Data(key=40, value=Spring Boot, partition=-2))

	j09:40:17.385 [parallel-2] INFO reactor.Flux.ConcatMap.5 - onNext(Data(key=41, value=java 8, partition=2))

	t09:40:17.396 [parallel-3] INFO reactor.Flux.ConcatMap.5 - onNext(Data(key=42, value=java with lambda, partition=2))

	i09:40:17.407 [parallel-4] INFO reactor.Flux.ConcatMap.5 - onNext(Data(key=43, value=Scala, partition=1))

	s09:40:17.417 [parallel-1] INFO reactor.Flux.ConcatMap.5 - onNext(Data(key=44, value=Reactive Spring, partition=2))

	{09:40:17.428 [parallel-2] INFO reactor.Flux.ConcatMap.5 - onNext(Data(key=45, value=but Java is catching up, partition=2))

	i09:40:17.439 [parallel-3] INFO reactor.Flux.ConcatMap.5 - onNext(Data(key=46, value=Scala, partition=1))

	s09:40:17.450 [parallel-4] INFO reactor.Flux.ConcatMap.5 - onNext(Data(key=47, value=Reactive Spring, partition=2))

	t09:40:17.460 [parallel-1] INFO reactor.Flux.ConcatMap.5 - onNext(Data(key=48, value=java with lambda, partition=2))

	t09:40:17.471 [parallel-2] INFO reactor.Flux.ConcatMap.5 - onNext(Data(key=49, value=java with lambda, partition=2))

	s09:40:17.483 [parallel-3] INFO reactor.Flux.ConcatMap.5 - onNext(Data(key=50, value=Reactive Spring, partition=2))

	o09:40:17.495 [parallel-4] INFO reactor.Flux.ConcatMap.5 - onNext(Data(key=51, value=Scala rocks, partition=1))

	o09:40:17.508 [parallel-1] INFO reactor.Flux.ConcatMap.5 - onNext(Data(key=52, value=Scala rocks, partition=1))

	y09:40:17.519 [parallel-2] INFO reactor.Flux.ConcatMap.5 - onNext(Data(key=53, value=reactive programming, partition=-2))

	y09:40:17.530 [parallel-3] INFO reactor.Flux.ConcatMap.5 - onNext(Data(key=54, value=reactive programming, partition=-2))

	t09:40:17.541 [parallel-4] INFO reactor.Flux.ConcatMap.5 - onNext(Data(key=55, value=java with lambda, partition=2))

	j09:40:17.551 [parallel-1] INFO reactor.Flux.ConcatMap.5 - onNext(Data(key=56, value=java 8, partition=2))

	{09:40:17.562 [parallel-2] INFO reactor.Flux.ConcatMap.5 - onNext(Data(key=57, value=but Java is catching up, partition=2))

	s09:40:17.573 [parallel-3] INFO reactor.Flux.ConcatMap.5 - onNext(Data(key=58, value=Reactive Spring, partition=2))

	o09:40:17.583 [parallel-4] INFO reactor.Flux.ConcatMap.5 - onNext(Data(key=59, value=Scala rocks, partition=1))

	o09:40:17.594 [parallel-1] INFO reactor.Flux.ConcatMap.5 - onNext(Data(key=60, value=Scala rocks, partition=1))

	o09:40:17.604 [parallel-2] INFO reactor.Flux.ConcatMap.5 - onNext(Data(key=61, value=Scala rocks, partition=1))

	o09:40:17.615 [parallel-3] INFO reactor.Flux.ConcatMap.5 - onNext(Data(key=62, value=Scala rocks, partition=1))

	s09:40:17.626 [parallel-4] INFO reactor.Flux.ConcatMap.5 - onNext(Data(key=63, value=Reactive Spring, partition=2))

	t09:40:17.636 [parallel-1] INFO reactor.Flux.ConcatMap.5 - onNext(Data(key=64, value=java with lambda, partition=2))

	s09:40:17.647 [parallel-2] INFO reactor.Flux.ConcatMap.5 - onNext(Data(key=65, value=Reactive Spring, partition=2))

	p09:40:17.658 [parallel-3] INFO reactor.Flux.ConcatMap.5 - onNext(Data(key=66, value=Spring Boot, partition=-2))

	j09:40:17.668 [parallel-4] INFO reactor.Flux.ConcatMap.5 - onNext(Data(key=67, value=Spring, partition=1))

	{09:40:17.679 [parallel-1] INFO reactor.Flux.ConcatMap.5 - onNext(Data(key=68, value=but Java is catching up, partition=2))

	i09:40:17.690 [parallel-2] INFO reactor.Flux.ConcatMap.5 - onNext(Data(key=69, value=Scala, partition=1))

	o09:40:17.700 [parallel-3] INFO reactor.Flux.ConcatMap.5 - onNext(Data(key=70, value=Scala rocks, partition=1))

	y09:40:17.711 [parallel-4] INFO reactor.Flux.ConcatMap.5 - onNext(Data(key=71, value=reactive programming, partition=-2))

	s09:40:17.721 [parallel-1] INFO reactor.Flux.ConcatMap.5 - onNext(Data(key=72, value=Reactive Spring, partition=2))

	{09:40:17.732 [parallel-2] INFO reactor.Flux.ConcatMap.5 - onNext(Data(key=73, value=but Java is catching up, partition=2))

	i09:40:17.742 [parallel-3] INFO reactor.Flux.ConcatMap.5 - onNext(Data(key=74, value=Scala, partition=1))

	{09:40:17.753 [parallel-4] INFO reactor.Flux.ConcatMap.5 - onNext(Data(key=75, value=but Java is catching up, partition=2))

	{09:40:17.764 [parallel-1] INFO reactor.Flux.ConcatMap.5 - onNext(Data(key=76, value=but Java is catching up, partition=2))

	y09:40:17.774 [parallel-2] INFO reactor.Flux.ConcatMap.5 - onNext(Data(key=77, value=reactive programming, partition=-2))

	o09:40:17.785 [parallel-3] INFO reactor.Flux.ConcatMap.5 - onNext(Data(key=78, value=Scala rocks, partition=1))

	j09:40:17.795 [parallel-4] INFO reactor.Flux.ConcatMap.5 - onNext(Data(key=79, value=Spring, partition=1))

	j09:40:17.806 [parallel-1] INFO reactor.Flux.ConcatMap.5 - onNext(Data(key=80, value=Spring, partition=1))

	t09:40:17.817 [parallel-2] INFO reactor.Flux.ConcatMap.5 - onNext(Data(key=81, value=java with lambda, partition=2))

	{09:40:17.827 [parallel-3] INFO reactor.Flux.ConcatMap.5 - onNext(Data(key=82, value=but Java is catching up, partition=2))

	{09:40:17.838 [parallel-4] INFO reactor.Flux.ConcatMap.5 - onNext(Data(key=83, value=but Java is catching up, partition=2))

	i09:40:17.849 [parallel-1] INFO reactor.Flux.ConcatMap.5 - onNext(Data(key=84, value=Scala, partition=1))

	i09:40:17.859 [parallel-2] INFO reactor.Flux.ConcatMap.5 - onNext(Data(key=85, value=Scala, partition=1))

	j09:40:17.870 [parallel-3] INFO reactor.Flux.ConcatMap.5 - onNext(Data(key=86, value=java 8, partition=2))

	j09:40:17.880 [parallel-4] INFO reactor.Flux.ConcatMap.5 - onNext(Data(key=87, value=java 8, partition=2))

	p09:40:17.891 [parallel-1] INFO reactor.Flux.ConcatMap.5 - onNext(Data(key=88, value=Spring Boot, partition=-2))

	{09:40:17.902 [parallel-2] INFO reactor.Flux.ConcatMap.5 - onNext(Data(key=89, value=but Java is catching up, partition=2))

	t09:40:17.912 [parallel-3] INFO reactor.Flux.ConcatMap.5 - onNext(Data(key=90, value=java with lambda, partition=2))

	p09:40:17.924 [parallel-4] INFO reactor.Flux.ConcatMap.5 - onNext(Data(key=91, value=Spring Boot, partition=-2))

	j09:40:17.935 [parallel-1] INFO reactor.Flux.ConcatMap.5 - onNext(Data(key=92, value=java 8, partition=2))

	j09:40:17.945 [parallel-2] INFO reactor.Flux.ConcatMap.5 - onNext(Data(key=93, value=java 8, partition=2))

	o09:40:17.956 [parallel-3] INFO reactor.Flux.ConcatMap.5 - onNext(Data(key=94, value=Scala rocks, partition=1))

	{09:40:17.966 [parallel-4] INFO reactor.Flux.ConcatMap.5 - onNext(Data(key=95, value=but Java is catching up, partition=2))

	t09:40:17.977 [parallel-1] INFO reactor.Flux.ConcatMap.5 - onNext(Data(key=96, value=java with lambda, partition=2))

	i09:40:17.987 [parallel-2] INFO reactor.Flux.ConcatMap.5 - onNext(Data(key=97, value=Scala, partition=1))

	t09:40:17.998 [parallel-3] INFO reactor.Flux.ConcatMap.5 - onNext(Data(key=98, value=java with lambda, partition=2))

	p09:40:18.008 [parallel-4] INFO reactor.Flux.ConcatMap.5 - onNext(Data(key=99, value=Spring Boot, partition=-2))

	G09:40:18.009 [parallel-4] INFO reactor.Flux.ConcatMap.5 - onComplete()

\09:40:18.027 [Test worker] INFO reactor.Flux.Merge.6 - onSubscribe(FluxFlatMap.FlatMapMain)

J09:40:18.027 [Test worker] INFO reactor.Flux.Merge.6 - request(unbounded)

@09:40:19.028 [parallel-2] INFO reactor.Flux.Merge.6 - onNext(D)

@09:40:19.029 [parallel-2] INFO reactor.Flux.Merge.6 - onNext(A)

@09:40:20.028 [parallel-3] INFO reactor.Flux.Merge.6 - onNext(B)

@09:40:20.029 [parallel-4] INFO reactor.Flux.Merge.6 - onNext(E)

@09:40:21.029 [parallel-1] INFO reactor.Flux.Merge.6 - onNext(C)

@09:40:21.030 [parallel-2] INFO reactor.Flux.Merge.6 - onNext(F)

C09:40:21.030 [parallel-2] INFO reactor.Flux.Merge.6 - onComplete()

^09:40:21.042 [Test worker] INFO reactor.Flux.FlatMap.7 - onSubscribe(FluxFlatMap.FlatMapMain)

L09:40:21.042 [Test worker] INFO reactor.Flux.FlatMap.7 - request(unbounded)

G09:40:22.066 [parallel-2] INFO reactor.Flux.FlatMap.7 - onNext(Spring)

e09:40:22.066 [parallel-2] INFO reactor.Flux.FlatMap.7 - onNext(85740481-1a80-4691-be5f-13f660300338)

L09:40:23.067 [parallel-4] INFO reactor.Flux.FlatMap.7 - onNext(Spring Boot)

e09:40:23.067 [parallel-4] INFO reactor.Flux.FlatMap.7 - onNext(0f522369-e442-4149-902d-2b205c83c730)

P09:40:23.067 [parallel-4] INFO reactor.Flux.FlatMap.7 - onNext(Reactive Spring)

e09:40:23.067 [parallel-4] INFO reactor.Flux.FlatMap.7 - onNext(15c6d3b6-6a9d-4c63-b574-0755304882f4)

G09:40:23.067 [parallel-4] INFO reactor.Flux.FlatMap.7 - onNext(java 8)

e09:40:23.068 [parallel-4] INFO reactor.Flux.FlatMap.7 - onNext(f5ea82a0-cd93-4b2e-b54f-e6741655e2f5)

U09:40:23.068 [parallel-4] INFO reactor.Flux.FlatMap.7 - onNext(reactive programming)

e09:40:23.068 [parallel-4] INFO reactor.Flux.FlatMap.7 - onNext(a560a67f-baa9-49a0-8532-56e6bbbf39a1)

Q09:40:23.068 [parallel-4] INFO reactor.Flux.FlatMap.7 - onNext(java with lambda)

e09:40:23.068 [parallel-4] INFO reactor.Flux.FlatMap.7 - onNext(23c4e775-8422-4c46-9230-3782b3033851)

F09:40:23.069 [parallel-4] INFO reactor.Flux.FlatMap.7 - onNext(Scala)

e09:40:23.069 [parallel-4] INFO reactor.Flux.FlatMap.7 - onNext(45be34ba-9c87-4303-9a2e-41c4d7af22b9)

L09:40:23.069 [parallel-4] INFO reactor.Flux.FlatMap.7 - onNext(Scala rocks)

e09:40:23.069 [parallel-4] INFO reactor.Flux.FlatMap.7 - onNext(6f5de029-dedd-45d4-ac9e-2f8c3af7d228)

X09:40:24.067 [parallel-3] INFO reactor.Flux.FlatMap.7 - onNext(but Java is catching up)

e09:40:24.067 [parallel-3] INFO reactor.Flux.FlatMap.7 - onNext(9276327f-dc50-421d-b77c-e8a60164fb05)

E09:40:24.068 [parallel-3] INFO reactor.Flux.FlatMap.7 - onComplete()

p09:40:24.073 [Test worker] INFO reactor.Flux.ConcatArray.8 - onSubscribe(FluxConcatArray.ConcatArraySubscriber)

P09:40:24.073 [Test worker] INFO reactor.Flux.ConcatArray.8 - request(unbounded)

G09:40:24.074 [Test worker] INFO reactor.Flux.ConcatArray.8 - onNext(A)

G09:40:24.074 [Test worker] INFO reactor.Flux.ConcatArray.8 - onNext(B)

G09:40:24.074 [Test worker] INFO reactor.Flux.ConcatArray.8 - onNext(C)

G09:40:24.074 [Test worker] INFO reactor.Flux.ConcatArray.8 - onNext(D)

G09:40:24.074 [Test worker] INFO reactor.Flux.ConcatArray.8 - onNext(E)

G09:40:24.074 [Test worker] INFO reactor.Flux.ConcatArray.8 - onNext(F)

J09:40:24.075 [Test worker] INFO reactor.Flux.ConcatArray.8 - onComplete()

p09:40:24.078 [Test worker] INFO reactor.Flux.ConcatArray.9 - onSubscribe(FluxConcatArray.ConcatArraySubscriber)

P09:40:24.078 [Test worker] INFO reactor.Flux.ConcatArray.9 - request(unbounded)

F09:40:25.079 [parallel-4] INFO reactor.Flux.ConcatArray.9 - onNext(A)

F09:40:26.079 [parallel-1] INFO reactor.Flux.ConcatArray.9 - onNext(B)

F09:40:27.080 [parallel-2] INFO reactor.Flux.ConcatArray.9 - onNext(C)

F09:40:28.081 [parallel-3] INFO reactor.Flux.ConcatArray.9 - onNext(D)

F09:40:29.081 [parallel-4] INFO reactor.Flux.ConcatArray.9 - onNext(E)

F09:40:30.082 [parallel-1] INFO reactor.Flux.ConcatArray.9 - onNext(F)

I09:40:30.082 [parallel-1] INFO reactor.Flux.ConcatArray.9 - onComplete()

j09:40:30.086 [Test worker] INFO reactor.Flux.ConcatMap.10 - onSubscribe(FluxConcatMap.ConcatMapImmediate)

I09:40:30.087 [Test worker] INFO reactor.Flux.ConcatMap.10 - request(256)

o09:40:30.097 [parallel-2] INFO reactor.Flux.ConcatMap.10 - onNext(Data(key=0, value=Scala rocks, partition=0))

F09:40:30.098 [parallel-2] INFO reactor.Flux.ConcatMap.10 - request(1)

j09:40:30.108 [parallel-3] INFO reactor.Flux.ConcatMap.10 - onNext(Data(key=1, value=Spring, partition=1))

F09:40:30.108 [parallel-3] INFO reactor.Flux.ConcatMap.10 - request(1)

s09:40:30.119 [parallel-4] INFO reactor.Flux.ConcatMap.10 - onNext(Data(key=2, value=Reactive Spring, partition=2))

F09:40:30.119 [parallel-4] INFO reactor.Flux.ConcatMap.10 - request(1)

s09:40:30.130 [parallel-1] INFO reactor.Flux.ConcatMap.10 - onNext(Data(key=3, value=Reactive Spring, partition=0))

{09:40:30.140 [parallel-2] INFO reactor.Flux.ConcatMap.10 - onNext(Data(key=4, value=but Java is catching up, partition=1))

o09:40:30.151 [parallel-3] INFO reactor.Flux.ConcatMap.10 - onNext(Data(key=5, value=Spring Boot, partition=2))

x09:40:30.161 [parallel-4] INFO reactor.Flux.ConcatMap.10 - onNext(Data(key=6, value=reactive programming, partition=0))

o09:40:30.177 [parallel-1] INFO reactor.Flux.ConcatMap.10 - onNext(Data(key=7, value=Spring Boot, partition=1))

x09:40:30.190 [parallel-2] INFO reactor.Flux.ConcatMap.10 - onNext(Data(key=8, value=reactive programming, partition=2))

t09:40:30.200 [parallel-3] INFO reactor.Flux.ConcatMap.10 - onNext(Data(key=9, value=java with lambda, partition=0))

p09:40:30.211 [parallel-4] INFO reactor.Flux.ConcatMap.10 - onNext(Data(key=10, value=Scala rocks, partition=1))

k09:40:30.221 [parallel-1] INFO reactor.Flux.ConcatMap.10 - onNext(Data(key=11, value=Spring, partition=2))

k09:40:30.232 [parallel-2] INFO reactor.Flux.ConcatMap.10 - onNext(Data(key=12, value=java 8, partition=0))

j09:40:30.243 [parallel-3] INFO reactor.Flux.ConcatMap.10 - onNext(Data(key=13, value=Scala, partition=1))

|09:40:30.253 [parallel-4] INFO reactor.Flux.ConcatMap.10 - onNext(Data(key=14, value=but Java is catching up, partition=2))

p09:40:30.264 [parallel-1] INFO reactor.Flux.ConcatMap.10 - onNext(Data(key=15, value=Spring Boot, partition=0))

k09:40:30.274 [parallel-2] INFO reactor.Flux.ConcatMap.10 - onNext(Data(key=16, value=Spring, partition=1))

u09:40:30.285 [parallel-3] INFO reactor.Flux.ConcatMap.10 - onNext(Data(key=17, value=java with lambda, partition=2))

t09:40:30.296 [parallel-4] INFO reactor.Flux.ConcatMap.10 - onNext(Data(key=18, value=Reactive Spring, partition=0))

u09:40:30.307 [parallel-1] INFO reactor.Flux.ConcatMap.10 - onNext(Data(key=19, value=java with lambda, partition=1))

|09:40:30.317 [parallel-2] INFO reactor.Flux.ConcatMap.10 - onNext(Data(key=20, value=but Java is catching up, partition=2))

j09:40:30.328 [parallel-3] INFO reactor.Flux.ConcatMap.10 - onNext(Data(key=21, value=Scala, partition=0))

y09:40:30.339 [parallel-4] INFO reactor.Flux.ConcatMap.10 - onNext(Data(key=22, value=reactive programming, partition=1))

k09:40:30.349 [parallel-1] INFO reactor.Flux.ConcatMap.10 - onNext(Data(key=23, value=java 8, partition=2))

k09:40:30.360 [parallel-2] INFO reactor.Flux.ConcatMap.10 - onNext(Data(key=24, value=Spring, partition=0))

y09:40:30.370 [parallel-3] INFO reactor.Flux.ConcatMap.10 - onNext(Data(key=25, value=reactive programming, partition=1))

k09:40:30.381 [parallel-4] INFO reactor.Flux.ConcatMap.10 - onNext(Data(key=26, value=java 8, partition=2))

p09:40:30.392 [parallel-1] INFO reactor.Flux.ConcatMap.10 - onNext(Data(key=27, value=Spring Boot, partition=0))

k09:40:30.402 [parallel-2] INFO reactor.Flux.ConcatMap.10 - onNext(Data(key=28, value=java 8, partition=1))

t09:40:30.413 [parallel-3] INFO reactor.Flux.ConcatMap.10 - onNext(Data(key=29, value=Reactive Spring, partition=2))

p09:40:30.424 [parallel-4] INFO reactor.Flux.ConcatMap.10 - onNext(Data(key=30, value=Spring Boot, partition=0))

k09:40:30.435 [parallel-1] INFO reactor.Flux.ConcatMap.10 - onNext(Data(key=31, value=Spring, partition=1))

p09:40:30.445 [parallel-2] INFO reactor.Flux.ConcatMap.10 - onNext(Data(key=32, value=Scala rocks, partition=2))

k09:40:30.456 [parallel-3] INFO reactor.Flux.ConcatMap.10 - onNext(Data(key=33, value=java 8, partition=0))

k09:40:30.466 [parallel-4] INFO reactor.Flux.ConcatMap.10 - onNext(Data(key=34, value=Spring, partition=1))

y09:40:30.477 [parallel-1] INFO reactor.Flux.ConcatMap.10 - onNext(Data(key=35, value=reactive programming, partition=2))

t09:40:30.488 [parallel-2] INFO reactor.Flux.ConcatMap.10 - onNext(Data(key=36, value=Reactive Spring, partition=0))

k09:40:30.498 [parallel-3] INFO reactor.Flux.ConcatMap.10 - onNext(Data(key=37, value=java 8, partition=1))

y09:40:30.509 [parallel-4] INFO reactor.Flux.ConcatMap.10 - onNext(Data(key=38, value=reactive programming, partition=2))

p09:40:30.519 [parallel-1] INFO reactor.Flux.ConcatMap.10 - onNext(Data(key=39, value=Spring Boot, partition=0))

k09:40:30.530 [parallel-2] INFO reactor.Flux.ConcatMap.10 - onNext(Data(key=40, value=java 8, partition=1))

j09:40:30.540 [parallel-3] INFO reactor.Flux.ConcatMap.10 - onNext(Data(key=41, value=Scala, partition=2))

u09:40:30.551 [parallel-4] INFO reactor.Flux.ConcatMap.10 - onNext(Data(key=42, value=java with lambda, partition=0))

u09:40:30.562 [parallel-1] INFO reactor.Flux.ConcatMap.10 - onNext(Data(key=43, value=java with lambda, partition=1))

u09:40:30.572 [parallel-2] INFO reactor.Flux.ConcatMap.10 - onNext(Data(key=44, value=java with lambda, partition=2))

k09:40:30.583 [parallel-3] INFO reactor.Flux.ConcatMap.10 - onNext(Data(key=45, value=Spring, partition=0))

t09:40:30.593 [parallel-4] INFO reactor.Flux.ConcatMap.10 - onNext(Data(key=46, value=Reactive Spring, partition=1))

p09:40:30.604 [parallel-1] INFO reactor.Flux.ConcatMap.10 - onNext(Data(key=47, value=Spring Boot, partition=2))

p09:40:30.615 [parallel-2] INFO reactor.Flux.ConcatMap.10 - onNext(Data(key=48, value=Spring Boot, partition=0))

k09:40:30.625 [parallel-3] INFO reactor.Flux.ConcatMap.10 - onNext(Data(key=49, value=Spring, partition=1))

j09:40:30.636 [parallel-4] INFO reactor.Flux.ConcatMap.10 - onNext(Data(key=50, value=Scala, partition=2))

k09:40:30.646 [parallel-1] INFO reactor.Flux.ConcatMap.10 - onNext(Data(key=51, value=Spring, partition=0))

y09:40:30.657 [parallel-2] INFO reactor.Flux.ConcatMap.10 - onNext(Data(key=52, value=reactive programming, partition=1))

p09:40:30.667 [parallel-3] INFO reactor.Flux.ConcatMap.10 - onNext(Data(key=53, value=Scala rocks, partition=2))

k09:40:30.678 [parallel-4] INFO reactor.Flux.ConcatMap.10 - onNext(Data(key=54, value=java 8, partition=0))

|09:40:30.688 [parallel-1] INFO reactor.Flux.ConcatMap.10 - onNext(Data(key=55, value=but Java is catching up, partition=1))

t09:40:30.699 [parallel-2] INFO reactor.Flux.ConcatMap.10 - onNext(Data(key=56, value=Reactive Spring, partition=2))

j09:40:30.710 [parallel-3] INFO reactor.Flux.ConcatMap.10 - onNext(Data(key=57, value=Scala, partition=0))

j09:40:30.720 [parallel-4] INFO reactor.Flux.ConcatMap.10 - onNext(Data(key=58, value=Scala, partition=1))

j09:40:30.731 [parallel-1] INFO reactor.Flux.ConcatMap.10 - onNext(Data(key=59, value=Scala, partition=2))

k09:40:30.742 [parallel-2] INFO reactor.Flux.ConcatMap.10 - onNext(Data(key=60, value=Spring, partition=0))

j09:40:30.752 [parallel-3] INFO reactor.Flux.ConcatMap.10 - onNext(Data(key=61, value=Scala, partition=1))

p09:40:30.763 [parallel-4] INFO reactor.Flux.ConcatMap.10 - onNext(Data(key=62, value=Scala rocks, partition=2))

y09:40:30.773 [parallel-1] INFO reactor.Flux.ConcatMap.10 - onNext(Data(key=63, value=reactive programming, partition=0))

y09:40:30.784 [parallel-2] INFO reactor.Flux.ConcatMap.10 - onNext(Data(key=64, value=reactive programming, partition=1))

p09:40:30.794 [parallel-3] INFO reactor.Flux.ConcatMap.10 - onNext(Data(key=65, value=Spring Boot, partition=2))

k09:40:30.805 [parallel-4] INFO reactor.Flux.ConcatMap.10 - onNext(Data(key=66, value=Spring, partition=0))

p09:40:30.815 [parallel-1] INFO reactor.Flux.ConcatMap.10 - onNext(Data(key=67, value=Spring Boot, partition=1))

u09:40:30.826 [parallel-2] INFO reactor.Flux.ConcatMap.10 - onNext(Data(key=68, value=java with lambda, partition=2))

k09:40:30.836 [parallel-3] INFO reactor.Flux.ConcatMap.10 - onNext(Data(key=69, value=Spring, partition=0))

u09:40:30.848 [parallel-4] INFO reactor.Flux.ConcatMap.10 - onNext(Data(key=70, value=java with lambda, partition=1))

k09:40:30.859 [parallel-1] INFO reactor.Flux.ConcatMap.10 - onNext(Data(key=71, value=java 8, partition=2))

k09:40:30.869 [parallel-2] INFO reactor.Flux.ConcatMap.10 - onNext(Data(key=72, value=java 8, partition=0))

|09:40:30.880 [parallel-3] INFO reactor.Flux.ConcatMap.10 - onNext(Data(key=73, value=but Java is catching up, partition=1))

y09:40:30.890 [parallel-4] INFO reactor.Flux.ConcatMap.10 - onNext(Data(key=74, value=reactive programming, partition=2))

k09:40:30.901 [parallel-1] INFO reactor.Flux.ConcatMap.10 - onNext(Data(key=75, value=Spring, partition=0))

k09:40:30.911 [parallel-2] INFO reactor.Flux.ConcatMap.10 - onNext(Data(key=76, value=java 8, partition=1))

p09:40:30.922 [parallel-3] INFO reactor.Flux.ConcatMap.10 - onNext(Data(key=77, value=Scala rocks, partition=2))

|09:40:30.932 [parallel-4] INFO reactor.Flux.ConcatMap.10 - onNext(Data(key=78, value=but Java is catching up, partition=0))

k09:40:30.943 [parallel-1] INFO reactor.Flux.ConcatMap.10 - onNext(Data(key=79, value=java 8, partition=1))

y09:40:30.953 [parallel-2] INFO reactor.Flux.ConcatMap.10 - onNext(Data(key=80, value=reactive programming, partition=2))

p09:40:30.964 [parallel-3] INFO reactor.Flux.ConcatMap.10 - onNext(Data(key=81, value=Spring Boot, partition=0))

y09:40:30.974 [parallel-4] INFO reactor.Flux.ConcatMap.10 - onNext(Data(key=82, value=reactive programming, partition=1))

j09:40:30.985 [parallel-1] INFO reactor.Flux.ConcatMap.10 - onNext(Data(key=83, value=Scala, partition=2))

j09:40:30.995 [parallel-2] INFO reactor.Flux.ConcatMap.10 - onNext(Data(key=84, value=Scala, partition=0))

k09:40:31.006 [parallel-3] INFO reactor.Flux.ConcatMap.10 - onNext(Data(key=85, value=java 8, partition=1))

k09:40:31.016 [parallel-4] INFO reactor.Flux.ConcatMap.10 - onNext(Data(key=86, value=java 8, partition=2))

k09:40:31.027 [parallel-1] INFO reactor.Flux.ConcatMap.10 - onNext(Data(key=87, value=Spring, partition=0))

t09:40:31.037 [parallel-2] INFO reactor.Flux.ConcatMap.10 - onNext(Data(key=88, value=Reactive Spring, partition=1))

k09:40:31.048 [parallel-3] INFO reactor.Flux.ConcatMap.10 - onNext(Data(key=89, value=Spring, partition=2))

k09:40:31.058 [parallel-4] INFO reactor.Flux.ConcatMap.10 - onNext(Data(key=90, value=Spring, partition=0))

k09:40:31.069 [parallel-1] INFO reactor.Flux.ConcatMap.10 - onNext(Data(key=91, value=java 8, partition=1))

|09:40:31.080 [parallel-2] INFO reactor.Flux.ConcatMap.10 - onNext(Data(key=92, value=but Java is catching up, partition=2))

k09:40:31.090 [parallel-3] INFO reactor.Flux.ConcatMap.10 - onNext(Data(key=93, value=java 8, partition=0))

k09:40:31.101 [parallel-4] INFO reactor.Flux.ConcatMap.10 - onNext(Data(key=94, value=java 8, partition=1))

y09:40:31.111 [parallel-1] INFO reactor.Flux.ConcatMap.10 - onNext(Data(key=95, value=reactive programming, partition=2))

y09:40:31.122 [parallel-2] INFO reactor.Flux.ConcatMap.10 - onNext(Data(key=96, value=reactive programming, partition=0))

p09:40:31.132 [parallel-3] INFO reactor.Flux.ConcatMap.10 - onNext(Data(key=97, value=Spring Boot, partition=1))

y09:40:31.143 [parallel-4] INFO reactor.Flux.ConcatMap.10 - onNext(Data(key=98, value=reactive programming, partition=2))

p09:40:31.153 [parallel-1] INFO reactor.Flux.ConcatMap.10 - onNext(Data(key=99, value=Spring Boot, partition=0))

H09:40:31.154 [parallel-1] INFO reactor.Flux.ConcatMap.10 - onComplete()

Z09:40:31.166 [Test worker] INFO reactor.Flux.Zip.11 - onSubscribe(FluxZip.ZipCoordinator)

I09:40:31.167 [Test worker] INFO reactor.Flux.Zip.11 - request(unbounded)

A09:40:31.167 [Test worker] INFO reactor.Flux.Zip.11 - onNext(AD)

A09:40:31.167 [Test worker] INFO reactor.Flux.Zip.11 - onNext(BE)

A09:40:31.167 [Test worker] INFO reactor.Flux.Zip.11 - onNext(CF)

C09:40:31.168 [Test worker] INFO reactor.Flux.Zip.11 - onComplete()

_09:40:31.171 [Test worker] INFO reactor.Flux.FlatMap.12 - onSubscribe(FluxFlatMap.FlatMapMain)

M09:40:31.171 [Test worker] INFO reactor.Flux.FlatMap.12 - request(unbounded)

I09:40:32.172 [Test worker] INFO reactor.Flux.FlatMap.12 - onNext(Spring)

g09:40:32.172 [Test worker] INFO reactor.Flux.FlatMap.12 - onNext(772e355e-a2c5-426e-9210-fa16b3fce0b1)

N09:40:33.173 [Test worker] INFO reactor.Flux.FlatMap.12 - onNext(Spring Boot)

g09:40:33.173 [Test worker] INFO reactor.Flux.FlatMap.12 - onNext(c20bba8a-eca5-4f24-a545-73648c5d9f07)

R09:40:34.174 [Test worker] INFO reactor.Flux.FlatMap.12 - onNext(Reactive Spring)

g09:40:34.175 [Test worker] INFO reactor.Flux.FlatMap.12 - onNext(d3539c4c-d46a-48fa-858c-4f5c29166448)

I09:40:35.176 [Test worker] INFO reactor.Flux.FlatMap.12 - onNext(java 8)

g09:40:35.177 [Test worker] INFO reactor.Flux.FlatMap.12 - onNext(e7fe9e27-e65f-48d3-bade-4ee948d8436f)

W09:40:36.177 [Test worker] INFO reactor.Flux.FlatMap.12 - onNext(reactive programming)

g09:40:36.178 [Test worker] INFO reactor.Flux.FlatMap.12 - onNext(c13daabd-04f3-44f3-bf56-a479acb64a4b)

S09:40:37.179 [Test worker] INFO reactor.Flux.FlatMap.12 - onNext(java with lambda)

g09:40:37.179 [Test worker] INFO reactor.Flux.FlatMap.12 - onNext(dea6034f-a05c-4c85-a6fc-82fc5322871e)

H09:40:38.180 [Test worker] INFO reactor.Flux.FlatMap.12 - onNext(Scala)

g09:40:38.181 [Test worker] INFO reactor.Flux.FlatMap.12 - onNext(3eff8a80-b29a-46ff-b84e-47b9bcfe6798)

N09:40:39.182 [Test worker] INFO reactor.Flux.FlatMap.12 - onNext(Scala rocks)

g09:40:39.183 [Test worker] INFO reactor.Flux.FlatMap.12 - onNext(1b10c624-6477-4fe2-81eb-c778539fc952)

Z09:40:40.184 [Test worker] INFO reactor.Flux.FlatMap.12 - onNext(but Java is catching up)

g09:40:40.184 [Test worker] INFO reactor.Flux.FlatMap.12 - onNext(eba3ef83-6c9a-4117-851f-c5c2c6969351)

G09:40:40.185 [Test worker] INFO reactor.Flux.FlatMap.12 - onComplete()

_09:40:40.193 [Test worker] INFO reactor.Flux.FlatMap.13 - onSubscribe(FluxFlatMap.FlatMapMain)

M09:40:40.194 [Test worker] INFO reactor.Flux.FlatMap.13 - request(unbounded)

H09:40:41.196 [parallel-2] INFO reactor.Flux.FlatMap.13 - onNext(Spring)

f09:40:41.196 [parallel-2] INFO reactor.Flux.FlatMap.13 - onNext(651b7a55-e102-4b48-baf0-07f9fdf3037b)

Q09:40:41.196 [parallel-2] INFO reactor.Flux.FlatMap.13 - onNext(Reactive Spring)

f09:40:41.196 [parallel-2] INFO reactor.Flux.FlatMap.13 - onNext(afb5b5bc-b375-418c-a1ab-8e3911c364c2)

V09:40:41.196 [parallel-2] INFO reactor.Flux.FlatMap.13 - onNext(reactive programming)

f09:40:41.196 [parallel-2] INFO reactor.Flux.FlatMap.13 - onNext(27f3d4d9-d5a2-4754-b8a7-f354573af3fa)

G09:40:41.196 [parallel-2] INFO reactor.Flux.FlatMap.13 - onNext(Scala)

f09:40:41.197 [parallel-2] INFO reactor.Flux.FlatMap.13 - onNext(10ca052e-e308-4190-953b-4cab9fd9fb7f)

H09:40:42.196 [parallel-3] INFO reactor.Flux.FlatMap.13 - onNext(java 8)

f09:40:42.197 [parallel-3] INFO reactor.Flux.FlatMap.13 - onNext(29cc923b-868a-4ddb-832e-22b28f8a92ea)

R09:40:42.197 [parallel-3] INFO reactor.Flux.FlatMap.13 - onNext(java with lambda)

f09:40:42.197 [parallel-3] INFO reactor.Flux.FlatMap.13 - onNext(c33954e5-2e11-48df-aca7-caba9571e86b)

M09:40:42.198 [parallel-3] INFO reactor.Flux.FlatMap.13 - onNext(Scala rocks)

f09:40:42.198 [parallel-3] INFO reactor.Flux.FlatMap.13 - onNext(da5b5564-4011-461b-ad8a-59cead607cde)

M09:40:42.198 [parallel-3] INFO reactor.Flux.FlatMap.13 - onNext(Spring Boot)

f09:40:42.198 [parallel-3] INFO reactor.Flux.FlatMap.13 - onNext(0b6df48a-067f-4acd-9ad0-d8da726e7027)

Y09:40:43.198 [parallel-2] INFO reactor.Flux.FlatMap.13 - onNext(but Java is catching up)

f09:40:43.198 [parallel-2] INFO reactor.Flux.FlatMap.13 - onNext(2865c6e1-1ac8-40fa-92a8-1a1cb24feea6)

F09:40:43.198 [parallel-2] INFO reactor.Flux.FlatMap.13 - onComplete()

]09:40:43.201 [Test worker] INFO reactor.Flux.Merge.14 - onSubscribe(FluxFlatMap.FlatMapMain)

K09:40:43.202 [Test worker] INFO reactor.Flux.Merge.14 - request(unbounded)

B09:40:43.202 [Test worker] INFO reactor.Flux.Merge.14 - onNext(A)

B09:40:43.202 [Test worker] INFO reactor.Flux.Merge.14 - onNext(B)

B09:40:43.202 [Test worker] INFO reactor.Flux.Merge.14 - onNext(C)

B09:40:43.202 [Test worker] INFO reactor.Flux.Merge.14 - onNext(D)

B09:40:43.202 [Test worker] INFO reactor.Flux.Merge.14 - onNext(E)

B09:40:43.202 [Test worker] INFO reactor.Flux.Merge.14 - onNext(F)

E09:40:43.203 [Test worker] INFO reactor.Flux.Merge.14 - onComplete()
á09:40:43.224 [Test worker] INFO reactor.Flux.FilterFuseable.15 - | onSubscribe([Fuseable] FluxFilterFuseable.FilterFuseableSubscriber)
V09:40:43.225 [Test worker] INFO reactor.Flux.FilterFuseable.15 - | request(unbounded)
R09:40:43.225 [Test worker] INFO reactor.Flux.FilterFuseable.15 - | onNext(Spring)
W09:40:43.225 [Test worker] INFO reactor.Flux.FilterFuseable.15 - | onNext(Spring Boot)
[09:40:43.225 [Test worker] INFO reactor.Flux.FilterFuseable.15 - | onNext(Reactive Spring)
P09:40:43.225 [Test worker] INFO reactor.Flux.FilterFuseable.15 - | onComplete()
~09:40:43.233 [Test worker] INFO reactor.Mono.MapFuseable.16 - | onSubscribe([Fuseable] FluxMapFuseable.MapFuseableSubscriber)
S09:40:43.233 [Test worker] INFO reactor.Mono.MapFuseable.16 - | request(unbounded)
P09:40:43.233 [Test worker] INFO reactor.Mono.MapFuseable.16 - | onNext(1234.56)
M09:40:43.233 [Test worker] INFO reactor.Mono.MapFuseable.16 - | onComplete()
~09:40:43.236 [Test worker] INFO reactor.Mono.MapFuseable.17 - | onSubscribe([Fuseable] FluxMapFuseable.MapFuseableSubscriber)
S09:40:43.236 [Test worker] INFO reactor.Mono.MapFuseable.17 - | request(unbounded)
d09:40:43.236 [Test worker] INFO reactor.Mono.MapFuseable.17 - | onNext(Spring Boot Reactive Spring)
M09:40:43.237 [Test worker] INFO reactor.Mono.MapFuseable.17 - | onComplete()
p09:40:43.240 [Test worker] INFO reactor.Flux.OnErrorResume.18 - onSubscribe(FluxOnErrorResume.ResumeSubscriber)
S09:40:43.240 [Test worker] INFO reactor.Flux.OnErrorResume.18 - request(unbounded)
J09:40:43.241 [Test worker] INFO reactor.Flux.OnErrorResume.18 - onNext(1)
M09:40:43.241 [Test worker] INFO reactor.Flux.OnErrorResume.18 - onNext(1234)
M09:40:43.242 [Test worker] INFO reactor.Flux.OnErrorResume.18 - onNext(7654)
K09:40:43.242 [Test worker] INFO reactor.Flux.OnErrorResume.18 - onNext(34)
M09:40:43.242 [Test worker] INFO reactor.Flux.OnErrorResume.18 - onComplete()
p09:40:43.245 [Test worker] INFO reactor.Flux.OnErrorResume.19 - onSubscribe(FluxOnErrorResume.ResumeSubscriber)
S09:40:43.245 [Test worker] INFO reactor.Flux.OnErrorResume.19 - request(unbounded)
L09:40:43.245 [Test worker] INFO reactor.Flux.OnErrorResume.19 - onNext(1.0)
P09:40:43.246 [Test worker] INFO reactor.Flux.OnErrorResume.19 - onNext(1234.45)
O09:40:43.246 [Test worker] INFO reactor.Flux.OnErrorResume.19 - onNext(7654.0)
O09:40:43.246 [Test worker] INFO reactor.Flux.OnErrorResume.19 - onNext(34.999)
M09:40:43.246 [Test worker] INFO reactor.Flux.OnErrorResume.19 - onComplete()
p09:40:43.249 [Test worker] INFO reactor.Flux.OnErrorResume.20 - onSubscribe(FluxOnErrorResume.ResumeSubscriber)
S09:40:43.249 [Test worker] INFO reactor.Flux.OnErrorResume.20 - request(unbounded)
L09:40:43.250 [Test worker] INFO reactor.Flux.OnErrorResume.20 - onNext(1.0)
P09:40:43.250 [Test worker] INFO reactor.Flux.OnErrorResume.20 - onNext(1234.45)
£09:40:43.250 [Test worker] WARN com.github.felipegutierrez.explore.basics.FluxAndMonoGeneric - an error occurred but I will make sure that this flux completes: {}
:java.lang.NumberFormatException: For input string: "765a"
`	at java.base/jdk.internal.math.FloatingDecimal.readJavaFormatString(FloatingDecimal.java:2054)
V	at java.base/jdk.internal.math.FloatingDecimal.parseDouble(FloatingDecimal.java:110)
<	at java.base/java.lang.Double.parseDouble(Double.java:543)
b	at reactor.core.publisher.FluxMapFuseable$MapFuseableSubscriber.onNext(FluxMapFuseable.java:113)
]	at reactor.core.publisher.FluxIterable$IterableSubscription.fastPath(FluxIterable.java:338)
\	at reactor.core.publisher.FluxIterable$IterableSubscription.request(FluxIterable.java:225)
c	at reactor.core.publisher.FluxMapFuseable$MapFuseableSubscriber.request(FluxMapFuseable.java:169)
Z	at reactor.core.publisher.Operators$MultiSubscriptionSubscriber.set(Operators.java:2154)
e	at reactor.core.publisher.FluxOnErrorResume$ResumeSubscriber.onSubscribe(FluxOnErrorResume.java:74)
f	at reactor.core.publisher.FluxMapFuseable$MapFuseableSubscriber.onSubscribe(FluxMapFuseable.java:96)
I	at reactor.core.publisher.FluxIterable.subscribe(FluxIterable.java:164)
H	at reactor.core.publisher.FluxIterable.subscribe(FluxIterable.java:86)
:	at reactor.core.publisher.Flux.subscribe(Flux.java:8095)
|	at reactor.test.DefaultStepVerifierBuilder$DefaultStepVerifier.toVerifierAndSubscribe(DefaultStepVerifierBuilder.java:868)
l	at reactor.test.DefaultStepVerifierBuilder$DefaultStepVerifier.verify(DefaultStepVerifierBuilder.java:824)
l	at reactor.test.DefaultStepVerifierBuilder$DefaultStepVerifier.verify(DefaultStepVerifierBuilder.java:816)
`	at reactor.test.DefaultStepVerifierBuilder.verifyComplete(DefaultStepVerifierBuilder.java:683)
é	at com.github.felipegutierrez.explore.basics.FluxAndMonoGenericTest.testCreateGenericFluxWithDoubleWithError(FluxAndMonoGenericTest.java:91)
S	at java.base/jdk.internal.reflect.NativeMethodAccessorImpl.invoke0(Native Method)
e	at java.base/jdk.internal.reflect.NativeMethodAccessorImpl.invoke(NativeMethodAccessorImpl.java:62)
m	at java.base/jdk.internal.reflect.DelegatingMethodAccessorImpl.invoke(DelegatingMethodAccessorImpl.java:43)
?	at java.base/java.lang.reflect.Method.invoke(Method.java:566)
[	at org.junit.platform.commons.util.ReflectionUtils.invokeMethod(ReflectionUtils.java:688)
Z	at org.junit.jupiter.engine.execution.MethodInvocation.proceed(MethodInvocation.java:60)
Ñ	at org.junit.jupiter.engine.execution.InvocationInterceptorChain$ValidatingInvocation.proceed(InvocationInterceptorChain.java:131)
]	at org.junit.jupiter.engine.extension.TimeoutExtension.intercept(TimeoutExtension.java:149)
k	at org.junit.jupiter.engine.extension.TimeoutExtension.interceptTestableMethod(TimeoutExtension.java:140)
f	at org.junit.jupiter.engine.extension.TimeoutExtension.interceptTestMethod(TimeoutExtension.java:84)
Ö	at org.junit.jupiter.engine.execution.ExecutableInvoker$ReflectiveInterceptorCall.lambda$ofVoidMethod$0(ExecutableInvoker.java:115)
e	at org.junit.jupiter.engine.execution.ExecutableInvoker.lambda$invoke$0(ExecutableInvoker.java:105)
Ö	at org.junit.jupiter.engine.execution.InvocationInterceptorChain$InterceptedInvocation.proceed(InvocationInterceptorChain.java:106)
n	at org.junit.jupiter.engine.execution.InvocationInterceptorChain.proceed(InvocationInterceptorChain.java:64)
u	at org.junit.jupiter.engine.execution.InvocationInterceptorChain.chainAndInvoke(InvocationInterceptorChain.java:45)
m	at org.junit.jupiter.engine.execution.InvocationInterceptorChain.invoke(InvocationInterceptorChain.java:37)
\	at org.junit.jupiter.engine.execution.ExecutableInvoker.invoke(ExecutableInvoker.java:104)
[	at org.junit.jupiter.engine.execution.ExecutableInvoker.invoke(ExecutableInvoker.java:98)
~	at org.junit.jupiter.engine.descriptor.TestMethodTestDescriptor.lambda$invokeTestMethod$6(TestMethodTestDescriptor.java:210)
j	at org.junit.platform.engine.support.hierarchical.ThrowableCollector.execute(ThrowableCollector.java:73)
u	at org.junit.jupiter.engine.descriptor.TestMethodTestDescriptor.invokeTestMethod(TestMethodTestDescriptor.java:206)
l	at org.junit.jupiter.engine.descriptor.TestMethodTestDescriptor.execute(TestMethodTestDescriptor.java:131)
k	at org.junit.jupiter.engine.descriptor.TestMethodTestDescriptor.execute(TestMethodTestDescriptor.java:65)
s	at org.junit.platform.engine.support.hierarchical.NodeTestTask.lambda$executeRecursively$5(NodeTestTask.java:139)
j	at org.junit.platform.engine.support.hierarchical.ThrowableCollector.execute(ThrowableCollector.java:73)
s	at org.junit.platform.engine.support.hierarchical.NodeTestTask.lambda$executeRecursively$7(NodeTestTask.java:129)
N	at org.junit.platform.engine.support.hierarchical.Node.around(Node.java:137)
s	at org.junit.platform.engine.support.hierarchical.NodeTestTask.lambda$executeRecursively$8(NodeTestTask.java:127)
j	at org.junit.platform.engine.support.hierarchical.ThrowableCollector.execute(ThrowableCollector.java:73)
j	at org.junit.platform.engine.support.hierarchical.NodeTestTask.executeRecursively(NodeTestTask.java:126)
^	at org.junit.platform.engine.support.hierarchical.NodeTestTask.execute(NodeTestTask.java:84)
?	at java.base/java.util.ArrayList.forEach(ArrayList.java:1541)
ö	at org.junit.platform.engine.support.hierarchical.SameThreadHierarchicalTestExecutorService.invokeAll(SameThreadHierarchicalTestExecutorService.java:38)
s	at org.junit.platform.engine.support.hierarchical.NodeTestTask.lambda$executeRecursively$5(NodeTestTask.java:143)
j	at org.junit.platform.engine.support.hierarchical.ThrowableCollector.execute(ThrowableCollector.java:73)
s	at org.junit.platform.engine.support.hierarchical.NodeTestTask.lambda$executeRecursively$7(NodeTestTask.java:129)
N	at org.junit.platform.engine.support.hierarchical.Node.around(Node.java:137)
s	at org.junit.platform.engine.support.hierarchical.NodeTestTask.lambda$executeRecursively$8(NodeTestTask.java:127)
j	at org.junit.platform.engine.support.hierarchical.ThrowableCollector.execute(ThrowableCollector.java:73)
j	at org.junit.platform.engine.support.hierarchical.NodeTestTask.executeRecursively(NodeTestTask.java:126)
^	at org.junit.platform.engine.support.hierarchical.NodeTestTask.execute(NodeTestTask.java:84)
?	at java.base/java.util.ArrayList.forEach(ArrayList.java:1541)
ö	at org.junit.platform.engine.support.hierarchical.SameThreadHierarchicalTestExecutorService.invokeAll(SameThreadHierarchicalTestExecutorService.java:38)
s	at org.junit.platform.engine.support.hierarchical.NodeTestTask.lambda$executeRecursively$5(NodeTestTask.java:143)
j	at org.junit.platform.engine.support.hierarchical.ThrowableCollector.execute(ThrowableCollector.java:73)
s	at org.junit.platform.engine.support.hierarchical.NodeTestTask.lambda$executeRecursively$7(NodeTestTask.java:129)
N	at org.junit.platform.engine.support.hierarchical.Node.around(Node.java:137)
s	at org.junit.platform.engine.support.hierarchical.NodeTestTask.lambda$executeRecursively$8(NodeTestTask.java:127)
j	at org.junit.platform.engine.support.hierarchical.ThrowableCollector.execute(ThrowableCollector.java:73)
j	at org.junit.platform.engine.support.hierarchical.NodeTestTask.executeRecursively(NodeTestTask.java:126)
^	at org.junit.platform.engine.support.hierarchical.NodeTestTask.execute(NodeTestTask.java:84)
ó	at org.junit.platform.engine.support.hierarchical.SameThreadHierarchicalTestExecutorService.submit(SameThreadHierarchicalTestExecutorService.java:32)
v	at org.junit.platform.engine.support.hierarchical.HierarchicalTestExecutor.execute(HierarchicalTestExecutor.java:57)
r	at org.junit.platform.engine.support.hierarchical.HierarchicalTestEngine.execute(HierarchicalTestEngine.java:51)
o	at org.junit.platform.launcher.core.EngineExecutionOrchestrator.execute(EngineExecutionOrchestrator.java:108)
n	at org.junit.platform.launcher.core.EngineExecutionOrchestrator.execute(EngineExecutionOrchestrator.java:88)
w	at org.junit.platform.launcher.core.EngineExecutionOrchestrator.lambda$execute$0(EngineExecutionOrchestrator.java:54)
}	at org.junit.platform.launcher.core.EngineExecutionOrchestrator.withInterceptedStreams(EngineExecutionOrchestrator.java:67)
n	at org.junit.platform.launcher.core.EngineExecutionOrchestrator.execute(EngineExecutionOrchestrator.java:52)
V	at org.junit.platform.launcher.core.DefaultLauncher.execute(DefaultLauncher.java:96)
V	at org.junit.platform.launcher.core.DefaultLauncher.execute(DefaultLauncher.java:75)
µ	at org.gradle.api.internal.tasks.testing.junitplatform.JUnitPlatformTestClassProcessor$CollectAllTestClassesExecutor.processAllTestClasses(JUnitPlatformTestClassProcessor.java:99)
™	at org.gradle.api.internal.tasks.testing.junitplatform.JUnitPlatformTestClassProcessor$CollectAllTestClassesExecutor.access$000(JUnitPlatformTestClassProcessor.java:79)
Ü	at org.gradle.api.internal.tasks.testing.junitplatform.JUnitPlatformTestClassProcessor.stop(JUnitPlatformTestClassProcessor.java:75)
h	at org.gradle.api.internal.tasks.testing.SuiteTestClassProcessor.stop(SuiteTestClassProcessor.java:61)
S	at java.base/jdk.internal.reflect.NativeMethodAccessorImpl.invoke0(Native Method)
e	at java.base/jdk.internal.reflect.NativeMethodAccessorImpl.invoke(NativeMethodAccessorImpl.java:62)
m	at java.base/jdk.internal.reflect.DelegatingMethodAccessorImpl.invoke(DelegatingMethodAccessorImpl.java:43)
?	at java.base/java.lang.reflect.Method.invoke(Method.java:566)
Y	at org.gradle.internal.dispatch.ReflectionDispatch.dispatch(ReflectionDispatch.java:36)
Y	at org.gradle.internal.dispatch.ReflectionDispatch.dispatch(ReflectionDispatch.java:24)
i	at org.gradle.internal.dispatch.ContextClassLoaderDispatch.dispatch(ContextClassLoaderDispatch.java:33)
x	at org.gradle.internal.dispatch.ProxyDispatchAdapter$DispatchingInvocationHandler.invoke(ProxyDispatchAdapter.java:94)
/	at com.sun.proxy.$Proxy5.stop(Unknown Source)
V	at org.gradle.api.internal.tasks.testing.worker.TestWorker.stop(TestWorker.java:133)
S	at java.base/jdk.internal.reflect.NativeMethodAccessorImpl.invoke0(Native Method)
e	at java.base/jdk.internal.reflect.NativeMethodAccessorImpl.invoke(NativeMethodAccessorImpl.java:62)
m	at java.base/jdk.internal.reflect.DelegatingMethodAccessorImpl.invoke(DelegatingMethodAccessorImpl.java:43)
?	at java.base/java.lang.reflect.Method.invoke(Method.java:566)
Y	at org.gradle.internal.dispatch.ReflectionDispatch.dispatch(ReflectionDispatch.java:36)
Y	at org.gradle.internal.dispatch.ReflectionDispatch.dispatch(ReflectionDispatch.java:24)
ë	at org.gradle.internal.remote.internal.hub.MessageHubBackedObjectConnection$DispatchWrapper.dispatch(MessageHubBackedObjectConnection.java:182)
ë	at org.gradle.internal.remote.internal.hub.MessageHubBackedObjectConnection$DispatchWrapper.dispatch(MessageHubBackedObjectConnection.java:164)
X	at org.gradle.internal.remote.internal.hub.MessageHub$Handler.run(MessageHub.java:414)
k	at org.gradle.internal.concurrent.ExecutorPolicy$CatchAndRecordFailures.onExecute(ExecutorPolicy.java:64)
Z	at org.gradle.internal.concurrent.ManagedExecutorImpl$1.run(ManagedExecutorImpl.java:48)
^	at java.base/java.util.concurrent.ThreadPoolExecutor.runWorker(ThreadPoolExecutor.java:1128)
^	at java.base/java.util.concurrent.ThreadPoolExecutor$Worker.run(ThreadPoolExecutor.java:628)
j	at org.gradle.internal.concurrent.ThreadFactoryImpl$ManagedThreadRunnable.run(ThreadFactoryImpl.java:56)
4	at java.base/java.lang.Thread.run(Thread.java:834)
L09:40:43.253 [Test worker] INFO reactor.Flux.OnErrorResume.20 - onNext(8.0)
M09:40:43.253 [Test worker] INFO reactor.Flux.OnErrorResume.20 - onNext(42.5)
M09:40:43.253 [Test worker] INFO reactor.Flux.OnErrorResume.20 - onComplete()
p09:40:43.256 [Test worker] INFO reactor.Flux.OnErrorResume.21 - onSubscribe(FluxOnErrorResume.ResumeSubscriber)
S09:40:43.256 [Test worker] INFO reactor.Flux.OnErrorResume.21 - request(unbounded)
O09:40:43.256 [Test worker] INFO reactor.Flux.OnErrorResume.21 - onNext(Spring)
T09:40:43.256 [Test worker] INFO reactor.Flux.OnErrorResume.21 - onNext(Spring Boot)
X09:40:43.256 [Test worker] INFO reactor.Flux.OnErrorResume.21 - onNext(Reactive Spring)
M09:40:43.257 [Test worker] INFO reactor.Flux.OnErrorResume.21 - onComplete()
~09:40:43.260 [Test worker] INFO reactor.Mono.MapFuseable.22 - | onSubscribe([Fuseable] FluxMapFuseable.MapFuseableSubscriber)
S09:40:43.260 [Test worker] INFO reactor.Mono.MapFuseable.22 - | request(unbounded)
M09:40:43.260 [Test worker] INFO reactor.Mono.MapFuseable.22 - | onNext(1234)
M09:40:43.260 [Test worker] INFO reactor.Mono.MapFuseable.22 - | onComplete()
p09:40:43.263 [Test worker] INFO reactor.Flux.OnErrorResume.23 - onSubscribe(FluxOnErrorResume.ResumeSubscriber)
S09:40:43.263 [Test worker] INFO reactor.Flux.OnErrorResume.23 - request(unbounded)
J09:40:43.263 [Test worker] INFO reactor.Flux.OnErrorResume.23 - onNext(1)
M09:40:43.263 [Test worker] INFO reactor.Flux.OnErrorResume.23 - onNext(1234)
£09:40:43.264 [Test worker] WARN com.github.felipegutierrez.explore.basics.FluxAndMonoGeneric - an error occurred but I will make sure that this flux completes: {}
:java.lang.NumberFormatException: For input string: "765a"
\	at java.base/java.lang.NumberFormatException.forInputString(NumberFormatException.java:65)
;	at java.base/java.lang.Integer.parseInt(Integer.java:652)
;	at java.base/java.lang.Integer.parseInt(Integer.java:770)
b	at reactor.core.publisher.FluxMapFuseable$MapFuseableSubscriber.onNext(FluxMapFuseable.java:113)
]	at reactor.core.publisher.FluxIterable$IterableSubscription.fastPath(FluxIterable.java:338)
\	at reactor.core.publisher.FluxIterable$IterableSubscription.request(FluxIterable.java:225)
c	at reactor.core.publisher.FluxMapFuseable$MapFuseableSubscriber.request(FluxMapFuseable.java:169)
Z	at reactor.core.publisher.Operators$MultiSubscriptionSubscriber.set(Operators.java:2154)
e	at reactor.core.publisher.FluxOnErrorResume$ResumeSubscriber.onSubscribe(FluxOnErrorResume.java:74)
f	at reactor.core.publisher.FluxMapFuseable$MapFuseableSubscriber.onSubscribe(FluxMapFuseable.java:96)
I	at reactor.core.publisher.FluxIterable.subscribe(FluxIterable.java:164)
H	at reactor.core.publisher.FluxIterable.subscribe(FluxIterable.java:86)
:	at reactor.core.publisher.Flux.subscribe(Flux.java:8095)
|	at reactor.test.DefaultStepVerifierBuilder$DefaultStepVerifier.toVerifierAndSubscribe(DefaultStepVerifierBuilder.java:868)
l	at reactor.test.DefaultStepVerifierBuilder$DefaultStepVerifier.verify(DefaultStepVerifierBuilder.java:824)
l	at reactor.test.DefaultStepVerifierBuilder$DefaultStepVerifier.verify(DefaultStepVerifierBuilder.java:816)
`	at reactor.test.DefaultStepVerifierBuilder.verifyComplete(DefaultStepVerifierBuilder.java:683)
é	at com.github.felipegutierrez.explore.basics.FluxAndMonoGenericTest.testCreateGenericFluxWithIntegerAndError(FluxAndMonoGenericTest.java:57)
S	at java.base/jdk.internal.reflect.NativeMethodAccessorImpl.invoke0(Native Method)
e	at java.base/jdk.internal.reflect.NativeMethodAccessorImpl.invoke(NativeMethodAccessorImpl.java:62)
m	at java.base/jdk.internal.reflect.DelegatingMethodAccessorImpl.invoke(DelegatingMethodAccessorImpl.java:43)
?	at java.base/java.lang.reflect.Method.invoke(Method.java:566)
[	at org.junit.platform.commons.util.ReflectionUtils.invokeMethod(ReflectionUtils.java:688)
Z	at org.junit.jupiter.engine.execution.MethodInvocation.proceed(MethodInvocation.java:60)
Ñ	at org.junit.jupiter.engine.execution.InvocationInterceptorChain$ValidatingInvocation.proceed(InvocationInterceptorChain.java:131)
]	at org.junit.jupiter.engine.extension.TimeoutExtension.intercept(TimeoutExtension.java:149)
k	at org.junit.jupiter.engine.extension.TimeoutExtension.interceptTestableMethod(TimeoutExtension.java:140)
f	at org.junit.jupiter.engine.extension.TimeoutExtension.interceptTestMethod(TimeoutExtension.java:84)
Ö	at org.junit.jupiter.engine.execution.ExecutableInvoker$ReflectiveInterceptorCall.lambda$ofVoidMethod$0(ExecutableInvoker.java:115)
e	at org.junit.jupiter.engine.execution.ExecutableInvoker.lambda$invoke$0(ExecutableInvoker.java:105)
Ö	at org.junit.jupiter.engine.execution.InvocationInterceptorChain$InterceptedInvocation.proceed(InvocationInterceptorChain.java:106)
n	at org.junit.jupiter.engine.execution.InvocationInterceptorChain.proceed(InvocationInterceptorChain.java:64)
u	at org.junit.jupiter.engine.execution.InvocationInterceptorChain.chainAndInvoke(InvocationInterceptorChain.java:45)
m	at org.junit.jupiter.engine.execution.InvocationInterceptorChain.invoke(InvocationInterceptorChain.java:37)
\	at org.junit.jupiter.engine.execution.ExecutableInvoker.invoke(ExecutableInvoker.java:104)
[	at org.junit.jupiter.engine.execution.ExecutableInvoker.invoke(ExecutableInvoker.java:98)
~	at org.junit.jupiter.engine.descriptor.TestMethodTestDescriptor.lambda$invokeTestMethod$6(TestMethodTestDescriptor.java:210)
j	at org.junit.platform.engine.support.hierarchical.ThrowableCollector.execute(ThrowableCollector.java:73)
u	at org.junit.jupiter.engine.descriptor.TestMethodTestDescriptor.invokeTestMethod(TestMethodTestDescriptor.java:206)
l	at org.junit.jupiter.engine.descriptor.TestMethodTestDescriptor.execute(TestMethodTestDescriptor.java:131)
k	at org.junit.jupiter.engine.descriptor.TestMethodTestDescriptor.execute(TestMethodTestDescriptor.java:65)
s	at org.junit.platform.engine.support.hierarchical.NodeTestTask.lambda$executeRecursively$5(NodeTestTask.java:139)
j	at org.junit.platform.engine.support.hierarchical.ThrowableCollector.execute(ThrowableCollector.java:73)
s	at org.junit.platform.engine.support.hierarchical.NodeTestTask.lambda$executeRecursively$7(NodeTestTask.java:129)
N	at org.junit.platform.engine.support.hierarchical.Node.around(Node.java:137)
s	at org.junit.platform.engine.support.hierarchical.NodeTestTask.lambda$executeRecursively$8(NodeTestTask.java:127)
j	at org.junit.platform.engine.support.hierarchical.ThrowableCollector.execute(ThrowableCollector.java:73)
j	at org.junit.platform.engine.support.hierarchical.NodeTestTask.executeRecursively(NodeTestTask.java:126)
^	at org.junit.platform.engine.support.hierarchical.NodeTestTask.execute(NodeTestTask.java:84)
?	at java.base/java.util.ArrayList.forEach(ArrayList.java:1541)
ö	at org.junit.platform.engine.support.hierarchical.SameThreadHierarchicalTestExecutorService.invokeAll(SameThreadHierarchicalTestExecutorService.java:38)
s	at org.junit.platform.engine.support.hierarchical.NodeTestTask.lambda$executeRecursively$5(NodeTestTask.java:143)
j	at org.junit.platform.engine.support.hierarchical.ThrowableCollector.execute(ThrowableCollector.java:73)
s	at org.junit.platform.engine.support.hierarchical.NodeTestTask.lambda$executeRecursively$7(NodeTestTask.java:129)
N	at org.junit.platform.engine.support.hierarchical.Node.around(Node.java:137)
s	at org.junit.platform.engine.support.hierarchical.NodeTestTask.lambda$executeRecursively$8(NodeTestTask.java:127)
j	at org.junit.platform.engine.support.hierarchical.ThrowableCollector.execute(ThrowableCollector.java:73)
j	at org.junit.platform.engine.support.hierarchical.NodeTestTask.executeRecursively(NodeTestTask.java:126)
^	at org.junit.platform.engine.support.hierarchical.NodeTestTask.execute(NodeTestTask.java:84)
?	at java.base/java.util.ArrayList.forEach(ArrayList.java:1541)
ö	at org.junit.platform.engine.support.hierarchical.SameThreadHierarchicalTestExecutorService.invokeAll(SameThreadHierarchicalTestExecutorService.java:38)
s	at org.junit.platform.engine.support.hierarchical.NodeTestTask.lambda$executeRecursively$5(NodeTestTask.java:143)
j	at org.junit.platform.engine.support.hierarchical.ThrowableCollector.execute(ThrowableCollector.java:73)
s	at org.junit.platform.engine.support.hierarchical.NodeTestTask.lambda$executeRecursively$7(NodeTestTask.java:129)
N	at org.junit.platform.engine.support.hierarchical.Node.around(Node.java:137)
s	at org.junit.platform.engine.support.hierarchical.NodeTestTask.lambda$executeRecursively$8(NodeTestTask.java:127)
j	at org.junit.platform.engine.support.hierarchical.ThrowableCollector.execute(ThrowableCollector.java:73)
j	at org.junit.platform.engine.support.hierarchical.NodeTestTask.executeRecursively(NodeTestTask.java:126)
^	at org.junit.platform.engine.support.hierarchical.NodeTestTask.execute(NodeTestTask.java:84)
ó	at org.junit.platform.engine.support.hierarchical.SameThreadHierarchicalTestExecutorService.submit(SameThreadHierarchicalTestExecutorService.java:32)
v	at org.junit.platform.engine.support.hierarchical.HierarchicalTestExecutor.execute(HierarchicalTestExecutor.java:57)
r	at org.junit.platform.engine.support.hierarchical.HierarchicalTestEngine.execute(HierarchicalTestEngine.java:51)
o	at org.junit.platform.launcher.core.EngineExecutionOrchestrator.execute(EngineExecutionOrchestrator.java:108)
n	at org.junit.platform.launcher.core.EngineExecutionOrchestrator.execute(EngineExecutionOrchestrator.java:88)
w	at org.junit.platform.launcher.core.EngineExecutionOrchestrator.lambda$execute$0(EngineExecutionOrchestrator.java:54)
}	at org.junit.platform.launcher.core.EngineExecutionOrchestrator.withInterceptedStreams(EngineExecutionOrchestrator.java:67)
n	at org.junit.platform.launcher.core.EngineExecutionOrchestrator.execute(EngineExecutionOrchestrator.java:52)
V	at org.junit.platform.launcher.core.DefaultLauncher.execute(DefaultLauncher.java:96)
V	at org.junit.platform.launcher.core.DefaultLauncher.execute(DefaultLauncher.java:75)
µ	at org.gradle.api.internal.tasks.testing.junitplatform.JUnitPlatformTestClassProcessor$CollectAllTestClassesExecutor.processAllTestClasses(JUnitPlatformTestClassProcessor.java:99)
™	at org.gradle.api.internal.tasks.testing.junitplatform.JUnitPlatformTestClassProcessor$CollectAllTestClassesExecutor.access$000(JUnitPlatformTestClassProcessor.java:79)
Ü	at org.gradle.api.internal.tasks.testing.junitplatform.JUnitPlatformTestClassProcessor.stop(JUnitPlatformTestClassProcessor.java:75)
h	at org.gradle.api.internal.tasks.testing.SuiteTestClassProcessor.stop(SuiteTestClassProcessor.java:61)
S	at java.base/jdk.internal.reflect.NativeMethodAccessorImpl.invoke0(Native Method)
e	at java.base/jdk.internal.reflect.NativeMethodAccessorImpl.invoke(NativeMethodAccessorImpl.java:62)
m	at java.base/jdk.internal.reflect.DelegatingMethodAccessorImpl.invoke(DelegatingMethodAccessorImpl.java:43)
?	at java.base/java.lang.reflect.Method.invoke(Method.java:566)
Y	at org.gradle.internal.dispatch.ReflectionDispatch.dispatch(ReflectionDispatch.java:36)
Y	at org.gradle.internal.dispatch.ReflectionDispatch.dispatch(ReflectionDispatch.java:24)
i	at org.gradle.internal.dispatch.ContextClassLoaderDispatch.dispatch(ContextClassLoaderDispatch.java:33)
x	at org.gradle.internal.dispatch.ProxyDispatchAdapter$DispatchingInvocationHandler.invoke(ProxyDispatchAdapter.java:94)
/	at com.sun.proxy.$Proxy5.stop(Unknown Source)
V	at org.gradle.api.internal.tasks.testing.worker.TestWorker.stop(TestWorker.java:133)
S	at java.base/jdk.internal.reflect.NativeMethodAccessorImpl.invoke0(Native Method)
e	at java.base/jdk.internal.reflect.NativeMethodAccessorImpl.invoke(NativeMethodAccessorImpl.java:62)
m	at java.base/jdk.internal.reflect.DelegatingMethodAccessorImpl.invoke(DelegatingMethodAccessorImpl.java:43)
?	at java.base/java.lang.reflect.Method.invoke(Method.java:566)
Y	at org.gradle.internal.dispatch.ReflectionDispatch.dispatch(ReflectionDispatch.java:36)
Y	at org.gradle.internal.dispatch.ReflectionDispatch.dispatch(ReflectionDispatch.java:24)
ë	at org.gradle.internal.remote.internal.hub.MessageHubBackedObjectConnection$DispatchWrapper.dispatch(MessageHubBackedObjectConnection.java:182)
ë	at org.gradle.internal.remote.internal.hub.MessageHubBackedObjectConnection$DispatchWrapper.dispatch(MessageHubBackedObjectConnection.java:164)
X	at org.gradle.internal.remote.internal.hub.MessageHub$Handler.run(MessageHub.java:414)
k	at org.gradle.internal.concurrent.ExecutorPolicy$CatchAndRecordFailures.onExecute(ExecutorPolicy.java:64)
Z	at org.gradle.internal.concurrent.ManagedExecutorImpl$1.run(ManagedExecutorImpl.java:48)
^	at java.base/java.util.concurrent.ThreadPoolExecutor.runWorker(ThreadPoolExecutor.java:1128)
^	at java.base/java.util.concurrent.ThreadPoolExecutor$Worker.run(ThreadPoolExecutor.java:628)
j	at org.gradle.internal.concurrent.ThreadFactoryImpl$ManagedThreadRunnable.run(ThreadFactoryImpl.java:56)
4	at java.base/java.lang.Thread.run(Thread.java:834)
J09:40:43.272 [Test worker] INFO reactor.Flux.OnErrorResume.23 - onNext(8)
K09:40:43.273 [Test worker] INFO reactor.Flux.OnErrorResume.23 - onNext(42)
M09:40:43.273 [Test worker] INFO reactor.Flux.OnErrorResume.23 - onComplete()
á09:40:43.277 [Test worker] INFO reactor.Flux.FilterFuseable.24 - | onSubscribe([Fuseable] FluxFilterFuseable.FilterFuseableSubscriber)
V09:40:43.278 [Test worker] INFO reactor.Flux.FilterFuseable.24 - | request(unbounded)
S09:40:43.278 [Test worker] INFO reactor.Flux.FilterFuseable.24 - | onNext(1234.45)
R09:40:43.278 [Test worker] INFO reactor.Flux.FilterFuseable.24 - | onNext(7654.0)
P09:40:43.278 [Test worker] INFO reactor.Flux.FilterFuseable.24 - | onComplete()
 \09:40:43.297 [Test worker] INFO reactor.Flux.Take.25 - onSubscribe(FluxTake.TakeSubscriber)
 J09:40:43.297 [Test worker] INFO reactor.Flux.Take.25 - request(unbounded)
 B09:40:44.300 [parallel-3] INFO reactor.Flux.Take.25 - onNext(0.0)
 B09:40:45.300 [parallel-3] INFO reactor.Flux.Take.25 - onNext(1.0)
 B09:40:46.300 [parallel-3] INFO reactor.Flux.Take.25 - onNext(2.0)
 B09:40:47.300 [parallel-3] INFO reactor.Flux.Take.25 - onNext(3.0)
 C09:40:47.302 [parallel-3] INFO reactor.Flux.Take.25 - onComplete()
 !\09:40:47.353 [Test worker] INFO reactor.Flux.Take.26 - onSubscribe(FluxTake.TakeSubscriber)
 !J09:40:47.354 [Test worker] INFO reactor.Flux.Take.26 - request(unbounded)
 !C09:40:47.357 [Test worker] INFO reactor.Flux.Take.26 - onNext(0.0)
 !C09:40:47.357 [Test worker] INFO reactor.Flux.Take.26 - onNext(1.0)
 !C09:40:47.358 [Test worker] INFO reactor.Flux.Take.26 - onNext(2.0)
 !C09:40:47.358 [Test worker] INFO reactor.Flux.Take.26 - onNext(3.0)
 !C09:40:47.358 [Test worker] INFO reactor.Flux.Take.26 - onNext(4.0)
 !C09:40:47.359 [Test worker] INFO reactor.Flux.Take.26 - onNext(5.0)
 !C09:40:47.359 [Test worker] INFO reactor.Flux.Take.26 - onNext(6.0)
 !C09:40:47.359 [Test worker] INFO reactor.Flux.Take.26 - onNext(7.0)
 !C09:40:47.360 [Test worker] INFO reactor.Flux.Take.26 - onNext(8.0)
 !C09:40:47.360 [Test worker] INFO reactor.Flux.Take.26 - onNext(9.0)
 !D09:40:47.360 [Test worker] INFO reactor.Flux.Take.26 - onComplete()
 "\09:40:47.364 [Test worker] INFO reactor.Flux.Take.27 - onSubscribe(FluxTake.TakeSubscriber)
 "J09:40:47.365 [Test worker] INFO reactor.Flux.Take.27 - request(unbounded)
 "B09:40:47.466 [parallel-4] INFO reactor.Flux.Take.27 - onNext(0.0)
 "B09:40:47.565 [parallel-4] INFO reactor.Flux.Take.27 - onNext(1.0)
 "B09:40:47.665 [parallel-4] INFO reactor.Flux.Take.27 - onNext(2.0)
 "C09:40:47.666 [parallel-4] INFO reactor.Flux.Take.27 - onComplete()
 #\09:40:47.675 [Test worker] INFO reactor.Flux.Take.28 - onSubscribe(FluxTake.TakeSubscriber)
 #J09:40:47.676 [Test worker] INFO reactor.Flux.Take.28 - request(unbounded)
 #B09:40:48.676 [parallel-1] INFO reactor.Flux.Take.28 - onNext(0.0)
 #B09:40:49.676 [parallel-1] INFO reactor.Flux.Take.28 - onNext(1.0)
 #B09:40:50.676 [parallel-1] INFO reactor.Flux.Take.28 - onNext(2.0)
 #B09:40:51.676 [parallel-1] INFO reactor.Flux.Take.28 - onNext(3.0)
 #C09:40:51.677 [parallel-1] INFO reactor.Flux.Take.28 - onComplete()
 $\09:40:51.679 [Test worker] INFO reactor.Flux.Take.29 - onSubscribe(FluxTake.TakeSubscriber)
 $J09:40:51.679 [Test worker] INFO reactor.Flux.Take.29 - request(unbounded)
 $@09:40:51.779 [parallel-2] INFO reactor.Flux.Take.29 - onNext(0)
 $@09:40:51.879 [parallel-2] INFO reactor.Flux.Take.29 - onNext(1)
 $@09:40:51.979 [parallel-2] INFO reactor.Flux.Take.29 - onNext(2)
 $C09:40:51.980 [parallel-2] INFO reactor.Flux.Take.29 - onComplete()
&%z09:40:51.990 [Test worker] INFO reactor.Mono.Just.30 - | onSubscribe([Synchronous Fuseable] Operators.ScalarSubscription)
&%L09:40:51.991 [Test worker] INFO reactor.Mono.Just.30 - | request(unbounded)
&%]09:40:51.991 [Test worker] INFO reactor.Mono.Just.30 - | onNext(Spring Boot Reactive Spring)
&%F09:40:51.991 [Test worker] INFO reactor.Mono.Just.30 - | onComplete()
&'z09:40:51.996 [Test worker] INFO reactor.Flux.Range.31 - | onSubscribe([Synchronous Fuseable] FluxRange.RangeSubscription)
&'M09:40:51.997 [Test worker] INFO reactor.Flux.Range.31 - | request(unbounded)
&'D09:40:51.997 [Test worker] INFO reactor.Flux.Range.31 - | onNext(0)
&'D09:40:51.997 [Test worker] INFO reactor.Flux.Range.31 - | onNext(1)
&'D09:40:51.997 [Test worker] INFO reactor.Flux.Range.31 - | onNext(2)
&'D09:40:51.997 [Test worker] INFO reactor.Flux.Range.31 - | onNext(3)
&'D09:40:51.997 [Test worker] INFO reactor.Flux.Range.31 - | onNext(4)
&'D09:40:51.997 [Test worker] INFO reactor.Flux.Range.31 - | onNext(5)
&'D09:40:51.997 [Test worker] INFO reactor.Flux.Range.31 - | onNext(6)
&'D09:40:51.998 [Test worker] INFO reactor.Flux.Range.31 - | onNext(7)
&'D09:40:51.998 [Test worker] INFO reactor.Flux.Range.31 - | onNext(8)
&'D09:40:51.998 [Test worker] INFO reactor.Flux.Range.31 - | onNext(9)
&'E09:40:51.998 [Test worker] INFO reactor.Flux.Range.31 - | onNext(10)
&'E09:40:51.998 [Test worker] INFO reactor.Flux.Range.31 - | onNext(11)
&'E09:40:51.998 [Test worker] INFO reactor.Flux.Range.31 - | onNext(12)
&'E09:40:51.998 [Test worker] INFO reactor.Flux.Range.31 - | onNext(13)
&'E09:40:51.998 [Test worker] INFO reactor.Flux.Range.31 - | onNext(14)
&'E09:40:51.998 [Test worker] INFO reactor.Flux.Range.31 - | onNext(15)
&'E09:40:51.998 [Test worker] INFO reactor.Flux.Range.31 - | onNext(16)
&'E09:40:51.998 [Test worker] INFO reactor.Flux.Range.31 - | onNext(17)
&'E09:40:51.998 [Test worker] INFO reactor.Flux.Range.31 - | onNext(18)
&'E09:40:51.999 [Test worker] INFO reactor.Flux.Range.31 - | onNext(19)
&'E09:40:51.999 [Test worker] INFO reactor.Flux.Range.31 - | onNext(20)
&'E09:40:51.999 [Test worker] INFO reactor.Flux.Range.31 - | onNext(21)
&'E09:40:51.999 [Test worker] INFO reactor.Flux.Range.31 - | onNext(22)
&'E09:40:51.999 [Test worker] INFO reactor.Flux.Range.31 - | onNext(23)
&'E09:40:51.999 [Test worker] INFO reactor.Flux.Range.31 - | onNext(24)
&'E09:40:51.999 [Test worker] INFO reactor.Flux.Range.31 - | onNext(25)
&'E09:40:51.999 [Test worker] INFO reactor.Flux.Range.31 - | onNext(26)
&'E09:40:51.999 [Test worker] INFO reactor.Flux.Range.31 - | onNext(27)
&'E09:40:51.999 [Test worker] INFO reactor.Flux.Range.31 - | onNext(28)
&'E09:40:52.000 [Test worker] INFO reactor.Flux.Range.31 - | onNext(29)
&'E09:40:52.000 [Test worker] INFO reactor.Flux.Range.31 - | onNext(30)
&'E09:40:52.000 [Test worker] INFO reactor.Flux.Range.31 - | onNext(31)
&'E09:40:52.000 [Test worker] INFO reactor.Flux.Range.31 - | onNext(32)
&'E09:40:52.000 [Test worker] INFO reactor.Flux.Range.31 - | onNext(33)
&'E09:40:52.000 [Test worker] INFO reactor.Flux.Range.31 - | onNext(34)
&'E09:40:52.000 [Test worker] INFO reactor.Flux.Range.31 - | onNext(35)
&'E09:40:52.000 [Test worker] INFO reactor.Flux.Range.31 - | onNext(36)
&'E09:40:52.000 [Test worker] INFO reactor.Flux.Range.31 - | onNext(37)
&'E09:40:52.000 [Test worker] INFO reactor.Flux.Range.31 - | onNext(38)
&'E09:40:52.000 [Test worker] INFO reactor.Flux.Range.31 - | onNext(39)
&'E09:40:52.000 [Test worker] INFO reactor.Flux.Range.31 - | onNext(40)
&'E09:40:52.000 [Test worker] INFO reactor.Flux.Range.31 - | onNext(41)
&'E09:40:52.000 [Test worker] INFO reactor.Flux.Range.31 - | onNext(42)
&'E09:40:52.001 [Test worker] INFO reactor.Flux.Range.31 - | onNext(43)
&'E09:40:52.001 [Test worker] INFO reactor.Flux.Range.31 - | onNext(44)
&'E09:40:52.001 [Test worker] INFO reactor.Flux.Range.31 - | onNext(45)
&'E09:40:52.001 [Test worker] INFO reactor.Flux.Range.31 - | onNext(46)
&'E09:40:52.001 [Test worker] INFO reactor.Flux.Range.31 - | onNext(47)
&'E09:40:52.001 [Test worker] INFO reactor.Flux.Range.31 - | onNext(48)
&'E09:40:52.001 [Test worker] INFO reactor.Flux.Range.31 - | onNext(49)
&'E09:40:52.001 [Test worker] INFO reactor.Flux.Range.31 - | onNext(50)
&'E09:40:52.001 [Test worker] INFO reactor.Flux.Range.31 - | onNext(51)
&'E09:40:52.001 [Test worker] INFO reactor.Flux.Range.31 - | onNext(52)
&'E09:40:52.001 [Test worker] INFO reactor.Flux.Range.31 - | onNext(53)
&'E09:40:52.001 [Test worker] INFO reactor.Flux.Range.31 - | onNext(54)
&'E09:40:52.001 [Test worker] INFO reactor.Flux.Range.31 - | onNext(55)
&'E09:40:52.001 [Test worker] INFO reactor.Flux.Range.31 - | onNext(56)
&'E09:40:52.002 [Test worker] INFO reactor.Flux.Range.31 - | onNext(57)
&'E09:40:52.002 [Test worker] INFO reactor.Flux.Range.31 - | onNext(58)
&'E09:40:52.002 [Test worker] INFO reactor.Flux.Range.31 - | onNext(59)
&'E09:40:52.002 [Test worker] INFO reactor.Flux.Range.31 - | onNext(60)
&'E09:40:52.002 [Test worker] INFO reactor.Flux.Range.31 - | onNext(61)
&'E09:40:52.002 [Test worker] INFO reactor.Flux.Range.31 - | onNext(62)
&'E09:40:52.002 [Test worker] INFO reactor.Flux.Range.31 - | onNext(63)
&'E09:40:52.002 [Test worker] INFO reactor.Flux.Range.31 - | onNext(64)
&'E09:40:52.002 [Test worker] INFO reactor.Flux.Range.31 - | onNext(65)
&'E09:40:52.002 [Test worker] INFO reactor.Flux.Range.31 - | onNext(66)
&'E09:40:52.002 [Test worker] INFO reactor.Flux.Range.31 - | onNext(67)
&'E09:40:52.002 [Test worker] INFO reactor.Flux.Range.31 - | onNext(68)
&'E09:40:52.002 [Test worker] INFO reactor.Flux.Range.31 - | onNext(69)
&'E09:40:52.002 [Test worker] INFO reactor.Flux.Range.31 - | onNext(70)
&'E09:40:52.002 [Test worker] INFO reactor.Flux.Range.31 - | onNext(71)
&'E09:40:52.003 [Test worker] INFO reactor.Flux.Range.31 - | onNext(72)
&'E09:40:52.003 [Test worker] INFO reactor.Flux.Range.31 - | onNext(73)
&'E09:40:52.003 [Test worker] INFO reactor.Flux.Range.31 - | onNext(74)
&'E09:40:52.003 [Test worker] INFO reactor.Flux.Range.31 - | onNext(75)
&'E09:40:52.003 [Test worker] INFO reactor.Flux.Range.31 - | onNext(76)
&'E09:40:52.003 [Test worker] INFO reactor.Flux.Range.31 - | onNext(77)
&'E09:40:52.003 [Test worker] INFO reactor.Flux.Range.31 - | onNext(78)
&'E09:40:52.003 [Test worker] INFO reactor.Flux.Range.31 - | onNext(79)
&'E09:40:52.003 [Test worker] INFO reactor.Flux.Range.31 - | onNext(80)
&'E09:40:52.003 [Test worker] INFO reactor.Flux.Range.31 - | onNext(81)
&'E09:40:52.003 [Test worker] INFO reactor.Flux.Range.31 - | onNext(82)
&'E09:40:52.003 [Test worker] INFO reactor.Flux.Range.31 - | onNext(83)
&'E09:40:52.003 [Test worker] INFO reactor.Flux.Range.31 - | onNext(84)
&'E09:40:52.003 [Test worker] INFO reactor.Flux.Range.31 - | onNext(85)
&'E09:40:52.003 [Test worker] INFO reactor.Flux.Range.31 - | onNext(86)
&'E09:40:52.004 [Test worker] INFO reactor.Flux.Range.31 - | onNext(87)
&'E09:40:52.004 [Test worker] INFO reactor.Flux.Range.31 - | onNext(88)
&'E09:40:52.004 [Test worker] INFO reactor.Flux.Range.31 - | onNext(89)
&'E09:40:52.004 [Test worker] INFO reactor.Flux.Range.31 - | onNext(90)
&'E09:40:52.004 [Test worker] INFO reactor.Flux.Range.31 - | onNext(91)
&'E09:40:52.004 [Test worker] INFO reactor.Flux.Range.31 - | onNext(92)
&'E09:40:52.004 [Test worker] INFO reactor.Flux.Range.31 - | onNext(93)
&'E09:40:52.004 [Test worker] INFO reactor.Flux.Range.31 - | onNext(94)
&'E09:40:52.004 [Test worker] INFO reactor.Flux.Range.31 - | onNext(95)
&'E09:40:52.004 [Test worker] INFO reactor.Flux.Range.31 - | onNext(96)
&'E09:40:52.004 [Test worker] INFO reactor.Flux.Range.31 - | onNext(97)
&'E09:40:52.004 [Test worker] INFO reactor.Flux.Range.31 - | onNext(98)
&'E09:40:52.004 [Test worker] INFO reactor.Flux.Range.31 - | onNext(99)
&'G09:40:52.004 [Test worker] INFO reactor.Flux.Range.31 - | onComplete()
&(b09:40:52.009 [Test worker] INFO reactor.Flux.Repeat.32 - onSubscribe(FluxRepeat.RepeatSubscriber)
&(L09:40:52.010 [Test worker] INFO reactor.Flux.Repeat.32 - request(unbounded)
&(H09:40:52.010 [Test worker] INFO reactor.Flux.Repeat.32 - onNext(Spring)
&(M09:40:52.010 [Test worker] INFO reactor.Flux.Repeat.32 - onNext(Spring Boot)
&(Q09:40:52.010 [Test worker] INFO reactor.Flux.Repeat.32 - onNext(Reactive Spring)
&(H09:40:52.010 [Test worker] INFO reactor.Flux.Repeat.32 - onNext(Spring)
&(M09:40:52.010 [Test worker] INFO reactor.Flux.Repeat.32 - onNext(Spring Boot)
&(Q09:40:52.010 [Test worker] INFO reactor.Flux.Repeat.32 - onNext(Reactive Spring)
&(H09:40:52.010 [Test worker] INFO reactor.Flux.Repeat.32 - onNext(Spring)
&(M09:40:52.010 [Test worker] INFO reactor.Flux.Repeat.32 - onNext(Spring Boot)
&(Q09:40:52.010 [Test worker] INFO reactor.Flux.Repeat.32 - onNext(Reactive Spring)
&(H09:40:52.010 [Test worker] INFO reactor.Flux.Repeat.32 - onNext(Spring)
&(M09:40:52.011 [Test worker] INFO reactor.Flux.Repeat.32 - onNext(Spring Boot)
&(Q09:40:52.011 [Test worker] INFO reactor.Flux.Repeat.32 - onNext(Reactive Spring)
&(H09:40:52.011 [Test worker] INFO reactor.Flux.Repeat.32 - onNext(Spring)
&(M09:40:52.011 [Test worker] INFO reactor.Flux.Repeat.32 - onNext(Spring Boot)
&(Q09:40:52.011 [Test worker] INFO reactor.Flux.Repeat.32 - onNext(Reactive Spring)
&(F09:40:52.011 [Test worker] INFO reactor.Flux.Repeat.32 - onComplete()
&)l09:40:52.014 [Test worker] INFO reactor.Mono.Empty.33 - onSubscribe([Fuseable] Operators.EmptySubscription)
&)K09:40:52.014 [Test worker] INFO reactor.Mono.Empty.33 - request(unbounded)
&)E09:40:52.014 [Test worker] INFO reactor.Mono.Empty.33 - onComplete()
&*Å09:40:52.016 [Test worker] INFO reactor.Flux.Stream.34 - | onSubscribe([Synchronous Fuseable] FluxIterable.IterableSubscription)
&*N09:40:52.017 [Test worker] INFO reactor.Flux.Stream.34 - | request(unbounded)
&*J09:40:52.017 [Test worker] INFO reactor.Flux.Stream.34 - | onNext(Spring)
&*O09:40:52.017 [Test worker] INFO reactor.Flux.Stream.34 - | onNext(Spring Boot)
&*S09:40:52.017 [Test worker] INFO reactor.Flux.Stream.34 - | onNext(Reactive Spring)
&*H09:40:52.017 [Test worker] INFO reactor.Flux.Stream.34 - | onComplete()
&+á09:40:52.020 [Test worker] INFO reactor.Flux.FilterFuseable.35 - | onSubscribe([Fuseable] FluxFilterFuseable.FilterFuseableSubscriber)
&+V09:40:52.020 [Test worker] INFO reactor.Flux.FilterFuseable.35 - | request(unbounded)
&+R09:40:52.020 [Test worker] INFO reactor.Flux.FilterFuseable.35 - | onNext(Spring)
&+W09:40:52.020 [Test worker] INFO reactor.Flux.FilterFuseable.35 - | onNext(Spring Boot)
&+[09:40:52.020 [Test worker] INFO reactor.Flux.FilterFuseable.35 - | onNext(Reactive Spring)
&+P09:40:52.020 [Test worker] INFO reactor.Flux.FilterFuseable.35 - | onComplete()
&+á09:40:52.021 [Test worker] INFO reactor.Flux.FilterFuseable.35 - | onSubscribe([Fuseable] FluxFilterFuseable.FilterFuseableSubscriber)
&+V09:40:52.021 [Test worker] INFO reactor.Flux.FilterFuseable.35 - | request(unbounded)
&+R09:40:52.021 [Test worker] INFO reactor.Flux.FilterFuseable.35 - | onNext(Spring)
&+W09:40:52.021 [Test worker] INFO reactor.Flux.FilterFuseable.35 - | onNext(Spring Boot)
&+[09:40:52.021 [Test worker] INFO reactor.Flux.FilterFuseable.35 - | onNext(Reactive Spring)
&+P09:40:52.021 [Test worker] INFO reactor.Flux.FilterFuseable.35 - | onComplete()
&,É09:40:52.024 [Test worker] INFO reactor.Flux.Iterable.36 - | onSubscribe([Synchronous Fuseable] FluxIterable.IterableSubscription)
&,P09:40:52.024 [Test worker] INFO reactor.Flux.Iterable.36 - | request(unbounded)
&,L09:40:52.024 [Test worker] INFO reactor.Flux.Iterable.36 - | onNext(Spring)
&,Q09:40:52.024 [Test worker] INFO reactor.Flux.Iterable.36 - | onNext(Spring Boot)
&,U09:40:52.024 [Test worker] INFO reactor.Flux.Iterable.36 - | onNext(Reactive Spring)
&,J09:40:52.024 [Test worker] INFO reactor.Flux.Iterable.36 - | onComplete()
&-z09:40:52.029 [Test worker] INFO reactor.Flux.Array.37 - | onSubscribe([Synchronous Fuseable] FluxArray.ArraySubscription)
&-M09:40:52.029 [Test worker] INFO reactor.Flux.Array.37 - | request(unbounded)
&-I09:40:52.029 [Test worker] INFO reactor.Flux.Array.37 - | onNext(Spring)
&-N09:40:52.029 [Test worker] INFO reactor.Flux.Array.37 - | onNext(Spring Boot)
&-R09:40:52.029 [Test worker] INFO reactor.Flux.Array.37 - | onNext(Reactive Spring)
&-G09:40:52.029 [Test worker] INFO reactor.Flux.Array.37 - | onComplete()
&.n09:40:52.033 [Test worker] INFO reactor.Mono.Supplier.38 - | onSubscribe([Fuseable] Operators.MonoSubscriber)
&.P09:40:52.033 [Test worker] INFO reactor.Mono.Supplier.38 - | request(unbounded)
&.a09:40:52.033 [Test worker] INFO reactor.Mono.Supplier.38 - | onNext(Spring Boot Reactive Spring)
&.J09:40:52.033 [Test worker] INFO reactor.Mono.Supplier.38 - | onComplete()
0/~09:40:52.042 [Test worker] INFO reactor.Mono.MapFuseable.39 - | onSubscribe([Fuseable] FluxMapFuseable.MapFuseableSubscriber)
0/S09:40:52.042 [Test worker] INFO reactor.Mono.MapFuseable.39 - | request(unbounded)
0/î09:40:52.042 [Test worker] ERROR reactor.Mono.MapFuseable.39 - | onError(java.lang.NumberFormatException: For input string: "Spring Boot Reactive")
0/@09:40:52.043 [Test worker] ERROR reactor.Mono.MapFuseable.39 - 
0/Jjava.lang.NumberFormatException: For input string: "Spring Boot Reactive"
0/\	at java.base/java.lang.NumberFormatException.forInputString(NumberFormatException.java:65)
0/;	at java.base/java.lang.Integer.parseInt(Integer.java:652)
0/;	at java.base/java.lang.Integer.parseInt(Integer.java:770)
0/Ñ	at com.github.felipegutierrez.explore.basics.FluxAndMonoBasics.lambda$createMonoConverterStringToInt$10(FluxAndMonoBasics.java:94)
0/b	at reactor.core.publisher.FluxMapFuseable$MapFuseableSubscriber.onNext(FluxMapFuseable.java:113)
0/U	at reactor.core.publisher.Operators$ScalarSubscription.request(Operators.java:2346)
0/c	at reactor.core.publisher.FluxMapFuseable$MapFuseableSubscriber.request(FluxMapFuseable.java:169)
0/f	at reactor.core.publisher.FluxPeekFuseable$PeekFuseableSubscriber.request(FluxPeekFuseable.java:144)
0/v	at reactor.test.DefaultStepVerifierBuilder$DefaultVerifySubscriber.onSubscribe(DefaultStepVerifierBuilder.java:1124)
0/j	at reactor.core.publisher.FluxPeekFuseable$PeekFuseableSubscriber.onSubscribe(FluxPeekFuseable.java:178)
0/f	at reactor.core.publisher.FluxMapFuseable$MapFuseableSubscriber.onSubscribe(FluxMapFuseable.java:96)
0/@	at reactor.core.publisher.MonoJust.subscribe(MonoJust.java:54)
0/:	at reactor.core.publisher.Mono.subscribe(Mono.java:3987)
0/|	at reactor.test.DefaultStepVerifierBuilder$DefaultStepVerifier.toVerifierAndSubscribe(DefaultStepVerifierBuilder.java:868)
0/l	at reactor.test.DefaultStepVerifierBuilder$DefaultStepVerifier.verify(DefaultStepVerifierBuilder.java:824)
0/l	at reactor.test.DefaultStepVerifierBuilder$DefaultStepVerifier.verify(DefaultStepVerifierBuilder.java:816)
0/Å	at com.github.felipegutierrez.explore.basics.FluxAndMonoBasicsTest.testCreateBasicMonoWithError(FluxAndMonoBasicsTest.java:159)
0/S	at java.base/jdk.internal.reflect.NativeMethodAccessorImpl.invoke0(Native Method)
0/e	at java.base/jdk.internal.reflect.NativeMethodAccessorImpl.invoke(NativeMethodAccessorImpl.java:62)
0/m	at java.base/jdk.internal.reflect.DelegatingMethodAccessorImpl.invoke(DelegatingMethodAccessorImpl.java:43)
0/?	at java.base/java.lang.reflect.Method.invoke(Method.java:566)
0/[	at org.junit.platform.commons.util.ReflectionUtils.invokeMethod(ReflectionUtils.java:688)
0/Z	at org.junit.jupiter.engine.execution.MethodInvocation.proceed(MethodInvocation.java:60)
0/Ñ	at org.junit.jupiter.engine.execution.InvocationInterceptorChain$ValidatingInvocation.proceed(InvocationInterceptorChain.java:131)
0/]	at org.junit.jupiter.engine.extension.TimeoutExtension.intercept(TimeoutExtension.java:149)
0/k	at org.junit.jupiter.engine.extension.TimeoutExtension.interceptTestableMethod(TimeoutExtension.java:140)
0/f	at org.junit.jupiter.engine.extension.TimeoutExtension.interceptTestMethod(TimeoutExtension.java:84)
0/Ö	at org.junit.jupiter.engine.execution.ExecutableInvoker$ReflectiveInterceptorCall.lambda$ofVoidMethod$0(ExecutableInvoker.java:115)
0/e	at org.junit.jupiter.engine.execution.ExecutableInvoker.lambda$invoke$0(ExecutableInvoker.java:105)
0/Ö	at org.junit.jupiter.engine.execution.InvocationInterceptorChain$InterceptedInvocation.proceed(InvocationInterceptorChain.java:106)
0/n	at org.junit.jupiter.engine.execution.InvocationInterceptorChain.proceed(InvocationInterceptorChain.java:64)
0/u	at org.junit.jupiter.engine.execution.InvocationInterceptorChain.chainAndInvoke(InvocationInterceptorChain.java:45)
0/m	at org.junit.jupiter.engine.execution.InvocationInterceptorChain.invoke(InvocationInterceptorChain.java:37)
0/\	at org.junit.jupiter.engine.execution.ExecutableInvoker.invoke(ExecutableInvoker.java:104)
0/[	at org.junit.jupiter.engine.execution.ExecutableInvoker.invoke(ExecutableInvoker.java:98)
0/~	at org.junit.jupiter.engine.descriptor.TestMethodTestDescriptor.lambda$invokeTestMethod$6(TestMethodTestDescriptor.java:210)
0/j	at org.junit.platform.engine.support.hierarchical.ThrowableCollector.execute(ThrowableCollector.java:73)
0/u	at org.junit.jupiter.engine.descriptor.TestMethodTestDescriptor.invokeTestMethod(TestMethodTestDescriptor.java:206)
0/l	at org.junit.jupiter.engine.descriptor.TestMethodTestDescriptor.execute(TestMethodTestDescriptor.java:131)
0/k	at org.junit.jupiter.engine.descriptor.TestMethodTestDescriptor.execute(TestMethodTestDescriptor.java:65)
0/s	at org.junit.platform.engine.support.hierarchical.NodeTestTask.lambda$executeRecursively$5(NodeTestTask.java:139)
0/j	at org.junit.platform.engine.support.hierarchical.ThrowableCollector.execute(ThrowableCollector.java:73)
0/s	at org.junit.platform.engine.support.hierarchical.NodeTestTask.lambda$executeRecursively$7(NodeTestTask.java:129)
0/N	at org.junit.platform.engine.support.hierarchical.Node.around(Node.java:137)
0/s	at org.junit.platform.engine.support.hierarchical.NodeTestTask.lambda$executeRecursively$8(NodeTestTask.java:127)
0/j	at org.junit.platform.engine.support.hierarchical.ThrowableCollector.execute(ThrowableCollector.java:73)
0/j	at org.junit.platform.engine.support.hierarchical.NodeTestTask.executeRecursively(NodeTestTask.java:126)
0/^	at org.junit.platform.engine.support.hierarchical.NodeTestTask.execute(NodeTestTask.java:84)
0/?	at java.base/java.util.ArrayList.forEach(ArrayList.java:1541)
0/ö	at org.junit.platform.engine.support.hierarchical.SameThreadHierarchicalTestExecutorService.invokeAll(SameThreadHierarchicalTestExecutorService.java:38)
0/s	at org.junit.platform.engine.support.hierarchical.NodeTestTask.lambda$executeRecursively$5(NodeTestTask.java:143)
0/j	at org.junit.platform.engine.support.hierarchical.ThrowableCollector.execute(ThrowableCollector.java:73)
0/s	at org.junit.platform.engine.support.hierarchical.NodeTestTask.lambda$executeRecursively$7(NodeTestTask.java:129)
0/N	at org.junit.platform.engine.support.hierarchical.Node.around(Node.java:137)
0/s	at org.junit.platform.engine.support.hierarchical.NodeTestTask.lambda$executeRecursively$8(NodeTestTask.java:127)
0/j	at org.junit.platform.engine.support.hierarchical.ThrowableCollector.execute(ThrowableCollector.java:73)
0/j	at org.junit.platform.engine.support.hierarchical.NodeTestTask.executeRecursively(NodeTestTask.java:126)
0/^	at org.junit.platform.engine.support.hierarchical.NodeTestTask.execute(NodeTestTask.java:84)
0/?	at java.base/java.util.ArrayList.forEach(ArrayList.java:1541)
0/ö	at org.junit.platform.engine.support.hierarchical.SameThreadHierarchicalTestExecutorService.invokeAll(SameThreadHierarchicalTestExecutorService.java:38)
0/s	at org.junit.platform.engine.support.hierarchical.NodeTestTask.lambda$executeRecursively$5(NodeTestTask.java:143)
0/j	at org.junit.platform.engine.support.hierarchical.ThrowableCollector.execute(ThrowableCollector.java:73)
0/s	at org.junit.platform.engine.support.hierarchical.NodeTestTask.lambda$executeRecursively$7(NodeTestTask.java:129)
0/N	at org.junit.platform.engine.support.hierarchical.Node.around(Node.java:137)
0/s	at org.junit.platform.engine.support.hierarchical.NodeTestTask.lambda$executeRecursively$8(NodeTestTask.java:127)
0/j	at org.junit.platform.engine.support.hierarchical.ThrowableCollector.execute(ThrowableCollector.java:73)
0/j	at org.junit.platform.engine.support.hierarchical.NodeTestTask.executeRecursively(NodeTestTask.java:126)
0/^	at org.junit.platform.engine.support.hierarchical.NodeTestTask.execute(NodeTestTask.java:84)
0/ó	at org.junit.platform.engine.support.hierarchical.SameThreadHierarchicalTestExecutorService.submit(SameThreadHierarchicalTestExecutorService.java:32)
0/v	at org.junit.platform.engine.support.hierarchical.HierarchicalTestExecutor.execute(HierarchicalTestExecutor.java:57)
0/r	at org.junit.platform.engine.support.hierarchical.HierarchicalTestEngine.execute(HierarchicalTestEngine.java:51)
0/o	at org.junit.platform.launcher.core.EngineExecutionOrchestrator.execute(EngineExecutionOrchestrator.java:108)
0/n	at org.junit.platform.launcher.core.EngineExecutionOrchestrator.execute(EngineExecutionOrchestrator.java:88)
0/w	at org.junit.platform.launcher.core.EngineExecutionOrchestrator.lambda$execute$0(EngineExecutionOrchestrator.java:54)
0/}	at org.junit.platform.launcher.core.EngineExecutionOrchestrator.withInterceptedStreams(EngineExecutionOrchestrator.java:67)
0/n	at org.junit.platform.launcher.core.EngineExecutionOrchestrator.execute(EngineExecutionOrchestrator.java:52)
0/V	at org.junit.platform.launcher.core.DefaultLauncher.execute(DefaultLauncher.java:96)
0/V	at org.junit.platform.launcher.core.DefaultLauncher.execute(DefaultLauncher.java:75)
0/µ	at org.gradle.api.internal.tasks.testing.junitplatform.JUnitPlatformTestClassProcessor$CollectAllTestClassesExecutor.processAllTestClasses(JUnitPlatformTestClassProcessor.java:99)
0/™	at org.gradle.api.internal.tasks.testing.junitplatform.JUnitPlatformTestClassProcessor$CollectAllTestClassesExecutor.access$000(JUnitPlatformTestClassProcessor.java:79)
0/Ü	at org.gradle.api.internal.tasks.testing.junitplatform.JUnitPlatformTestClassProcessor.stop(JUnitPlatformTestClassProcessor.java:75)
0/h	at org.gradle.api.internal.tasks.testing.SuiteTestClassProcessor.stop(SuiteTestClassProcessor.java:61)
0/S	at java.base/jdk.internal.reflect.NativeMethodAccessorImpl.invoke0(Native Method)
0/e	at java.base/jdk.internal.reflect.NativeMethodAccessorImpl.invoke(NativeMethodAccessorImpl.java:62)
0/m	at java.base/jdk.internal.reflect.DelegatingMethodAccessorImpl.invoke(DelegatingMethodAccessorImpl.java:43)
0/?	at java.base/java.lang.reflect.Method.invoke(Method.java:566)
0/Y	at org.gradle.internal.dispatch.ReflectionDispatch.dispatch(ReflectionDispatch.java:36)
0/Y	at org.gradle.internal.dispatch.ReflectionDispatch.dispatch(ReflectionDispatch.java:24)
0/i	at org.gradle.internal.dispatch.ContextClassLoaderDispatch.dispatch(ContextClassLoaderDispatch.java:33)
0/x	at org.gradle.internal.dispatch.ProxyDispatchAdapter$DispatchingInvocationHandler.invoke(ProxyDispatchAdapter.java:94)
0//	at com.sun.proxy.$Proxy5.stop(Unknown Source)
0/V	at org.gradle.api.internal.tasks.testing.worker.TestWorker.stop(TestWorker.java:133)
0/S	at java.base/jdk.internal.reflect.NativeMethodAccessorImpl.invoke0(Native Method)
0/e	at java.base/jdk.internal.reflect.NativeMethodAccessorImpl.invoke(NativeMethodAccessorImpl.java:62)
0/m	at java.base/jdk.internal.reflect.DelegatingMethodAccessorImpl.invoke(DelegatingMethodAccessorImpl.java:43)
0/?	at java.base/java.lang.reflect.Method.invoke(Method.java:566)
0/Y	at org.gradle.internal.dispatch.ReflectionDispatch.dispatch(ReflectionDispatch.java:36)
0/Y	at org.gradle.internal.dispatch.ReflectionDispatch.dispatch(ReflectionDispatch.java:24)
0/ë	at org.gradle.internal.remote.internal.hub.MessageHubBackedObjectConnection$DispatchWrapper.dispatch(MessageHubBackedObjectConnection.java:182)
0/ë	at org.gradle.internal.remote.internal.hub.MessageHubBackedObjectConnection$DispatchWrapper.dispatch(MessageHubBackedObjectConnection.java:164)
0/X	at org.gradle.internal.remote.internal.hub.MessageHub$Handler.run(MessageHub.java:414)
0/k	at org.gradle.internal.concurrent.ExecutorPolicy$CatchAndRecordFailures.onExecute(ExecutorPolicy.java:64)
0/Z	at org.gradle.internal.concurrent.ManagedExecutorImpl$1.run(ManagedExecutorImpl.java:48)
0/^	at java.base/java.util.concurrent.ThreadPoolExecutor.runWorker(ThreadPoolExecutor.java:1128)
0/^	at java.base/java.util.concurrent.ThreadPoolExecutor$Worker.run(ThreadPoolExecutor.java:628)
0/j	at org.gradle.internal.concurrent.ThreadFactoryImpl$ManagedThreadRunnable.run(ThreadFactoryImpl.java:56)
0/4	at java.base/java.lang.Thread.run(Thread.java:834)
0/~09:40:52.045 [Test worker] INFO reactor.Mono.MapFuseable.39 - | onSubscribe([Fuseable] FluxMapFuseable.MapFuseableSubscriber)
0/S09:40:52.045 [Test worker] INFO reactor.Mono.MapFuseable.39 - | request(unbounded)
0/î09:40:52.045 [Test worker] ERROR reactor.Mono.MapFuseable.39 - | onError(java.lang.NumberFormatException: For input string: "Spring Boot Reactive")
0/@09:40:52.046 [Test worker] ERROR reactor.Mono.MapFuseable.39 - 
0/Jjava.lang.NumberFormatException: For input string: "Spring Boot Reactive"
0/\	at java.base/java.lang.NumberFormatException.forInputString(NumberFormatException.java:65)
0/;	at java.base/java.lang.Integer.parseInt(Integer.java:652)
0/;	at java.base/java.lang.Integer.parseInt(Integer.java:770)
0/Ñ	at com.github.felipegutierrez.explore.basics.FluxAndMonoBasics.lambda$createMonoConverterStringToInt$10(FluxAndMonoBasics.java:94)
0/b	at reactor.core.publisher.FluxMapFuseable$MapFuseableSubscriber.onNext(FluxMapFuseable.java:113)
0/U	at reactor.core.publisher.Operators$ScalarSubscription.request(Operators.java:2346)
0/c	at reactor.core.publisher.FluxMapFuseable$MapFuseableSubscriber.request(FluxMapFuseable.java:169)
0/f	at reactor.core.publisher.FluxPeekFuseable$PeekFuseableSubscriber.request(FluxPeekFuseable.java:144)
0/v	at reactor.test.DefaultStepVerifierBuilder$DefaultVerifySubscriber.onSubscribe(DefaultStepVerifierBuilder.java:1124)
0/j	at reactor.core.publisher.FluxPeekFuseable$PeekFuseableSubscriber.onSubscribe(FluxPeekFuseable.java:178)
0/f	at reactor.core.publisher.FluxMapFuseable$MapFuseableSubscriber.onSubscribe(FluxMapFuseable.java:96)
0/@	at reactor.core.publisher.MonoJust.subscribe(MonoJust.java:54)
0/:	at reactor.core.publisher.Mono.subscribe(Mono.java:3987)
0/|	at reactor.test.DefaultStepVerifierBuilder$DefaultStepVerifier.toVerifierAndSubscribe(DefaultStepVerifierBuilder.java:868)
0/l	at reactor.test.DefaultStepVerifierBuilder$DefaultStepVerifier.verify(DefaultStepVerifierBuilder.java:824)
0/l	at reactor.test.DefaultStepVerifierBuilder$DefaultStepVerifier.verify(DefaultStepVerifierBuilder.java:816)
0/Å	at com.github.felipegutierrez.explore.basics.FluxAndMonoBasicsTest.testCreateBasicMonoWithError(FluxAndMonoBasicsTest.java:164)
0/S	at java.base/jdk.internal.reflect.NativeMethodAccessorImpl.invoke0(Native Method)
0/e	at java.base/jdk.internal.reflect.NativeMethodAccessorImpl.invoke(NativeMethodAccessorImpl.java:62)
0/m	at java.base/jdk.internal.reflect.DelegatingMethodAccessorImpl.invoke(DelegatingMethodAccessorImpl.java:43)
0/?	at java.base/java.lang.reflect.Method.invoke(Method.java:566)
0/[	at org.junit.platform.commons.util.ReflectionUtils.invokeMethod(ReflectionUtils.java:688)
0/Z	at org.junit.jupiter.engine.execution.MethodInvocation.proceed(MethodInvocation.java:60)
0/Ñ	at org.junit.jupiter.engine.execution.InvocationInterceptorChain$ValidatingInvocation.proceed(InvocationInterceptorChain.java:131)
0/]	at org.junit.jupiter.engine.extension.TimeoutExtension.intercept(TimeoutExtension.java:149)
0/k	at org.junit.jupiter.engine.extension.TimeoutExtension.interceptTestableMethod(TimeoutExtension.java:140)
0/f	at org.junit.jupiter.engine.extension.TimeoutExtension.interceptTestMethod(TimeoutExtension.java:84)
0/Ö	at org.junit.jupiter.engine.execution.ExecutableInvoker$ReflectiveInterceptorCall.lambda$ofVoidMethod$0(ExecutableInvoker.java:115)
0/e	at org.junit.jupiter.engine.execution.ExecutableInvoker.lambda$invoke$0(ExecutableInvoker.java:105)
0/Ö	at org.junit.jupiter.engine.execution.InvocationInterceptorChain$InterceptedInvocation.proceed(InvocationInterceptorChain.java:106)
0/n	at org.junit.jupiter.engine.execution.InvocationInterceptorChain.proceed(InvocationInterceptorChain.java:64)
0/u	at org.junit.jupiter.engine.execution.InvocationInterceptorChain.chainAndInvoke(InvocationInterceptorChain.java:45)
0/m	at org.junit.jupiter.engine.execution.InvocationInterceptorChain.invoke(InvocationInterceptorChain.java:37)
0/\	at org.junit.jupiter.engine.execution.ExecutableInvoker.invoke(ExecutableInvoker.java:104)
0/[	at org.junit.jupiter.engine.execution.ExecutableInvoker.invoke(ExecutableInvoker.java:98)
0/~	at org.junit.jupiter.engine.descriptor.TestMethodTestDescriptor.lambda$invokeTestMethod$6(TestMethodTestDescriptor.java:210)
0/j	at org.junit.platform.engine.support.hierarchical.ThrowableCollector.execute(ThrowableCollector.java:73)
0/u	at org.junit.jupiter.engine.descriptor.TestMethodTestDescriptor.invokeTestMethod(TestMethodTestDescriptor.java:206)
0/l	at org.junit.jupiter.engine.descriptor.TestMethodTestDescriptor.execute(TestMethodTestDescriptor.java:131)
0/k	at org.junit.jupiter.engine.descriptor.TestMethodTestDescriptor.execute(TestMethodTestDescriptor.java:65)
0/s	at org.junit.platform.engine.support.hierarchical.NodeTestTask.lambda$executeRecursively$5(NodeTestTask.java:139)
0/j	at org.junit.platform.engine.support.hierarchical.ThrowableCollector.execute(ThrowableCollector.java:73)
0/s	at org.junit.platform.engine.support.hierarchical.NodeTestTask.lambda$executeRecursively$7(NodeTestTask.java:129)
0/N	at org.junit.platform.engine.support.hierarchical.Node.around(Node.java:137)
0/s	at org.junit.platform.engine.support.hierarchical.NodeTestTask.lambda$executeRecursively$8(NodeTestTask.java:127)
0/j	at org.junit.platform.engine.support.hierarchical.ThrowableCollector.execute(ThrowableCollector.java:73)
0/j	at org.junit.platform.engine.support.hierarchical.NodeTestTask.executeRecursively(NodeTestTask.java:126)
0/^	at org.junit.platform.engine.support.hierarchical.NodeTestTask.execute(NodeTestTask.java:84)
0/?	at java.base/java.util.ArrayList.forEach(ArrayList.java:1541)
0/ö	at org.junit.platform.engine.support.hierarchical.SameThreadHierarchicalTestExecutorService.invokeAll(SameThreadHierarchicalTestExecutorService.java:38)
0/s	at org.junit.platform.engine.support.hierarchical.NodeTestTask.lambda$executeRecursively$5(NodeTestTask.java:143)
0/j	at org.junit.platform.engine.support.hierarchical.ThrowableCollector.execute(ThrowableCollector.java:73)
0/s	at org.junit.platform.engine.support.hierarchical.NodeTestTask.lambda$executeRecursively$7(NodeTestTask.java:129)
0/N	at org.junit.platform.engine.support.hierarchical.Node.around(Node.java:137)
0/s	at org.junit.platform.engine.support.hierarchical.NodeTestTask.lambda$executeRecursively$8(NodeTestTask.java:127)
0/j	at org.junit.platform.engine.support.hierarchical.ThrowableCollector.execute(ThrowableCollector.java:73)
0/j	at org.junit.platform.engine.support.hierarchical.NodeTestTask.executeRecursively(NodeTestTask.java:126)
0/^	at org.junit.platform.engine.support.hierarchical.NodeTestTask.execute(NodeTestTask.java:84)
0/?	at java.base/java.util.ArrayList.forEach(ArrayList.java:1541)
0/ö	at org.junit.platform.engine.support.hierarchical.SameThreadHierarchicalTestExecutorService.invokeAll(SameThreadHierarchicalTestExecutorService.java:38)
0/s	at org.junit.platform.engine.support.hierarchical.NodeTestTask.lambda$executeRecursively$5(NodeTestTask.java:143)
0/j	at org.junit.platform.engine.support.hierarchical.ThrowableCollector.execute(ThrowableCollector.java:73)
0/s	at org.junit.platform.engine.support.hierarchical.NodeTestTask.lambda$executeRecursively$7(NodeTestTask.java:129)
0/N	at org.junit.platform.engine.support.hierarchical.Node.around(Node.java:137)
0/s	at org.junit.platform.engine.support.hierarchical.NodeTestTask.lambda$executeRecursively$8(NodeTestTask.java:127)
0/j	at org.junit.platform.engine.support.hierarchical.ThrowableCollector.execute(ThrowableCollector.java:73)
0/j	at org.junit.platform.engine.support.hierarchical.NodeTestTask.executeRecursively(NodeTestTask.java:126)
0/^	at org.junit.platform.engine.support.hierarchical.NodeTestTask.execute(NodeTestTask.java:84)
0/ó	at org.junit.platform.engine.support.hierarchical.SameThreadHierarchicalTestExecutorService.submit(SameThreadHierarchicalTestExecutorService.java:32)
0/v	at org.junit.platform.engine.support.hierarchical.HierarchicalTestExecutor.execute(HierarchicalTestExecutor.java:57)
0/r	at org.junit.platform.engine.support.hierarchical.HierarchicalTestEngine.execute(HierarchicalTestEngine.java:51)
0/o	at org.junit.platform.launcher.core.EngineExecutionOrchestrator.execute(EngineExecutionOrchestrator.java:108)
0/n	at org.junit.platform.launcher.core.EngineExecutionOrchestrator.execute(EngineExecutionOrchestrator.java:88)
0/w	at org.junit.platform.launcher.core.EngineExecutionOrchestrator.lambda$execute$0(EngineExecutionOrchestrator.java:54)
0/}	at org.junit.platform.launcher.core.EngineExecutionOrchestrator.withInterceptedStreams(EngineExecutionOrchestrator.java:67)
0/n	at org.junit.platform.launcher.core.EngineExecutionOrchestrator.execute(EngineExecutionOrchestrator.java:52)
0/V	at org.junit.platform.launcher.core.DefaultLauncher.execute(DefaultLauncher.java:96)
0/V	at org.junit.platform.launcher.core.DefaultLauncher.execute(DefaultLauncher.java:75)
0/µ	at org.gradle.api.internal.tasks.testing.junitplatform.JUnitPlatformTestClassProcessor$CollectAllTestClassesExecutor.processAllTestClasses(JUnitPlatformTestClassProcessor.java:99)
0/™	at org.gradle.api.internal.tasks.testing.junitplatform.JUnitPlatformTestClassProcessor$CollectAllTestClassesExecutor.access$000(JUnitPlatformTestClassProcessor.java:79)
0/Ü	at org.gradle.api.internal.tasks.testing.junitplatform.JUnitPlatformTestClassProcessor.stop(JUnitPlatformTestClassProcessor.java:75)
0/h	at org.gradle.api.internal.tasks.testing.SuiteTestClassProcessor.stop(SuiteTestClassProcessor.java:61)
0/S	at java.base/jdk.internal.reflect.NativeMethodAccessorImpl.invoke0(Native Method)
0/e	at java.base/jdk.internal.reflect.NativeMethodAccessorImpl.invoke(NativeMethodAccessorImpl.java:62)
0/m	at java.base/jdk.internal.reflect.DelegatingMethodAccessorImpl.invoke(DelegatingMethodAccessorImpl.java:43)
0/?	at java.base/java.lang.reflect.Method.invoke(Method.java:566)
0/Y	at org.gradle.internal.dispatch.ReflectionDispatch.dispatch(ReflectionDispatch.java:36)
0/Y	at org.gradle.internal.dispatch.ReflectionDispatch.dispatch(ReflectionDispatch.java:24)
0/i	at org.gradle.internal.dispatch.ContextClassLoaderDispatch.dispatch(ContextClassLoaderDispatch.java:33)
0/x	at org.gradle.internal.dispatch.ProxyDispatchAdapter$DispatchingInvocationHandler.invoke(ProxyDispatchAdapter.java:94)
0//	at com.sun.proxy.$Proxy5.stop(Unknown Source)
0/V	at org.gradle.api.internal.tasks.testing.worker.TestWorker.stop(TestWorker.java:133)
0/S	at java.base/jdk.internal.reflect.NativeMethodAccessorImpl.invoke0(Native Method)
0/e	at java.base/jdk.internal.reflect.NativeMethodAccessorImpl.invoke(NativeMethodAccessorImpl.java:62)
0/m	at java.base/jdk.internal.reflect.DelegatingMethodAccessorImpl.invoke(DelegatingMethodAccessorImpl.java:43)
0/?	at java.base/java.lang.reflect.Method.invoke(Method.java:566)
0/Y	at org.gradle.internal.dispatch.ReflectionDispatch.dispatch(ReflectionDispatch.java:36)
0/Y	at org.gradle.internal.dispatch.ReflectionDispatch.dispatch(ReflectionDispatch.java:24)
0/ë	at org.gradle.internal.remote.internal.hub.MessageHubBackedObjectConnection$DispatchWrapper.dispatch(MessageHubBackedObjectConnection.java:182)
0/ë	at org.gradle.internal.remote.internal.hub.MessageHubBackedObjectConnection$DispatchWrapper.dispatch(MessageHubBackedObjectConnection.java:164)
0/X	at org.gradle.internal.remote.internal.hub.MessageHub$Handler.run(MessageHub.java:414)
0/k	at org.gradle.internal.concurrent.ExecutorPolicy$CatchAndRecordFailures.onExecute(ExecutorPolicy.java:64)
0/Z	at org.gradle.internal.concurrent.ManagedExecutorImpl$1.run(ManagedExecutorImpl.java:48)
0/^	at java.base/java.util.concurrent.ThreadPoolExecutor.runWorker(ThreadPoolExecutor.java:1128)
0/^	at java.base/java.util.concurrent.ThreadPoolExecutor$Worker.run(ThreadPoolExecutor.java:628)
0/j	at org.gradle.internal.concurrent.ThreadFactoryImpl$ManagedThreadRunnable.run(ThreadFactoryImpl.java:56)
0/4	at java.base/java.lang.Thread.run(Thread.java:834)
01z09:40:52.071 [Test worker] INFO reactor.Flux.Array.40 - | onSubscribe([Synchronous Fuseable] FluxArray.ArraySubscription)
01M09:40:52.071 [Test worker] INFO reactor.Flux.Array.40 - | request(unbounded)
01I09:40:52.072 [Test worker] INFO reactor.Flux.Array.40 - | onNext(Spring)
01N09:40:52.072 [Test worker] INFO reactor.Flux.Array.40 - | onNext(Spring Boot)
01d09:40:52.072 [Test worker] INFO reactor.Flux.Array.40 - | onNext(Reactive SpringFlux has completed)
01G09:40:52.072 [Test worker] INFO reactor.Flux.Array.40 - | onComplete()
01Flux has completed
02~09:40:52.092 [Test worker] INFO reactor.Flux.MapFuseable.41 - | onSubscribe([Fuseable] FluxMapFuseable.MapFuseableSubscriber)
02S09:40:52.092 [Test worker] INFO reactor.Flux.MapFuseable.41 - | request(unbounded)
02J09:40:52.092 [Test worker] INFO reactor.Flux.MapFuseable.41 - | onNext(1)
02K09:40:52.092 [Test worker] INFO reactor.Flux.MapFuseable.41 - | onNext(23)
02M09:40:52.092 [Test worker] INFO reactor.Flux.MapFuseable.41 - | onNext(3456)
02É09:40:52.092 [Test worker] ERROR reactor.Flux.MapFuseable.41 - | onError(java.lang.NumberFormatException: For input string: "98a")
02@09:40:52.092 [Test worker] ERROR reactor.Flux.MapFuseable.41 - 
029java.lang.NumberFormatException: For input string: "98a"
02\	at java.base/java.lang.NumberFormatException.forInputString(NumberFormatException.java:65)
02;	at java.base/java.lang.Integer.parseInt(Integer.java:652)
02;	at java.base/java.lang.Integer.parseInt(Integer.java:770)
02É	at com.github.felipegutierrez.explore.basics.FluxAndMonoBasics.lambda$createFluxConverterStringToInt$7(FluxAndMonoBasics.java:68)
02b	at reactor.core.publisher.FluxMapFuseable$MapFuseableSubscriber.onNext(FluxMapFuseable.java:113)
02T	at reactor.core.publisher.FluxArray$ArraySubscription.fastPath(FluxArray.java:172)
02R	at reactor.core.publisher.FluxArray$ArraySubscription.request(FluxArray.java:97)
02c	at reactor.core.publisher.FluxMapFuseable$MapFuseableSubscriber.request(FluxMapFuseable.java:169)
02f	at reactor.core.publisher.FluxPeekFuseable$PeekFuseableSubscriber.request(FluxPeekFuseable.java:144)
02S	at reactor.core.publisher.LambdaSubscriber.onSubscribe(LambdaSubscriber.java:119)
02j	at reactor.core.publisher.FluxPeekFuseable$PeekFuseableSubscriber.onSubscribe(FluxPeekFuseable.java:178)
02f	at reactor.core.publisher.FluxMapFuseable$MapFuseableSubscriber.onSubscribe(FluxMapFuseable.java:96)
02B	at reactor.core.publisher.FluxArray.subscribe(FluxArray.java:53)
02B	at reactor.core.publisher.FluxArray.subscribe(FluxArray.java:59)
02:	at reactor.core.publisher.Flux.subscribe(Flux.java:8095)
02>	at reactor.core.publisher.Flux.subscribeWith(Flux.java:8268)
02:	at reactor.core.publisher.Flux.subscribe(Flux.java:8065)
02:	at reactor.core.publisher.Flux.subscribe(Flux.java:7989)
02:	at reactor.core.publisher.Flux.subscribe(Flux.java:7932)
02z	at com.github.felipegutierrez.explore.basics.FluxAndMonoBasics.createFluxConverterStringToInt(FluxAndMonoBasics.java:71)
02à	at com.github.felipegutierrez.explore.basics.FluxAndMonoBasicsTest.testCreateFluxConverterWithException(FluxAndMonoBasicsTest.java:77)
02S	at java.base/jdk.internal.reflect.NativeMethodAccessorImpl.invoke0(Native Method)
02e	at java.base/jdk.internal.reflect.NativeMethodAccessorImpl.invoke(NativeMethodAccessorImpl.java:62)
02m	at java.base/jdk.internal.reflect.DelegatingMethodAccessorImpl.invoke(DelegatingMethodAccessorImpl.java:43)
02?	at java.base/java.lang.reflect.Method.invoke(Method.java:566)
02[	at org.junit.platform.commons.util.ReflectionUtils.invokeMethod(ReflectionUtils.java:688)
02Z	at org.junit.jupiter.engine.execution.MethodInvocation.proceed(MethodInvocation.java:60)
02Ñ	at org.junit.jupiter.engine.execution.InvocationInterceptorChain$ValidatingInvocation.proceed(InvocationInterceptorChain.java:131)
02]	at org.junit.jupiter.engine.extension.TimeoutExtension.intercept(TimeoutExtension.java:149)
02k	at org.junit.jupiter.engine.extension.TimeoutExtension.interceptTestableMethod(TimeoutExtension.java:140)
02f	at org.junit.jupiter.engine.extension.TimeoutExtension.interceptTestMethod(TimeoutExtension.java:84)
02Ö	at org.junit.jupiter.engine.execution.ExecutableInvoker$ReflectiveInterceptorCall.lambda$ofVoidMethod$0(ExecutableInvoker.java:115)
02e	at org.junit.jupiter.engine.execution.ExecutableInvoker.lambda$invoke$0(ExecutableInvoker.java:105)
02Ö	at org.junit.jupiter.engine.execution.InvocationInterceptorChain$InterceptedInvocation.proceed(InvocationInterceptorChain.java:106)
02n	at org.junit.jupiter.engine.execution.InvocationInterceptorChain.proceed(InvocationInterceptorChain.java:64)
02u	at org.junit.jupiter.engine.execution.InvocationInterceptorChain.chainAndInvoke(InvocationInterceptorChain.java:45)
02m	at org.junit.jupiter.engine.execution.InvocationInterceptorChain.invoke(InvocationInterceptorChain.java:37)
02\	at org.junit.jupiter.engine.execution.ExecutableInvoker.invoke(ExecutableInvoker.java:104)
02[	at org.junit.jupiter.engine.execution.ExecutableInvoker.invoke(ExecutableInvoker.java:98)
02~	at org.junit.jupiter.engine.descriptor.TestMethodTestDescriptor.lambda$invokeTestMethod$6(TestMethodTestDescriptor.java:210)
02j	at org.junit.platform.engine.support.hierarchical.ThrowableCollector.execute(ThrowableCollector.java:73)
02u	at org.junit.jupiter.engine.descriptor.TestMethodTestDescriptor.invokeTestMethod(TestMethodTestDescriptor.java:206)
02l	at org.junit.jupiter.engine.descriptor.TestMethodTestDescriptor.execute(TestMethodTestDescriptor.java:131)
02k	at org.junit.jupiter.engine.descriptor.TestMethodTestDescriptor.execute(TestMethodTestDescriptor.java:65)
02s	at org.junit.platform.engine.support.hierarchical.NodeTestTask.lambda$executeRecursively$5(NodeTestTask.java:139)
02j	at org.junit.platform.engine.support.hierarchical.ThrowableCollector.execute(ThrowableCollector.java:73)
02s	at org.junit.platform.engine.support.hierarchical.NodeTestTask.lambda$executeRecursively$7(NodeTestTask.java:129)
02N	at org.junit.platform.engine.support.hierarchical.Node.around(Node.java:137)
02s	at org.junit.platform.engine.support.hierarchical.NodeTestTask.lambda$executeRecursively$8(NodeTestTask.java:127)
02j	at org.junit.platform.engine.support.hierarchical.ThrowableCollector.execute(ThrowableCollector.java:73)
02j	at org.junit.platform.engine.support.hierarchical.NodeTestTask.executeRecursively(NodeTestTask.java:126)
02^	at org.junit.platform.engine.support.hierarchical.NodeTestTask.execute(NodeTestTask.java:84)
02?	at java.base/java.util.ArrayList.forEach(ArrayList.java:1541)
02ö	at org.junit.platform.engine.support.hierarchical.SameThreadHierarchicalTestExecutorService.invokeAll(SameThreadHierarchicalTestExecutorService.java:38)
02s	at org.junit.platform.engine.support.hierarchical.NodeTestTask.lambda$executeRecursively$5(NodeTestTask.java:143)
02j	at org.junit.platform.engine.support.hierarchical.ThrowableCollector.execute(ThrowableCollector.java:73)
02s	at org.junit.platform.engine.support.hierarchical.NodeTestTask.lambda$executeRecursively$7(NodeTestTask.java:129)
02N	at org.junit.platform.engine.support.hierarchical.Node.around(Node.java:137)
02s	at org.junit.platform.engine.support.hierarchical.NodeTestTask.lambda$executeRecursively$8(NodeTestTask.java:127)
02j	at org.junit.platform.engine.support.hierarchical.ThrowableCollector.execute(ThrowableCollector.java:73)
02j	at org.junit.platform.engine.support.hierarchical.NodeTestTask.executeRecursively(NodeTestTask.java:126)
02^	at org.junit.platform.engine.support.hierarchical.NodeTestTask.execute(NodeTestTask.java:84)
02?	at java.base/java.util.ArrayList.forEach(ArrayList.java:1541)
02ö	at org.junit.platform.engine.support.hierarchical.SameThreadHierarchicalTestExecutorService.invokeAll(SameThreadHierarchicalTestExecutorService.java:38)
02s	at org.junit.platform.engine.support.hierarchical.NodeTestTask.lambda$executeRecursively$5(NodeTestTask.java:143)
02j	at org.junit.platform.engine.support.hierarchical.ThrowableCollector.execute(ThrowableCollector.java:73)
02s	at org.junit.platform.engine.support.hierarchical.NodeTestTask.lambda$executeRecursively$7(NodeTestTask.java:129)
02N	at org.junit.platform.engine.support.hierarchical.Node.around(Node.java:137)
02s	at org.junit.platform.engine.support.hierarchical.NodeTestTask.lambda$executeRecursively$8(NodeTestTask.java:127)
02j	at org.junit.platform.engine.support.hierarchical.ThrowableCollector.execute(ThrowableCollector.java:73)
02j	at org.junit.platform.engine.support.hierarchical.NodeTestTask.executeRecursively(NodeTestTask.java:126)
02^	at org.junit.platform.engine.support.hierarchical.NodeTestTask.execute(NodeTestTask.java:84)
02ó	at org.junit.platform.engine.support.hierarchical.SameThreadHierarchicalTestExecutorService.submit(SameThreadHierarchicalTestExecutorService.java:32)
02v	at org.junit.platform.engine.support.hierarchical.HierarchicalTestExecutor.execute(HierarchicalTestExecutor.java:57)
02r	at org.junit.platform.engine.support.hierarchical.HierarchicalTestEngine.execute(HierarchicalTestEngine.java:51)
02o	at org.junit.platform.launcher.core.EngineExecutionOrchestrator.execute(EngineExecutionOrchestrator.java:108)
02n	at org.junit.platform.launcher.core.EngineExecutionOrchestrator.execute(EngineExecutionOrchestrator.java:88)
02w	at org.junit.platform.launcher.core.EngineExecutionOrchestrator.lambda$execute$0(EngineExecutionOrchestrator.java:54)
02}	at org.junit.platform.launcher.core.EngineExecutionOrchestrator.withInterceptedStreams(EngineExecutionOrchestrator.java:67)
02n	at org.junit.platform.launcher.core.EngineExecutionOrchestrator.execute(EngineExecutionOrchestrator.java:52)
02V	at org.junit.platform.launcher.core.DefaultLauncher.execute(DefaultLauncher.java:96)
02V	at org.junit.platform.launcher.core.DefaultLauncher.execute(DefaultLauncher.java:75)
02µ	at org.gradle.api.internal.tasks.testing.junitplatform.JUnitPlatformTestClassProcessor$CollectAllTestClassesExecutor.processAllTestClasses(JUnitPlatformTestClassProcessor.java:99)
02™	at org.gradle.api.internal.tasks.testing.junitplatform.JUnitPlatformTestClassProcessor$CollectAllTestClassesExecutor.access$000(JUnitPlatformTestClassProcessor.java:79)
02Ü	at org.gradle.api.internal.tasks.testing.junitplatform.JUnitPlatformTestClassProcessor.stop(JUnitPlatformTestClassProcessor.java:75)
02h	at org.gradle.api.internal.tasks.testing.SuiteTestClassProcessor.stop(SuiteTestClassProcessor.java:61)
02S	at java.base/jdk.internal.reflect.NativeMethodAccessorImpl.invoke0(Native Method)
02e	at java.base/jdk.internal.reflect.NativeMethodAccessorImpl.invoke(NativeMethodAccessorImpl.java:62)
02m	at java.base/jdk.internal.reflect.DelegatingMethodAccessorImpl.invoke(DelegatingMethodAccessorImpl.java:43)
02?	at java.base/java.lang.reflect.Method.invoke(Method.java:566)
02Y	at org.gradle.internal.dispatch.ReflectionDispatch.dispatch(ReflectionDispatch.java:36)
02Y	at org.gradle.internal.dispatch.ReflectionDispatch.dispatch(ReflectionDispatch.java:24)
02i	at org.gradle.internal.dispatch.ContextClassLoaderDispatch.dispatch(ContextClassLoaderDispatch.java:33)
02x	at org.gradle.internal.dispatch.ProxyDispatchAdapter$DispatchingInvocationHandler.invoke(ProxyDispatchAdapter.java:94)
02/	at com.sun.proxy.$Proxy5.stop(Unknown Source)
02V	at org.gradle.api.internal.tasks.testing.worker.TestWorker.stop(TestWorker.java:133)
02S	at java.base/jdk.internal.reflect.NativeMethodAccessorImpl.invoke0(Native Method)
02e	at java.base/jdk.internal.reflect.NativeMethodAccessorImpl.invoke(NativeMethodAccessorImpl.java:62)
02m	at java.base/jdk.internal.reflect.DelegatingMethodAccessorImpl.invoke(DelegatingMethodAccessorImpl.java:43)
02?	at java.base/java.lang.reflect.Method.invoke(Method.java:566)
02Y	at org.gradle.internal.dispatch.ReflectionDispatch.dispatch(ReflectionDispatch.java:36)
02Y	at org.gradle.internal.dispatch.ReflectionDispatch.dispatch(ReflectionDispatch.java:24)
02ë	at org.gradle.internal.remote.internal.hub.MessageHubBackedObjectConnection$DispatchWrapper.dispatch(MessageHubBackedObjectConnection.java:182)
02ë	at org.gradle.internal.remote.internal.hub.MessageHubBackedObjectConnection$DispatchWrapper.dispatch(MessageHubBackedObjectConnection.java:164)
02X	at org.gradle.internal.remote.internal.hub.MessageHub$Handler.run(MessageHub.java:414)
02k	at org.gradle.internal.concurrent.ExecutorPolicy$CatchAndRecordFailures.onExecute(ExecutorPolicy.java:64)
02Z	at org.gradle.internal.concurrent.ManagedExecutorImpl$1.run(ManagedExecutorImpl.java:48)
02^	at java.base/java.util.concurrent.ThreadPoolExecutor.runWorker(ThreadPoolExecutor.java:1128)
02^	at java.base/java.util.concurrent.ThreadPoolExecutor$Worker.run(ThreadPoolExecutor.java:628)
02j	at org.gradle.internal.concurrent.ThreadFactoryImpl$ManagedThreadRunnable.run(ThreadFactoryImpl.java:56)
024	at java.base/java.lang.Thread.run(Thread.java:834)
02k09:40:52.094 [Test worker] ERROR reactor.core.publisher.Operators - Operator called default onErrorDropped
02nreactor.core.Exceptions$ErrorCallbackNotImplemented: java.lang.NumberFormatException: For input string: "98a"
02DCaused by: java.lang.NumberFormatException: For input string: "98a"
02\	at java.base/java.lang.NumberFormatException.forInputString(NumberFormatException.java:65)
02;	at java.base/java.lang.Integer.parseInt(Integer.java:652)
02;	at java.base/java.lang.Integer.parseInt(Integer.java:770)
02É	at com.github.felipegutierrez.explore.basics.FluxAndMonoBasics.lambda$createFluxConverterStringToInt$7(FluxAndMonoBasics.java:68)
02b	at reactor.core.publisher.FluxMapFuseable$MapFuseableSubscriber.onNext(FluxMapFuseable.java:113)
02T	at reactor.core.publisher.FluxArray$ArraySubscription.fastPath(FluxArray.java:172)
02R	at reactor.core.publisher.FluxArray$ArraySubscription.request(FluxArray.java:97)
02c	at reactor.core.publisher.FluxMapFuseable$MapFuseableSubscriber.request(FluxMapFuseable.java:169)
02f	at reactor.core.publisher.FluxPeekFuseable$PeekFuseableSubscriber.request(FluxPeekFuseable.java:144)
02S	at reactor.core.publisher.LambdaSubscriber.onSubscribe(LambdaSubscriber.java:119)
02j	at reactor.core.publisher.FluxPeekFuseable$PeekFuseableSubscriber.onSubscribe(FluxPeekFuseable.java:178)
02f	at reactor.core.publisher.FluxMapFuseable$MapFuseableSubscriber.onSubscribe(FluxMapFuseable.java:96)
02B	at reactor.core.publisher.FluxArray.subscribe(FluxArray.java:53)
02B	at reactor.core.publisher.FluxArray.subscribe(FluxArray.java:59)
02:	at reactor.core.publisher.Flux.subscribe(Flux.java:8095)
02>	at reactor.core.publisher.Flux.subscribeWith(Flux.java:8268)
02:	at reactor.core.publisher.Flux.subscribe(Flux.java:8065)
02:	at reactor.core.publisher.Flux.subscribe(Flux.java:7989)
02:	at reactor.core.publisher.Flux.subscribe(Flux.java:7932)
02z	at com.github.felipegutierrez.explore.basics.FluxAndMonoBasics.createFluxConverterStringToInt(FluxAndMonoBasics.java:71)
02à	at com.github.felipegutierrez.explore.basics.FluxAndMonoBasicsTest.testCreateFluxConverterWithException(FluxAndMonoBasicsTest.java:77)
02S	at java.base/jdk.internal.reflect.NativeMethodAccessorImpl.invoke0(Native Method)
02e	at java.base/jdk.internal.reflect.NativeMethodAccessorImpl.invoke(NativeMethodAccessorImpl.java:62)
02m	at java.base/jdk.internal.reflect.DelegatingMethodAccessorImpl.invoke(DelegatingMethodAccessorImpl.java:43)
02?	at java.base/java.lang.reflect.Method.invoke(Method.java:566)
02[	at org.junit.platform.commons.util.ReflectionUtils.invokeMethod(ReflectionUtils.java:688)
02Z	at org.junit.jupiter.engine.execution.MethodInvocation.proceed(MethodInvocation.java:60)
02Ñ	at org.junit.jupiter.engine.execution.InvocationInterceptorChain$ValidatingInvocation.proceed(InvocationInterceptorChain.java:131)
02]	at org.junit.jupiter.engine.extension.TimeoutExtension.intercept(TimeoutExtension.java:149)
02k	at org.junit.jupiter.engine.extension.TimeoutExtension.interceptTestableMethod(TimeoutExtension.java:140)
02f	at org.junit.jupiter.engine.extension.TimeoutExtension.interceptTestMethod(TimeoutExtension.java:84)
02Ö	at org.junit.jupiter.engine.execution.ExecutableInvoker$ReflectiveInterceptorCall.lambda$ofVoidMethod$0(ExecutableInvoker.java:115)
02e	at org.junit.jupiter.engine.execution.ExecutableInvoker.lambda$invoke$0(ExecutableInvoker.java:105)
02Ö	at org.junit.jupiter.engine.execution.InvocationInterceptorChain$InterceptedInvocation.proceed(InvocationInterceptorChain.java:106)
02n	at org.junit.jupiter.engine.execution.InvocationInterceptorChain.proceed(InvocationInterceptorChain.java:64)
02u	at org.junit.jupiter.engine.execution.InvocationInterceptorChain.chainAndInvoke(InvocationInterceptorChain.java:45)
02m	at org.junit.jupiter.engine.execution.InvocationInterceptorChain.invoke(InvocationInterceptorChain.java:37)
02\	at org.junit.jupiter.engine.execution.ExecutableInvoker.invoke(ExecutableInvoker.java:104)
02[	at org.junit.jupiter.engine.execution.ExecutableInvoker.invoke(ExecutableInvoker.java:98)
02~	at org.junit.jupiter.engine.descriptor.TestMethodTestDescriptor.lambda$invokeTestMethod$6(TestMethodTestDescriptor.java:210)
02j	at org.junit.platform.engine.support.hierarchical.ThrowableCollector.execute(ThrowableCollector.java:73)
02u	at org.junit.jupiter.engine.descriptor.TestMethodTestDescriptor.invokeTestMethod(TestMethodTestDescriptor.java:206)
02l	at org.junit.jupiter.engine.descriptor.TestMethodTestDescriptor.execute(TestMethodTestDescriptor.java:131)
02k	at org.junit.jupiter.engine.descriptor.TestMethodTestDescriptor.execute(TestMethodTestDescriptor.java:65)
02s	at org.junit.platform.engine.support.hierarchical.NodeTestTask.lambda$executeRecursively$5(NodeTestTask.java:139)
02j	at org.junit.platform.engine.support.hierarchical.ThrowableCollector.execute(ThrowableCollector.java:73)
02s	at org.junit.platform.engine.support.hierarchical.NodeTestTask.lambda$executeRecursively$7(NodeTestTask.java:129)
02N	at org.junit.platform.engine.support.hierarchical.Node.around(Node.java:137)
02s	at org.junit.platform.engine.support.hierarchical.NodeTestTask.lambda$executeRecursively$8(NodeTestTask.java:127)
02j	at org.junit.platform.engine.support.hierarchical.ThrowableCollector.execute(ThrowableCollector.java:73)
02j	at org.junit.platform.engine.support.hierarchical.NodeTestTask.executeRecursively(NodeTestTask.java:126)
02^	at org.junit.platform.engine.support.hierarchical.NodeTestTask.execute(NodeTestTask.java:84)
02?	at java.base/java.util.ArrayList.forEach(ArrayList.java:1541)
02ö	at org.junit.platform.engine.support.hierarchical.SameThreadHierarchicalTestExecutorService.invokeAll(SameThreadHierarchicalTestExecutorService.java:38)
02s	at org.junit.platform.engine.support.hierarchical.NodeTestTask.lambda$executeRecursively$5(NodeTestTask.java:143)
02j	at org.junit.platform.engine.support.hierarchical.ThrowableCollector.execute(ThrowableCollector.java:73)
02s	at org.junit.platform.engine.support.hierarchical.NodeTestTask.lambda$executeRecursively$7(NodeTestTask.java:129)
02N	at org.junit.platform.engine.support.hierarchical.Node.around(Node.java:137)
02s	at org.junit.platform.engine.support.hierarchical.NodeTestTask.lambda$executeRecursively$8(NodeTestTask.java:127)
02j	at org.junit.platform.engine.support.hierarchical.ThrowableCollector.execute(ThrowableCollector.java:73)
02j	at org.junit.platform.engine.support.hierarchical.NodeTestTask.executeRecursively(NodeTestTask.java:126)
02^	at org.junit.platform.engine.support.hierarchical.NodeTestTask.execute(NodeTestTask.java:84)
02?	at java.base/java.util.ArrayList.forEach(ArrayList.java:1541)
02ö	at org.junit.platform.engine.support.hierarchical.SameThreadHierarchicalTestExecutorService.invokeAll(SameThreadHierarchicalTestExecutorService.java:38)
02s	at org.junit.platform.engine.support.hierarchical.NodeTestTask.lambda$executeRecursively$5(NodeTestTask.java:143)
02j	at org.junit.platform.engine.support.hierarchical.ThrowableCollector.execute(ThrowableCollector.java:73)
02s	at org.junit.platform.engine.support.hierarchical.NodeTestTask.lambda$executeRecursively$7(NodeTestTask.java:129)
02N	at org.junit.platform.engine.support.hierarchical.Node.around(Node.java:137)
02s	at org.junit.platform.engine.support.hierarchical.NodeTestTask.lambda$executeRecursively$8(NodeTestTask.java:127)
02j	at org.junit.platform.engine.support.hierarchical.ThrowableCollector.execute(ThrowableCollector.java:73)
02j	at org.junit.platform.engine.support.hierarchical.NodeTestTask.executeRecursively(NodeTestTask.java:126)
02^	at org.junit.platform.engine.support.hierarchical.NodeTestTask.execute(NodeTestTask.java:84)
02ó	at org.junit.platform.engine.support.hierarchical.SameThreadHierarchicalTestExecutorService.submit(SameThreadHierarchicalTestExecutorService.java:32)
02v	at org.junit.platform.engine.support.hierarchical.HierarchicalTestExecutor.execute(HierarchicalTestExecutor.java:57)
02r	at org.junit.platform.engine.support.hierarchical.HierarchicalTestEngine.execute(HierarchicalTestEngine.java:51)
02o	at org.junit.platform.launcher.core.EngineExecutionOrchestrator.execute(EngineExecutionOrchestrator.java:108)
02n	at org.junit.platform.launcher.core.EngineExecutionOrchestrator.execute(EngineExecutionOrchestrator.java:88)
02w	at org.junit.platform.launcher.core.EngineExecutionOrchestrator.lambda$execute$0(EngineExecutionOrchestrator.java:54)
02}	at org.junit.platform.launcher.core.EngineExecutionOrchestrator.withInterceptedStreams(EngineExecutionOrchestrator.java:67)
02n	at org.junit.platform.launcher.core.EngineExecutionOrchestrator.execute(EngineExecutionOrchestrator.java:52)
02V	at org.junit.platform.launcher.core.DefaultLauncher.execute(DefaultLauncher.java:96)
02V	at org.junit.platform.launcher.core.DefaultLauncher.execute(DefaultLauncher.java:75)
02µ	at org.gradle.api.internal.tasks.testing.junitplatform.JUnitPlatformTestClassProcessor$CollectAllTestClassesExecutor.processAllTestClasses(JUnitPlatformTestClassProcessor.java:99)
02™	at org.gradle.api.internal.tasks.testing.junitplatform.JUnitPlatformTestClassProcessor$CollectAllTestClassesExecutor.access$000(JUnitPlatformTestClassProcessor.java:79)
02Ü	at org.gradle.api.internal.tasks.testing.junitplatform.JUnitPlatformTestClassProcessor.stop(JUnitPlatformTestClassProcessor.java:75)
02h	at org.gradle.api.internal.tasks.testing.SuiteTestClassProcessor.stop(SuiteTestClassProcessor.java:61)
02S	at java.base/jdk.internal.reflect.NativeMethodAccessorImpl.invoke0(Native Method)
02e	at java.base/jdk.internal.reflect.NativeMethodAccessorImpl.invoke(NativeMethodAccessorImpl.java:62)
02m	at java.base/jdk.internal.reflect.DelegatingMethodAccessorImpl.invoke(DelegatingMethodAccessorImpl.java:43)
02?	at java.base/java.lang.reflect.Method.invoke(Method.java:566)
02Y	at org.gradle.internal.dispatch.ReflectionDispatch.dispatch(ReflectionDispatch.java:36)
02Y	at org.gradle.internal.dispatch.ReflectionDispatch.dispatch(ReflectionDispatch.java:24)
02i	at org.gradle.internal.dispatch.ContextClassLoaderDispatch.dispatch(ContextClassLoaderDispatch.java:33)
02x	at org.gradle.internal.dispatch.ProxyDispatchAdapter$DispatchingInvocationHandler.invoke(ProxyDispatchAdapter.java:94)
02/	at com.sun.proxy.$Proxy5.stop(Unknown Source)
02V	at org.gradle.api.internal.tasks.testing.worker.TestWorker.stop(TestWorker.java:133)
02S	at java.base/jdk.internal.reflect.NativeMethodAccessorImpl.invoke0(Native Method)
02e	at java.base/jdk.internal.reflect.NativeMethodAccessorImpl.invoke(NativeMethodAccessorImpl.java:62)
02m	at java.base/jdk.internal.reflect.DelegatingMethodAccessorImpl.invoke(DelegatingMethodAccessorImpl.java:43)
02?	at java.base/java.lang.reflect.Method.invoke(Method.java:566)
02Y	at org.gradle.internal.dispatch.ReflectionDispatch.dispatch(ReflectionDispatch.java:36)
02Y	at org.gradle.internal.dispatch.ReflectionDispatch.dispatch(ReflectionDispatch.java:24)
02ë	at org.gradle.internal.remote.internal.hub.MessageHubBackedObjectConnection$DispatchWrapper.dispatch(MessageHubBackedObjectConnection.java:182)
02ë	at org.gradle.internal.remote.internal.hub.MessageHubBackedObjectConnection$DispatchWrapper.dispatch(MessageHubBackedObjectConnection.java:164)
02X	at org.gradle.internal.remote.internal.hub.MessageHub$Handler.run(MessageHub.java:414)
02k	at org.gradle.internal.concurrent.ExecutorPolicy$CatchAndRecordFailures.onExecute(ExecutorPolicy.java:64)
02Z	at org.gradle.internal.concurrent.ManagedExecutorImpl$1.run(ManagedExecutorImpl.java:48)
02^	at java.base/java.util.concurrent.ThreadPoolExecutor.runWorker(ThreadPoolExecutor.java:1128)
02^	at java.base/java.util.concurrent.ThreadPoolExecutor$Worker.run(ThreadPoolExecutor.java:628)
02j	at org.gradle.internal.concurrent.ThreadFactoryImpl$ManagedThreadRunnable.run(ThreadFactoryImpl.java:56)
024	at java.base/java.lang.Thread.run(Thread.java:834)
03z09:40:52.097 [Test worker] INFO reactor.Flux.Array.42 - | onSubscribe([Synchronous Fuseable] FluxArray.ArraySubscription)
03M09:40:52.097 [Test worker] INFO reactor.Flux.Array.42 - | request(unbounded)
03I09:40:52.097 [Test worker] INFO reactor.Flux.Array.42 - | onNext(Spring)
03N09:40:52.097 [Test worker] INFO reactor.Flux.Array.42 - | onNext(Spring Boot)
03R09:40:52.097 [Test worker] INFO reactor.Flux.Array.42 - | onNext(Reactive Spring)
03G09:40:52.097 [Test worker] INFO reactor.Flux.Array.42 - | onComplete()
03z09:40:52.098 [Test worker] INFO reactor.Flux.Array.42 - | onSubscribe([Synchronous Fuseable] FluxArray.ArraySubscription)
03M09:40:52.098 [Test worker] INFO reactor.Flux.Array.42 - | request(unbounded)
03I09:40:52.098 [Test worker] INFO reactor.Flux.Array.42 - | onNext(Spring)
03N09:40:52.098 [Test worker] INFO reactor.Flux.Array.42 - | onNext(Spring Boot)
03R09:40:52.098 [Test worker] INFO reactor.Flux.Array.42 - | onNext(Reactive Spring)
03G09:40:52.098 [Test worker] INFO reactor.Flux.Array.42 - | onComplete()
03z09:40:52.098 [Test worker] INFO reactor.Flux.Array.42 - | onSubscribe([Synchronous Fuseable] FluxArray.ArraySubscription)
03M09:40:52.098 [Test worker] INFO reactor.Flux.Array.42 - | request(unbounded)
03I09:40:52.098 [Test worker] INFO reactor.Flux.Array.42 - | onNext(Spring)
03N09:40:52.098 [Test worker] INFO reactor.Flux.Array.42 - | onNext(Spring Boot)
03R09:40:52.098 [Test worker] INFO reactor.Flux.Array.42 - | onNext(Reactive Spring)
03G09:40:52.099 [Test worker] INFO reactor.Flux.Array.42 - | onComplete()
04~09:40:52.101 [Test worker] INFO reactor.Flux.MapFuseable.43 - | onSubscribe([Fuseable] FluxMapFuseable.MapFuseableSubscriber)
04S09:40:52.101 [Test worker] INFO reactor.Flux.MapFuseable.43 - | request(unbounded)
04J09:40:52.101 [Test worker] INFO reactor.Flux.MapFuseable.43 - | onNext(1)
04K09:40:52.101 [Test worker] INFO reactor.Flux.MapFuseable.43 - | onNext(23)
04M09:40:52.101 [Test worker] INFO reactor.Flux.MapFuseable.43 - | onNext(3456)
04K09:40:52.101 [Test worker] INFO reactor.Flux.MapFuseable.43 - | onNext(98)
04L09:40:52.101 [Test worker] INFO reactor.Flux.MapFuseable.43 - | onNext(127)
04M09:40:52.101 [Test worker] INFO reactor.Flux.MapFuseable.43 - | onComplete()
05~09:40:52.104 [Test worker] INFO reactor.Flux.MapFuseable.44 - | onSubscribe([Fuseable] FluxMapFuseable.MapFuseableSubscriber)
05S09:40:52.104 [Test worker] INFO reactor.Flux.MapFuseable.44 - | request(unbounded)
05J09:40:52.105 [Test worker] INFO reactor.Flux.MapFuseable.44 - | onNext(1)
05K09:40:52.105 [Test worker] INFO reactor.Flux.MapFuseable.44 - | onNext(23)
05M09:40:52.105 [Test worker] INFO reactor.Flux.MapFuseable.44 - | onNext(3456)
05É09:40:52.105 [Test worker] ERROR reactor.Flux.MapFuseable.44 - | onError(java.lang.NumberFormatException: For input string: "98a")
05@09:40:52.105 [Test worker] ERROR reactor.Flux.MapFuseable.44 - 
059java.lang.NumberFormatException: For input string: "98a"
05\	at java.base/java.lang.NumberFormatException.forInputString(NumberFormatException.java:65)
05;	at java.base/java.lang.Integer.parseInt(Integer.java:652)
05;	at java.base/java.lang.Integer.parseInt(Integer.java:770)
05ì	at com.github.felipegutierrez.explore.basics.FluxAndMonoBasics.lambda$createFluxWithoutSubscribeConverterStringToInt$9(FluxAndMonoBasics.java:87)
05b	at reactor.core.publisher.FluxMapFuseable$MapFuseableSubscriber.onNext(FluxMapFuseable.java:113)
05T	at reactor.core.publisher.FluxArray$ArraySubscription.fastPath(FluxArray.java:172)
05R	at reactor.core.publisher.FluxArray$ArraySubscription.request(FluxArray.java:97)
05c	at reactor.core.publisher.FluxMapFuseable$MapFuseableSubscriber.request(FluxMapFuseable.java:169)
05f	at reactor.core.publisher.FluxPeekFuseable$PeekFuseableSubscriber.request(FluxPeekFuseable.java:144)
05v	at reactor.test.DefaultStepVerifierBuilder$DefaultVerifySubscriber.onSubscribe(DefaultStepVerifierBuilder.java:1124)
05j	at reactor.core.publisher.FluxPeekFuseable$PeekFuseableSubscriber.onSubscribe(FluxPeekFuseable.java:178)
05f	at reactor.core.publisher.FluxMapFuseable$MapFuseableSubscriber.onSubscribe(FluxMapFuseable.java:96)
05B	at reactor.core.publisher.FluxArray.subscribe(FluxArray.java:53)
05B	at reactor.core.publisher.FluxArray.subscribe(FluxArray.java:59)
05:	at reactor.core.publisher.Flux.subscribe(Flux.java:8095)
05|	at reactor.test.DefaultStepVerifierBuilder$DefaultStepVerifier.toVerifierAndSubscribe(DefaultStepVerifierBuilder.java:868)
05l	at reactor.test.DefaultStepVerifierBuilder$DefaultStepVerifier.verify(DefaultStepVerifierBuilder.java:824)
05l	at reactor.test.DefaultStepVerifierBuilder$DefaultStepVerifier.verify(DefaultStepVerifierBuilder.java:816)
05ã	at com.github.felipegutierrez.explore.basics.FluxAndMonoBasicsTest.testCreateFluxConverterHandleException(FluxAndMonoBasicsTest.java:123)
05S	at java.base/jdk.internal.reflect.NativeMethodAccessorImpl.invoke0(Native Method)
05e	at java.base/jdk.internal.reflect.NativeMethodAccessorImpl.invoke(NativeMethodAccessorImpl.java:62)
05m	at java.base/jdk.internal.reflect.DelegatingMethodAccessorImpl.invoke(DelegatingMethodAccessorImpl.java:43)
05?	at java.base/java.lang.reflect.Method.invoke(Method.java:566)
05[	at org.junit.platform.commons.util.ReflectionUtils.invokeMethod(ReflectionUtils.java:688)
05Z	at org.junit.jupiter.engine.execution.MethodInvocation.proceed(MethodInvocation.java:60)
05Ñ	at org.junit.jupiter.engine.execution.InvocationInterceptorChain$ValidatingInvocation.proceed(InvocationInterceptorChain.java:131)
05]	at org.junit.jupiter.engine.extension.TimeoutExtension.intercept(TimeoutExtension.java:149)
05k	at org.junit.jupiter.engine.extension.TimeoutExtension.interceptTestableMethod(TimeoutExtension.java:140)
05f	at org.junit.jupiter.engine.extension.TimeoutExtension.interceptTestMethod(TimeoutExtension.java:84)
05Ö	at org.junit.jupiter.engine.execution.ExecutableInvoker$ReflectiveInterceptorCall.lambda$ofVoidMethod$0(ExecutableInvoker.java:115)
05e	at org.junit.jupiter.engine.execution.ExecutableInvoker.lambda$invoke$0(ExecutableInvoker.java:105)
05Ö	at org.junit.jupiter.engine.execution.InvocationInterceptorChain$InterceptedInvocation.proceed(InvocationInterceptorChain.java:106)
05n	at org.junit.jupiter.engine.execution.InvocationInterceptorChain.proceed(InvocationInterceptorChain.java:64)
05u	at org.junit.jupiter.engine.execution.InvocationInterceptorChain.chainAndInvoke(InvocationInterceptorChain.java:45)
05m	at org.junit.jupiter.engine.execution.InvocationInterceptorChain.invoke(InvocationInterceptorChain.java:37)
05\	at org.junit.jupiter.engine.execution.ExecutableInvoker.invoke(ExecutableInvoker.java:104)
05[	at org.junit.jupiter.engine.execution.ExecutableInvoker.invoke(ExecutableInvoker.java:98)
05~	at org.junit.jupiter.engine.descriptor.TestMethodTestDescriptor.lambda$invokeTestMethod$6(TestMethodTestDescriptor.java:210)
05j	at org.junit.platform.engine.support.hierarchical.ThrowableCollector.execute(ThrowableCollector.java:73)
05u	at org.junit.jupiter.engine.descriptor.TestMethodTestDescriptor.invokeTestMethod(TestMethodTestDescriptor.java:206)
05l	at org.junit.jupiter.engine.descriptor.TestMethodTestDescriptor.execute(TestMethodTestDescriptor.java:131)
05k	at org.junit.jupiter.engine.descriptor.TestMethodTestDescriptor.execute(TestMethodTestDescriptor.java:65)
05s	at org.junit.platform.engine.support.hierarchical.NodeTestTask.lambda$executeRecursively$5(NodeTestTask.java:139)
05j	at org.junit.platform.engine.support.hierarchical.ThrowableCollector.execute(ThrowableCollector.java:73)
05s	at org.junit.platform.engine.support.hierarchical.NodeTestTask.lambda$executeRecursively$7(NodeTestTask.java:129)
05N	at org.junit.platform.engine.support.hierarchical.Node.around(Node.java:137)
05s	at org.junit.platform.engine.support.hierarchical.NodeTestTask.lambda$executeRecursively$8(NodeTestTask.java:127)
05j	at org.junit.platform.engine.support.hierarchical.ThrowableCollector.execute(ThrowableCollector.java:73)
05j	at org.junit.platform.engine.support.hierarchical.NodeTestTask.executeRecursively(NodeTestTask.java:126)
05^	at org.junit.platform.engine.support.hierarchical.NodeTestTask.execute(NodeTestTask.java:84)
05?	at java.base/java.util.ArrayList.forEach(ArrayList.java:1541)
05ö	at org.junit.platform.engine.support.hierarchical.SameThreadHierarchicalTestExecutorService.invokeAll(SameThreadHierarchicalTestExecutorService.java:38)
05s	at org.junit.platform.engine.support.hierarchical.NodeTestTask.lambda$executeRecursively$5(NodeTestTask.java:143)
05j	at org.junit.platform.engine.support.hierarchical.ThrowableCollector.execute(ThrowableCollector.java:73)
05s	at org.junit.platform.engine.support.hierarchical.NodeTestTask.lambda$executeRecursively$7(NodeTestTask.java:129)
05N	at org.junit.platform.engine.support.hierarchical.Node.around(Node.java:137)
05s	at org.junit.platform.engine.support.hierarchical.NodeTestTask.lambda$executeRecursively$8(NodeTestTask.java:127)
05j	at org.junit.platform.engine.support.hierarchical.ThrowableCollector.execute(ThrowableCollector.java:73)
05j	at org.junit.platform.engine.support.hierarchical.NodeTestTask.executeRecursively(NodeTestTask.java:126)
05^	at org.junit.platform.engine.support.hierarchical.NodeTestTask.execute(NodeTestTask.java:84)
05?	at java.base/java.util.ArrayList.forEach(ArrayList.java:1541)
05ö	at org.junit.platform.engine.support.hierarchical.SameThreadHierarchicalTestExecutorService.invokeAll(SameThreadHierarchicalTestExecutorService.java:38)
05s	at org.junit.platform.engine.support.hierarchical.NodeTestTask.lambda$executeRecursively$5(NodeTestTask.java:143)
05j	at org.junit.platform.engine.support.hierarchical.ThrowableCollector.execute(ThrowableCollector.java:73)
05s	at org.junit.platform.engine.support.hierarchical.NodeTestTask.lambda$executeRecursively$7(NodeTestTask.java:129)
05N	at org.junit.platform.engine.support.hierarchical.Node.around(Node.java:137)
05s	at org.junit.platform.engine.support.hierarchical.NodeTestTask.lambda$executeRecursively$8(NodeTestTask.java:127)
05j	at org.junit.platform.engine.support.hierarchical.ThrowableCollector.execute(ThrowableCollector.java:73)
05j	at org.junit.platform.engine.support.hierarchical.NodeTestTask.executeRecursively(NodeTestTask.java:126)
05^	at org.junit.platform.engine.support.hierarchical.NodeTestTask.execute(NodeTestTask.java:84)
05ó	at org.junit.platform.engine.support.hierarchical.SameThreadHierarchicalTestExecutorService.submit(SameThreadHierarchicalTestExecutorService.java:32)
05v	at org.junit.platform.engine.support.hierarchical.HierarchicalTestExecutor.execute(HierarchicalTestExecutor.java:57)
05r	at org.junit.platform.engine.support.hierarchical.HierarchicalTestEngine.execute(HierarchicalTestEngine.java:51)
05o	at org.junit.platform.launcher.core.EngineExecutionOrchestrator.execute(EngineExecutionOrchestrator.java:108)
05n	at org.junit.platform.launcher.core.EngineExecutionOrchestrator.execute(EngineExecutionOrchestrator.java:88)
05w	at org.junit.platform.launcher.core.EngineExecutionOrchestrator.lambda$execute$0(EngineExecutionOrchestrator.java:54)
05}	at org.junit.platform.launcher.core.EngineExecutionOrchestrator.withInterceptedStreams(EngineExecutionOrchestrator.java:67)
05n	at org.junit.platform.launcher.core.EngineExecutionOrchestrator.execute(EngineExecutionOrchestrator.java:52)
05V	at org.junit.platform.launcher.core.DefaultLauncher.execute(DefaultLauncher.java:96)
05V	at org.junit.platform.launcher.core.DefaultLauncher.execute(DefaultLauncher.java:75)
05µ	at org.gradle.api.internal.tasks.testing.junitplatform.JUnitPlatformTestClassProcessor$CollectAllTestClassesExecutor.processAllTestClasses(JUnitPlatformTestClassProcessor.java:99)
05™	at org.gradle.api.internal.tasks.testing.junitplatform.JUnitPlatformTestClassProcessor$CollectAllTestClassesExecutor.access$000(JUnitPlatformTestClassProcessor.java:79)
05Ü	at org.gradle.api.internal.tasks.testing.junitplatform.JUnitPlatformTestClassProcessor.stop(JUnitPlatformTestClassProcessor.java:75)
05h	at org.gradle.api.internal.tasks.testing.SuiteTestClassProcessor.stop(SuiteTestClassProcessor.java:61)
05S	at java.base/jdk.internal.reflect.NativeMethodAccessorImpl.invoke0(Native Method)
05e	at java.base/jdk.internal.reflect.NativeMethodAccessorImpl.invoke(NativeMethodAccessorImpl.java:62)
05m	at java.base/jdk.internal.reflect.DelegatingMethodAccessorImpl.invoke(DelegatingMethodAccessorImpl.java:43)
05?	at java.base/java.lang.reflect.Method.invoke(Method.java:566)
05Y	at org.gradle.internal.dispatch.ReflectionDispatch.dispatch(ReflectionDispatch.java:36)
05Y	at org.gradle.internal.dispatch.ReflectionDispatch.dispatch(ReflectionDispatch.java:24)
05i	at org.gradle.internal.dispatch.ContextClassLoaderDispatch.dispatch(ContextClassLoaderDispatch.java:33)
05x	at org.gradle.internal.dispatch.ProxyDispatchAdapter$DispatchingInvocationHandler.invoke(ProxyDispatchAdapter.java:94)
05/	at com.sun.proxy.$Proxy5.stop(Unknown Source)
05V	at org.gradle.api.internal.tasks.testing.worker.TestWorker.stop(TestWorker.java:133)
05S	at java.base/jdk.internal.reflect.NativeMethodAccessorImpl.invoke0(Native Method)
05e	at java.base/jdk.internal.reflect.NativeMethodAccessorImpl.invoke(NativeMethodAccessorImpl.java:62)
05m	at java.base/jdk.internal.reflect.DelegatingMethodAccessorImpl.invoke(DelegatingMethodAccessorImpl.java:43)
05?	at java.base/java.lang.reflect.Method.invoke(Method.java:566)
05Y	at org.gradle.internal.dispatch.ReflectionDispatch.dispatch(ReflectionDispatch.java:36)
05Y	at org.gradle.internal.dispatch.ReflectionDispatch.dispatch(ReflectionDispatch.java:24)
05ë	at org.gradle.internal.remote.internal.hub.MessageHubBackedObjectConnection$DispatchWrapper.dispatch(MessageHubBackedObjectConnection.java:182)
05ë	at org.gradle.internal.remote.internal.hub.MessageHubBackedObjectConnection$DispatchWrapper.dispatch(MessageHubBackedObjectConnection.java:164)
05X	at org.gradle.internal.remote.internal.hub.MessageHub$Handler.run(MessageHub.java:414)
05k	at org.gradle.internal.concurrent.ExecutorPolicy$CatchAndRecordFailures.onExecute(ExecutorPolicy.java:64)
05Z	at org.gradle.internal.concurrent.ManagedExecutorImpl$1.run(ManagedExecutorImpl.java:48)
05^	at java.base/java.util.concurrent.ThreadPoolExecutor.runWorker(ThreadPoolExecutor.java:1128)
05^	at java.base/java.util.concurrent.ThreadPoolExecutor$Worker.run(ThreadPoolExecutor.java:628)
05j	at org.gradle.internal.concurrent.ThreadFactoryImpl$ManagedThreadRunnable.run(ThreadFactoryImpl.java:56)
054	at java.base/java.lang.Thread.run(Thread.java:834)
05~09:40:52.107 [Test worker] INFO reactor.Flux.MapFuseable.44 - | onSubscribe([Fuseable] FluxMapFuseable.MapFuseableSubscriber)
05S09:40:52.108 [Test worker] INFO reactor.Flux.MapFuseable.44 - | request(unbounded)
05J09:40:52.108 [Test worker] INFO reactor.Flux.MapFuseable.44 - | onNext(1)
05K09:40:52.108 [Test worker] INFO reactor.Flux.MapFuseable.44 - | onNext(23)
05M09:40:52.108 [Test worker] INFO reactor.Flux.MapFuseable.44 - | onNext(3456)
05É09:40:52.108 [Test worker] ERROR reactor.Flux.MapFuseable.44 - | onError(java.lang.NumberFormatException: For input string: "98a")
05@09:40:52.108 [Test worker] ERROR reactor.Flux.MapFuseable.44 - 
059java.lang.NumberFormatException: For input string: "98a"
05\	at java.base/java.lang.NumberFormatException.forInputString(NumberFormatException.java:65)
05;	at java.base/java.lang.Integer.parseInt(Integer.java:652)
05;	at java.base/java.lang.Integer.parseInt(Integer.java:770)
05ì	at com.github.felipegutierrez.explore.basics.FluxAndMonoBasics.lambda$createFluxWithoutSubscribeConverterStringToInt$9(FluxAndMonoBasics.java:87)
05b	at reactor.core.publisher.FluxMapFuseable$MapFuseableSubscriber.onNext(FluxMapFuseable.java:113)
05T	at reactor.core.publisher.FluxArray$ArraySubscription.fastPath(FluxArray.java:172)
05R	at reactor.core.publisher.FluxArray$ArraySubscription.request(FluxArray.java:97)
05c	at reactor.core.publisher.FluxMapFuseable$MapFuseableSubscriber.request(FluxMapFuseable.java:169)
05f	at reactor.core.publisher.FluxPeekFuseable$PeekFuseableSubscriber.request(FluxPeekFuseable.java:144)
05v	at reactor.test.DefaultStepVerifierBuilder$DefaultVerifySubscriber.onSubscribe(DefaultStepVerifierBuilder.java:1124)
05j	at reactor.core.publisher.FluxPeekFuseable$PeekFuseableSubscriber.onSubscribe(FluxPeekFuseable.java:178)
05f	at reactor.core.publisher.FluxMapFuseable$MapFuseableSubscriber.onSubscribe(FluxMapFuseable.java:96)
05B	at reactor.core.publisher.FluxArray.subscribe(FluxArray.java:53)
05B	at reactor.core.publisher.FluxArray.subscribe(FluxArray.java:59)
05:	at reactor.core.publisher.Flux.subscribe(Flux.java:8095)
05|	at reactor.test.DefaultStepVerifierBuilder$DefaultStepVerifier.toVerifierAndSubscribe(DefaultStepVerifierBuilder.java:868)
05l	at reactor.test.DefaultStepVerifierBuilder$DefaultStepVerifier.verify(DefaultStepVerifierBuilder.java:824)
05l	at reactor.test.DefaultStepVerifierBuilder$DefaultStepVerifier.verify(DefaultStepVerifierBuilder.java:816)
05ã	at com.github.felipegutierrez.explore.basics.FluxAndMonoBasicsTest.testCreateFluxConverterHandleException(FluxAndMonoBasicsTest.java:128)
05S	at java.base/jdk.internal.reflect.NativeMethodAccessorImpl.invoke0(Native Method)
05e	at java.base/jdk.internal.reflect.NativeMethodAccessorImpl.invoke(NativeMethodAccessorImpl.java:62)
05m	at java.base/jdk.internal.reflect.DelegatingMethodAccessorImpl.invoke(DelegatingMethodAccessorImpl.java:43)
05?	at java.base/java.lang.reflect.Method.invoke(Method.java:566)
05[	at org.junit.platform.commons.util.ReflectionUtils.invokeMethod(ReflectionUtils.java:688)
05Z	at org.junit.jupiter.engine.execution.MethodInvocation.proceed(MethodInvocation.java:60)
05Ñ	at org.junit.jupiter.engine.execution.InvocationInterceptorChain$ValidatingInvocation.proceed(InvocationInterceptorChain.java:131)
05]	at org.junit.jupiter.engine.extension.TimeoutExtension.intercept(TimeoutExtension.java:149)
05k	at org.junit.jupiter.engine.extension.TimeoutExtension.interceptTestableMethod(TimeoutExtension.java:140)
05f	at org.junit.jupiter.engine.extension.TimeoutExtension.interceptTestMethod(TimeoutExtension.java:84)
05Ö	at org.junit.jupiter.engine.execution.ExecutableInvoker$ReflectiveInterceptorCall.lambda$ofVoidMethod$0(ExecutableInvoker.java:115)
05e	at org.junit.jupiter.engine.execution.ExecutableInvoker.lambda$invoke$0(ExecutableInvoker.java:105)
05Ö	at org.junit.jupiter.engine.execution.InvocationInterceptorChain$InterceptedInvocation.proceed(InvocationInterceptorChain.java:106)
05n	at org.junit.jupiter.engine.execution.InvocationInterceptorChain.proceed(InvocationInterceptorChain.java:64)
05u	at org.junit.jupiter.engine.execution.InvocationInterceptorChain.chainAndInvoke(InvocationInterceptorChain.java:45)
05m	at org.junit.jupiter.engine.execution.InvocationInterceptorChain.invoke(InvocationInterceptorChain.java:37)
05\	at org.junit.jupiter.engine.execution.ExecutableInvoker.invoke(ExecutableInvoker.java:104)
05[	at org.junit.jupiter.engine.execution.ExecutableInvoker.invoke(ExecutableInvoker.java:98)
05~	at org.junit.jupiter.engine.descriptor.TestMethodTestDescriptor.lambda$invokeTestMethod$6(TestMethodTestDescriptor.java:210)
05j	at org.junit.platform.engine.support.hierarchical.ThrowableCollector.execute(ThrowableCollector.java:73)
05u	at org.junit.jupiter.engine.descriptor.TestMethodTestDescriptor.invokeTestMethod(TestMethodTestDescriptor.java:206)
05l	at org.junit.jupiter.engine.descriptor.TestMethodTestDescriptor.execute(TestMethodTestDescriptor.java:131)
05k	at org.junit.jupiter.engine.descriptor.TestMethodTestDescriptor.execute(TestMethodTestDescriptor.java:65)
05s	at org.junit.platform.engine.support.hierarchical.NodeTestTask.lambda$executeRecursively$5(NodeTestTask.java:139)
05j	at org.junit.platform.engine.support.hierarchical.ThrowableCollector.execute(ThrowableCollector.java:73)
05s	at org.junit.platform.engine.support.hierarchical.NodeTestTask.lambda$executeRecursively$7(NodeTestTask.java:129)
05N	at org.junit.platform.engine.support.hierarchical.Node.around(Node.java:137)
05s	at org.junit.platform.engine.support.hierarchical.NodeTestTask.lambda$executeRecursively$8(NodeTestTask.java:127)
05j	at org.junit.platform.engine.support.hierarchical.ThrowableCollector.execute(ThrowableCollector.java:73)
05j	at org.junit.platform.engine.support.hierarchical.NodeTestTask.executeRecursively(NodeTestTask.java:126)
05^	at org.junit.platform.engine.support.hierarchical.NodeTestTask.execute(NodeTestTask.java:84)
05?	at java.base/java.util.ArrayList.forEach(ArrayList.java:1541)
05ö	at org.junit.platform.engine.support.hierarchical.SameThreadHierarchicalTestExecutorService.invokeAll(SameThreadHierarchicalTestExecutorService.java:38)
05s	at org.junit.platform.engine.support.hierarchical.NodeTestTask.lambda$executeRecursively$5(NodeTestTask.java:143)
05j	at org.junit.platform.engine.support.hierarchical.ThrowableCollector.execute(ThrowableCollector.java:73)
05s	at org.junit.platform.engine.support.hierarchical.NodeTestTask.lambda$executeRecursively$7(NodeTestTask.java:129)
05N	at org.junit.platform.engine.support.hierarchical.Node.around(Node.java:137)
05s	at org.junit.platform.engine.support.hierarchical.NodeTestTask.lambda$executeRecursively$8(NodeTestTask.java:127)
05j	at org.junit.platform.engine.support.hierarchical.ThrowableCollector.execute(ThrowableCollector.java:73)
05j	at org.junit.platform.engine.support.hierarchical.NodeTestTask.executeRecursively(NodeTestTask.java:126)
05^	at org.junit.platform.engine.support.hierarchical.NodeTestTask.execute(NodeTestTask.java:84)
05?	at java.base/java.util.ArrayList.forEach(ArrayList.java:1541)
05ö	at org.junit.platform.engine.support.hierarchical.SameThreadHierarchicalTestExecutorService.invokeAll(SameThreadHierarchicalTestExecutorService.java:38)
05s	at org.junit.platform.engine.support.hierarchical.NodeTestTask.lambda$executeRecursively$5(NodeTestTask.java:143)
05j	at org.junit.platform.engine.support.hierarchical.ThrowableCollector.execute(ThrowableCollector.java:73)
05s	at org.junit.platform.engine.support.hierarchical.NodeTestTask.lambda$executeRecursively$7(NodeTestTask.java:129)
05N	at org.junit.platform.engine.support.hierarchical.Node.around(Node.java:137)
05s	at org.junit.platform.engine.support.hierarchical.NodeTestTask.lambda$executeRecursively$8(NodeTestTask.java:127)
05j	at org.junit.platform.engine.support.hierarchical.ThrowableCollector.execute(ThrowableCollector.java:73)
05j	at org.junit.platform.engine.support.hierarchical.NodeTestTask.executeRecursively(NodeTestTask.java:126)
05^	at org.junit.platform.engine.support.hierarchical.NodeTestTask.execute(NodeTestTask.java:84)
05ó	at org.junit.platform.engine.support.hierarchical.SameThreadHierarchicalTestExecutorService.submit(SameThreadHierarchicalTestExecutorService.java:32)
05v	at org.junit.platform.engine.support.hierarchical.HierarchicalTestExecutor.execute(HierarchicalTestExecutor.java:57)
05r	at org.junit.platform.engine.support.hierarchical.HierarchicalTestEngine.execute(HierarchicalTestEngine.java:51)
05o	at org.junit.platform.launcher.core.EngineExecutionOrchestrator.execute(EngineExecutionOrchestrator.java:108)
05n	at org.junit.platform.launcher.core.EngineExecutionOrchestrator.execute(EngineExecutionOrchestrator.java:88)
05w	at org.junit.platform.launcher.core.EngineExecutionOrchestrator.lambda$execute$0(EngineExecutionOrchestrator.java:54)
05}	at org.junit.platform.launcher.core.EngineExecutionOrchestrator.withInterceptedStreams(EngineExecutionOrchestrator.java:67)
05n	at org.junit.platform.launcher.core.EngineExecutionOrchestrator.execute(EngineExecutionOrchestrator.java:52)
05V	at org.junit.platform.launcher.core.DefaultLauncher.execute(DefaultLauncher.java:96)
05V	at org.junit.platform.launcher.core.DefaultLauncher.execute(DefaultLauncher.java:75)
05µ	at org.gradle.api.internal.tasks.testing.junitplatform.JUnitPlatformTestClassProcessor$CollectAllTestClassesExecutor.processAllTestClasses(JUnitPlatformTestClassProcessor.java:99)
05™	at org.gradle.api.internal.tasks.testing.junitplatform.JUnitPlatformTestClassProcessor$CollectAllTestClassesExecutor.access$000(JUnitPlatformTestClassProcessor.java:79)
05Ü	at org.gradle.api.internal.tasks.testing.junitplatform.JUnitPlatformTestClassProcessor.stop(JUnitPlatformTestClassProcessor.java:75)
05h	at org.gradle.api.internal.tasks.testing.SuiteTestClassProcessor.stop(SuiteTestClassProcessor.java:61)
05S	at java.base/jdk.internal.reflect.NativeMethodAccessorImpl.invoke0(Native Method)
05e	at java.base/jdk.internal.reflect.NativeMethodAccessorImpl.invoke(NativeMethodAccessorImpl.java:62)
05m	at java.base/jdk.internal.reflect.DelegatingMethodAccessorImpl.invoke(DelegatingMethodAccessorImpl.java:43)
05?	at java.base/java.lang.reflect.Method.invoke(Method.java:566)
05Y	at org.gradle.internal.dispatch.ReflectionDispatch.dispatch(ReflectionDispatch.java:36)
05Y	at org.gradle.internal.dispatch.ReflectionDispatch.dispatch(ReflectionDispatch.java:24)
05i	at org.gradle.internal.dispatch.ContextClassLoaderDispatch.dispatch(ContextClassLoaderDispatch.java:33)
05x	at org.gradle.internal.dispatch.ProxyDispatchAdapter$DispatchingInvocationHandler.invoke(ProxyDispatchAdapter.java:94)
05/	at com.sun.proxy.$Proxy5.stop(Unknown Source)
05V	at org.gradle.api.internal.tasks.testing.worker.TestWorker.stop(TestWorker.java:133)
05S	at java.base/jdk.internal.reflect.NativeMethodAccessorImpl.invoke0(Native Method)
05e	at java.base/jdk.internal.reflect.NativeMethodAccessorImpl.invoke(NativeMethodAccessorImpl.java:62)
05m	at java.base/jdk.internal.reflect.DelegatingMethodAccessorImpl.invoke(DelegatingMethodAccessorImpl.java:43)
05?	at java.base/java.lang.reflect.Method.invoke(Method.java:566)
05Y	at org.gradle.internal.dispatch.ReflectionDispatch.dispatch(ReflectionDispatch.java:36)
05Y	at org.gradle.internal.dispatch.ReflectionDispatch.dispatch(ReflectionDispatch.java:24)
05ë	at org.gradle.internal.remote.internal.hub.MessageHubBackedObjectConnection$DispatchWrapper.dispatch(MessageHubBackedObjectConnection.java:182)
05ë	at org.gradle.internal.remote.internal.hub.MessageHubBackedObjectConnection$DispatchWrapper.dispatch(MessageHubBackedObjectConnection.java:164)
05X	at org.gradle.internal.remote.internal.hub.MessageHub$Handler.run(MessageHub.java:414)
05k	at org.gradle.internal.concurrent.ExecutorPolicy$CatchAndRecordFailures.onExecute(ExecutorPolicy.java:64)
05Z	at org.gradle.internal.concurrent.ManagedExecutorImpl$1.run(ManagedExecutorImpl.java:48)
05^	at java.base/java.util.concurrent.ThreadPoolExecutor.runWorker(ThreadPoolExecutor.java:1128)
05^	at java.base/java.util.concurrent.ThreadPoolExecutor$Worker.run(ThreadPoolExecutor.java:628)
05j	at org.gradle.internal.concurrent.ThreadFactoryImpl$ManagedThreadRunnable.run(ThreadFactoryImpl.java:56)
054	at java.base/java.lang.Thread.run(Thread.java:834)
05~09:40:52.110 [Test worker] INFO reactor.Flux.MapFuseable.44 - | onSubscribe([Fuseable] FluxMapFuseable.MapFuseableSubscriber)
05S09:40:52.110 [Test worker] INFO reactor.Flux.MapFuseable.44 - | request(unbounded)
05J09:40:52.110 [Test worker] INFO reactor.Flux.MapFuseable.44 - | onNext(1)
05K09:40:52.110 [Test worker] INFO reactor.Flux.MapFuseable.44 - | onNext(23)
05M09:40:52.111 [Test worker] INFO reactor.Flux.MapFuseable.44 - | onNext(3456)
05É09:40:52.111 [Test worker] ERROR reactor.Flux.MapFuseable.44 - | onError(java.lang.NumberFormatException: For input string: "98a")
05@09:40:52.111 [Test worker] ERROR reactor.Flux.MapFuseable.44 - 
059java.lang.NumberFormatException: For input string: "98a"
05\	at java.base/java.lang.NumberFormatException.forInputString(NumberFormatException.java:65)
05;	at java.base/java.lang.Integer.parseInt(Integer.java:652)
05;	at java.base/java.lang.Integer.parseInt(Integer.java:770)
05ì	at com.github.felipegutierrez.explore.basics.FluxAndMonoBasics.lambda$createFluxWithoutSubscribeConverterStringToInt$9(FluxAndMonoBasics.java:87)
05b	at reactor.core.publisher.FluxMapFuseable$MapFuseableSubscriber.onNext(FluxMapFuseable.java:113)
05T	at reactor.core.publisher.FluxArray$ArraySubscription.fastPath(FluxArray.java:172)
05R	at reactor.core.publisher.FluxArray$ArraySubscription.request(FluxArray.java:97)
05c	at reactor.core.publisher.FluxMapFuseable$MapFuseableSubscriber.request(FluxMapFuseable.java:169)
05f	at reactor.core.publisher.FluxPeekFuseable$PeekFuseableSubscriber.request(FluxPeekFuseable.java:144)
05v	at reactor.test.DefaultStepVerifierBuilder$DefaultVerifySubscriber.onSubscribe(DefaultStepVerifierBuilder.java:1124)
05j	at reactor.core.publisher.FluxPeekFuseable$PeekFuseableSubscriber.onSubscribe(FluxPeekFuseable.java:178)
05f	at reactor.core.publisher.FluxMapFuseable$MapFuseableSubscriber.onSubscribe(FluxMapFuseable.java:96)
05B	at reactor.core.publisher.FluxArray.subscribe(FluxArray.java:53)
05B	at reactor.core.publisher.FluxArray.subscribe(FluxArray.java:59)
05:	at reactor.core.publisher.Flux.subscribe(Flux.java:8095)
05|	at reactor.test.DefaultStepVerifierBuilder$DefaultStepVerifier.toVerifierAndSubscribe(DefaultStepVerifierBuilder.java:868)
05l	at reactor.test.DefaultStepVerifierBuilder$DefaultStepVerifier.verify(DefaultStepVerifierBuilder.java:824)
05l	at reactor.test.DefaultStepVerifierBuilder$DefaultStepVerifier.verify(DefaultStepVerifierBuilder.java:816)
05ã	at com.github.felipegutierrez.explore.basics.FluxAndMonoBasicsTest.testCreateFluxConverterHandleException(FluxAndMonoBasicsTest.java:133)
05S	at java.base/jdk.internal.reflect.NativeMethodAccessorImpl.invoke0(Native Method)
05e	at java.base/jdk.internal.reflect.NativeMethodAccessorImpl.invoke(NativeMethodAccessorImpl.java:62)
05m	at java.base/jdk.internal.reflect.DelegatingMethodAccessorImpl.invoke(DelegatingMethodAccessorImpl.java:43)
05?	at java.base/java.lang.reflect.Method.invoke(Method.java:566)
05[	at org.junit.platform.commons.util.ReflectionUtils.invokeMethod(ReflectionUtils.java:688)
05Z	at org.junit.jupiter.engine.execution.MethodInvocation.proceed(MethodInvocation.java:60)
05Ñ	at org.junit.jupiter.engine.execution.InvocationInterceptorChain$ValidatingInvocation.proceed(InvocationInterceptorChain.java:131)
05]	at org.junit.jupiter.engine.extension.TimeoutExtension.intercept(TimeoutExtension.java:149)
05k	at org.junit.jupiter.engine.extension.TimeoutExtension.interceptTestableMethod(TimeoutExtension.java:140)
05f	at org.junit.jupiter.engine.extension.TimeoutExtension.interceptTestMethod(TimeoutExtension.java:84)
05Ö	at org.junit.jupiter.engine.execution.ExecutableInvoker$ReflectiveInterceptorCall.lambda$ofVoidMethod$0(ExecutableInvoker.java:115)
05e	at org.junit.jupiter.engine.execution.ExecutableInvoker.lambda$invoke$0(ExecutableInvoker.java:105)
05Ö	at org.junit.jupiter.engine.execution.InvocationInterceptorChain$InterceptedInvocation.proceed(InvocationInterceptorChain.java:106)
05n	at org.junit.jupiter.engine.execution.InvocationInterceptorChain.proceed(InvocationInterceptorChain.java:64)
05u	at org.junit.jupiter.engine.execution.InvocationInterceptorChain.chainAndInvoke(InvocationInterceptorChain.java:45)
05m	at org.junit.jupiter.engine.execution.InvocationInterceptorChain.invoke(InvocationInterceptorChain.java:37)
05\	at org.junit.jupiter.engine.execution.ExecutableInvoker.invoke(ExecutableInvoker.java:104)
05[	at org.junit.jupiter.engine.execution.ExecutableInvoker.invoke(ExecutableInvoker.java:98)
05~	at org.junit.jupiter.engine.descriptor.TestMethodTestDescriptor.lambda$invokeTestMethod$6(TestMethodTestDescriptor.java:210)
05j	at org.junit.platform.engine.support.hierarchical.ThrowableCollector.execute(ThrowableCollector.java:73)
05u	at org.junit.jupiter.engine.descriptor.TestMethodTestDescriptor.invokeTestMethod(TestMethodTestDescriptor.java:206)
05l	at org.junit.jupiter.engine.descriptor.TestMethodTestDescriptor.execute(TestMethodTestDescriptor.java:131)
05k	at org.junit.jupiter.engine.descriptor.TestMethodTestDescriptor.execute(TestMethodTestDescriptor.java:65)
05s	at org.junit.platform.engine.support.hierarchical.NodeTestTask.lambda$executeRecursively$5(NodeTestTask.java:139)
05j	at org.junit.platform.engine.support.hierarchical.ThrowableCollector.execute(ThrowableCollector.java:73)
05s	at org.junit.platform.engine.support.hierarchical.NodeTestTask.lambda$executeRecursively$7(NodeTestTask.java:129)
05N	at org.junit.platform.engine.support.hierarchical.Node.around(Node.java:137)
05s	at org.junit.platform.engine.support.hierarchical.NodeTestTask.lambda$executeRecursively$8(NodeTestTask.java:127)
05j	at org.junit.platform.engine.support.hierarchical.ThrowableCollector.execute(ThrowableCollector.java:73)
05j	at org.junit.platform.engine.support.hierarchical.NodeTestTask.executeRecursively(NodeTestTask.java:126)
05^	at org.junit.platform.engine.support.hierarchical.NodeTestTask.execute(NodeTestTask.java:84)
05?	at java.base/java.util.ArrayList.forEach(ArrayList.java:1541)
05ö	at org.junit.platform.engine.support.hierarchical.SameThreadHierarchicalTestExecutorService.invokeAll(SameThreadHierarchicalTestExecutorService.java:38)
05s	at org.junit.platform.engine.support.hierarchical.NodeTestTask.lambda$executeRecursively$5(NodeTestTask.java:143)
05j	at org.junit.platform.engine.support.hierarchical.ThrowableCollector.execute(ThrowableCollector.java:73)
05s	at org.junit.platform.engine.support.hierarchical.NodeTestTask.lambda$executeRecursively$7(NodeTestTask.java:129)
05N	at org.junit.platform.engine.support.hierarchical.Node.around(Node.java:137)
05s	at org.junit.platform.engine.support.hierarchical.NodeTestTask.lambda$executeRecursively$8(NodeTestTask.java:127)
05j	at org.junit.platform.engine.support.hierarchical.ThrowableCollector.execute(ThrowableCollector.java:73)
05j	at org.junit.platform.engine.support.hierarchical.NodeTestTask.executeRecursively(NodeTestTask.java:126)
05^	at org.junit.platform.engine.support.hierarchical.NodeTestTask.execute(NodeTestTask.java:84)
05?	at java.base/java.util.ArrayList.forEach(ArrayList.java:1541)
05ö	at org.junit.platform.engine.support.hierarchical.SameThreadHierarchicalTestExecutorService.invokeAll(SameThreadHierarchicalTestExecutorService.java:38)
05s	at org.junit.platform.engine.support.hierarchical.NodeTestTask.lambda$executeRecursively$5(NodeTestTask.java:143)
05j	at org.junit.platform.engine.support.hierarchical.ThrowableCollector.execute(ThrowableCollector.java:73)
05s	at org.junit.platform.engine.support.hierarchical.NodeTestTask.lambda$executeRecursively$7(NodeTestTask.java:129)
05N	at org.junit.platform.engine.support.hierarchical.Node.around(Node.java:137)
05s	at org.junit.platform.engine.support.hierarchical.NodeTestTask.lambda$executeRecursively$8(NodeTestTask.java:127)
05j	at org.junit.platform.engine.support.hierarchical.ThrowableCollector.execute(ThrowableCollector.java:73)
05j	at org.junit.platform.engine.support.hierarchical.NodeTestTask.executeRecursively(NodeTestTask.java:126)
05^	at org.junit.platform.engine.support.hierarchical.NodeTestTask.execute(NodeTestTask.java:84)
05ó	at org.junit.platform.engine.support.hierarchical.SameThreadHierarchicalTestExecutorService.submit(SameThreadHierarchicalTestExecutorService.java:32)
05v	at org.junit.platform.engine.support.hierarchical.HierarchicalTestExecutor.execute(HierarchicalTestExecutor.java:57)
05r	at org.junit.platform.engine.support.hierarchical.HierarchicalTestEngine.execute(HierarchicalTestEngine.java:51)
05o	at org.junit.platform.launcher.core.EngineExecutionOrchestrator.execute(EngineExecutionOrchestrator.java:108)
05n	at org.junit.platform.launcher.core.EngineExecutionOrchestrator.execute(EngineExecutionOrchestrator.java:88)
05w	at org.junit.platform.launcher.core.EngineExecutionOrchestrator.lambda$execute$0(EngineExecutionOrchestrator.java:54)
05}	at org.junit.platform.launcher.core.EngineExecutionOrchestrator.withInterceptedStreams(EngineExecutionOrchestrator.java:67)
05n	at org.junit.platform.launcher.core.EngineExecutionOrchestrator.execute(EngineExecutionOrchestrator.java:52)
05V	at org.junit.platform.launcher.core.DefaultLauncher.execute(DefaultLauncher.java:96)
05V	at org.junit.platform.launcher.core.DefaultLauncher.execute(DefaultLauncher.java:75)
05µ	at org.gradle.api.internal.tasks.testing.junitplatform.JUnitPlatformTestClassProcessor$CollectAllTestClassesExecutor.processAllTestClasses(JUnitPlatformTestClassProcessor.java:99)
05™	at org.gradle.api.internal.tasks.testing.junitplatform.JUnitPlatformTestClassProcessor$CollectAllTestClassesExecutor.access$000(JUnitPlatformTestClassProcessor.java:79)
05Ü	at org.gradle.api.internal.tasks.testing.junitplatform.JUnitPlatformTestClassProcessor.stop(JUnitPlatformTestClassProcessor.java:75)
05h	at org.gradle.api.internal.tasks.testing.SuiteTestClassProcessor.stop(SuiteTestClassProcessor.java:61)
05S	at java.base/jdk.internal.reflect.NativeMethodAccessorImpl.invoke0(Native Method)
05e	at java.base/jdk.internal.reflect.NativeMethodAccessorImpl.invoke(NativeMethodAccessorImpl.java:62)
05m	at java.base/jdk.internal.reflect.DelegatingMethodAccessorImpl.invoke(DelegatingMethodAccessorImpl.java:43)
05?	at java.base/java.lang.reflect.Method.invoke(Method.java:566)
05Y	at org.gradle.internal.dispatch.ReflectionDispatch.dispatch(ReflectionDispatch.java:36)
05Y	at org.gradle.internal.dispatch.ReflectionDispatch.dispatch(ReflectionDispatch.java:24)
05i	at org.gradle.internal.dispatch.ContextClassLoaderDispatch.dispatch(ContextClassLoaderDispatch.java:33)
05x	at org.gradle.internal.dispatch.ProxyDispatchAdapter$DispatchingInvocationHandler.invoke(ProxyDispatchAdapter.java:94)
05/	at com.sun.proxy.$Proxy5.stop(Unknown Source)
05V	at org.gradle.api.internal.tasks.testing.worker.TestWorker.stop(TestWorker.java:133)
05S	at java.base/jdk.internal.reflect.NativeMethodAccessorImpl.invoke0(Native Method)
05e	at java.base/jdk.internal.reflect.NativeMethodAccessorImpl.invoke(NativeMethodAccessorImpl.java:62)
05m	at java.base/jdk.internal.reflect.DelegatingMethodAccessorImpl.invoke(DelegatingMethodAccessorImpl.java:43)
05?	at java.base/java.lang.reflect.Method.invoke(Method.java:566)
05Y	at org.gradle.internal.dispatch.ReflectionDispatch.dispatch(ReflectionDispatch.java:36)
05Y	at org.gradle.internal.dispatch.ReflectionDispatch.dispatch(ReflectionDispatch.java:24)
05ë	at org.gradle.internal.remote.internal.hub.MessageHubBackedObjectConnection$DispatchWrapper.dispatch(MessageHubBackedObjectConnection.java:182)
05ë	at org.gradle.internal.remote.internal.hub.MessageHubBackedObjectConnection$DispatchWrapper.dispatch(MessageHubBackedObjectConnection.java:164)
05X	at org.gradle.internal.remote.internal.hub.MessageHub$Handler.run(MessageHub.java:414)
05k	at org.gradle.internal.concurrent.ExecutorPolicy$CatchAndRecordFailures.onExecute(ExecutorPolicy.java:64)
05Z	at org.gradle.internal.concurrent.ManagedExecutorImpl$1.run(ManagedExecutorImpl.java:48)
05^	at java.base/java.util.concurrent.ThreadPoolExecutor.runWorker(ThreadPoolExecutor.java:1128)
05^	at java.base/java.util.concurrent.ThreadPoolExecutor$Worker.run(ThreadPoolExecutor.java:628)
05j	at org.gradle.internal.concurrent.ThreadFactoryImpl$ManagedThreadRunnable.run(ThreadFactoryImpl.java:56)
054	at java.base/java.lang.Thread.run(Thread.java:834)
06q09:40:52.131 [Test worker] INFO reactor.Flux.ConcatArray.45 - onSubscribe(FluxConcatArray.ConcatArraySubscriber)
06Q09:40:52.131 [Test worker] INFO reactor.Flux.ConcatArray.45 - request(unbounded)
06M09:40:52.131 [Test worker] INFO reactor.Flux.ConcatArray.45 - onNext(Spring)
06R09:40:52.131 [Test worker] INFO reactor.Flux.ConcatArray.45 - onNext(Spring Boot)
06V09:40:52.131 [Test worker] INFO reactor.Flux.ConcatArray.45 - onNext(Reactive Spring)
06[09:40:52.131 [Test worker] INFO reactor.Flux.ConcatArray.45 - onNext(Flux can concatenate)
06^09:40:52.131 [Test worker] INFO reactor.Flux.ConcatArray.45 - onNext(Java is also functional)
06K09:40:52.131 [Test worker] INFO reactor.Flux.ConcatArray.45 - onComplete()
07z09:40:52.134 [Test worker] INFO reactor.Flux.Array.46 - | onSubscribe([Synchronous Fuseable] FluxArray.ArraySubscription)
07M09:40:52.134 [Test worker] INFO reactor.Flux.Array.46 - | request(unbounded)
07I09:40:52.134 [Test worker] INFO reactor.Flux.Array.46 - | onNext(Spring)
07N09:40:52.134 [Test worker] INFO reactor.Flux.Array.46 - | onNext(Spring Boot)
07R09:40:52.134 [Test worker] INFO reactor.Flux.Array.46 - | onNext(Reactive Spring)
07G09:40:52.134 [Test worker] INFO reactor.Flux.Array.46 - | onComplete()
08~09:40:52.137 [Test worker] INFO reactor.Mono.MapFuseable.47 - | onSubscribe([Fuseable] FluxMapFuseable.MapFuseableSubscriber)
08S09:40:52.137 [Test worker] INFO reactor.Mono.MapFuseable.47 - | request(unbounded)
08M09:40:52.137 [Test worker] INFO reactor.Mono.MapFuseable.47 - | onNext(1258)
08M09:40:52.137 [Test worker] INFO reactor.Mono.MapFuseable.47 - | onComplete()
08~09:40:52.137 [Test worker] INFO reactor.Mono.MapFuseable.47 - | onSubscribe([Fuseable] FluxMapFuseable.MapFuseableSubscriber)
08S09:40:52.138 [Test worker] INFO reactor.Mono.MapFuseable.47 - | request(unbounded)
08M09:40:52.138 [Test worker] INFO reactor.Mono.MapFuseable.47 - | onNext(1258)
08M09:40:52.138 [Test worker] INFO reactor.Mono.MapFuseable.47 - | onComplete()
:9z09:40:52.146 [Test worker] INFO reactor.Flux.Range.48 - | onSubscribe([Synchronous Fuseable] FluxRange.RangeSubscription)
:9C09:40:52.147 [Test worker] INFO reactor.Flux.Range.48 - | cancel()
:;z09:40:52.152 [Test worker] INFO reactor.Flux.Range.49 - | onSubscribe([Synchronous Fuseable] FluxRange.RangeSubscription)
:;M09:40:52.152 [Test worker] INFO reactor.Flux.Range.49 - | request(unbounded)
:;D09:40:52.152 [Test worker] INFO reactor.Flux.Range.49 - | onNext(1)
:;E09:40:52.153 [Test worker] INFO reactor.Flux.Range.49 - | request(1)
:;received value: 1
:;D09:40:52.154 [Test worker] INFO reactor.Flux.Range.49 - | onNext(2)
:;E09:40:52.154 [Test worker] INFO reactor.Flux.Range.49 - | request(1)
:;received value: 2
:;D09:40:52.154 [Test worker] INFO reactor.Flux.Range.49 - | onNext(3)
:;E09:40:52.154 [Test worker] INFO reactor.Flux.Range.49 - | request(1)
:;received value: 3
:;D09:40:52.154 [Test worker] INFO reactor.Flux.Range.49 - | onNext(4)
:;E09:40:52.154 [Test worker] INFO reactor.Flux.Range.49 - | request(1)
:;received value: 4
:;C09:40:52.154 [Test worker] INFO reactor.Flux.Range.49 - | cancel()
:<z09:40:52.159 [Test worker] INFO reactor.Flux.Range.50 - | onSubscribe([Synchronous Fuseable] FluxRange.RangeSubscription)
:<E09:40:52.159 [Test worker] INFO reactor.Flux.Range.50 - | request(3)
:<D09:40:52.159 [Test worker] INFO reactor.Flux.Range.50 - | onNext(1)
:<Element is: 1
:<D09:40:52.160 [Test worker] INFO reactor.Flux.Range.50 - | onNext(2)
:<Element is: 2
:<D09:40:52.160 [Test worker] INFO reactor.Flux.Range.50 - | onNext(3)
:<Element is: 3
:=z09:40:52.165 [Test worker] INFO reactor.Flux.Range.51 - | onSubscribe([Synchronous Fuseable] FluxRange.RangeSubscription)
:=E09:40:52.165 [Test worker] INFO reactor.Flux.Range.51 - | request(1)
:=D09:40:52.165 [Test worker] INFO reactor.Flux.Range.51 - | onNext(1)
:=E09:40:52.165 [Test worker] INFO reactor.Flux.Range.51 - | request(1)
:=D09:40:52.165 [Test worker] INFO reactor.Flux.Range.51 - | onNext(2)
:=E09:40:52.165 [Test worker] INFO reactor.Flux.Range.51 - | request(1)
:=D09:40:52.165 [Test worker] INFO reactor.Flux.Range.51 - | onNext(3)
:=C09:40:52.165 [Test worker] INFO reactor.Flux.Range.51 - | cancel()
:=M09:40:52.165 [Test worker] INFO reactor.Flux.Range.51 - | request(unbounded)
